TN:
SF:src/crypto-service.ts
FN:8,(anonymous_0)
FN:24,(anonymous_2)
FN:36,(anonymous_5)
FN:43,(anonymous_8)
FNF:4
FNH:0
FNDA:0,(anonymous_0)
FNDA:0,(anonymous_2)
FNDA:0,(anonymous_5)
FNDA:0,(anonymous_8)
DA:1,0
DA:2,0
DA:8,0
DA:24,0
DA:25,0
DA:26,0
DA:27,0
DA:29,0
DA:36,0
DA:37,0
DA:43,0
DA:44,0
DA:57,0
LF:13
LH:0
BRF:0
BRH:0
end_of_record
TN:
SF:src/helpers.ts
FN:10,isBrowser
FN:14,base58Encode
FN:18,base58Decode
FN:28,(anonymous_3)
FN:36,(anonymous_4)
FN:38,(anonymous_5)
FN:41,(anonymous_6)
FN:43,(anonymous_7)
FNF:8
FNH:0
FNDA:0,isBrowser
FNDA:0,base58Encode
FNDA:0,base58Decode
FNDA:0,(anonymous_3)
FNDA:0,(anonymous_4)
FNDA:0,(anonymous_5)
FNDA:0,(anonymous_6)
FNDA:0,(anonymous_7)
DA:1,0
DA:11,0
DA:15,0
DA:19,0
DA:22,0
DA:24,0
DA:25,0
DA:28,0
DA:29,0
DA:30,0
DA:34,0
DA:36,0
DA:38,0
DA:39,0
DA:41,0
DA:42,0
DA:43,0
DA:46,0
LF:18
LH:0
BRDA:22,0,0,0
BRDA:22,0,1,0
BRF:2
BRH:0
end_of_record
TN:
SF:src/index.ts
FNF:0
FNH:0
DA:1,0
DA:2,0
DA:3,0
DA:4,0
DA:5,0
DA:6,0
DA:7,0
DA:9,0
DA:10,0
DA:11,0
DA:12,0
DA:13,0
DA:14,0
DA:15,0
DA:16,0
DA:17,0
DA:18,0
DA:19,0
DA:20,0
DA:21,0
DA:24,0
DA:25,0
DA:26,0
DA:27,0
DA:28,0
LF:25
LH:0
BRF:0
BRH:0
end_of_record
TN:
SF:src/issuerService.ts
FN:8,(anonymous_0)
FN:13,IssuerService
FNF:2
FNH:0
FNDA:0,(anonymous_0)
FNDA:0,IssuerService
DA:1,0
DA:8,0
DA:15,0
DA:18,0
DA:22,0
LF:5
LH:0
BRF:0
BRH:0
end_of_record
TN:
SF:src/logger.ts
FN:4,disableLogging
FN:5,(anonymous_1)
FN:14,setLogger
FN:20,printErrorMessages
FNF:4
FNH:0
FNDA:0,disableLogging
FNDA:0,(anonymous_1)
FNDA:0,setLogger
FNDA:0,printErrorMessages
DA:1,0
DA:3,0
DA:4,0
DA:5,0
DA:6,0
DA:7,0
DA:8,0
DA:14,0
DA:15,0
DA:18,0
DA:20,0
DA:21,0
LF:12
LH:0
BRDA:6,0,0,0
BRDA:6,0,1,0
BRF:2
BRH:0
end_of_record
TN:
SF:src/verifierService.ts
FN:4,(anonymous_0)
FN:9,VerifierService
FN:17,(anonymous_2)
FNF:3
FNH:0
FNDA:0,(anonymous_0)
FNDA:0,VerifierService
FNDA:0,(anonymous_2)
DA:2,0
DA:4,0
DA:10,0
DA:11,0
DA:13,0
DA:14,0
DA:16,0
DA:17,0
DA:20,0
LF:9
LH:0
BRDA:11,0,0,0
BRDA:11,0,1,0
BRDA:13,1,0,0
BRDA:13,1,1,0
BRF:4
BRH:0
end_of_record
