{"/root/ssi/packages/template-verify/src/did-template-resolver.ts": {"path":"/root/ssi/packages/template-verify/src/did-template-resolver.ts","statementMap":{"0":{"start":{"line":1,"column":0},"end":{"line":1,"column":75}},"1":{"start":{"line":3,"column":0},"end":{"line":3,"column":45}},"2":{"start":{"line":4,"column":0},"end":{"line":4,"column":70}},"3":{"start":{"line":6,"column":0},"end":{"line":6,"column":null}},"4":{"start":{"line":6,"column":41},"end":{"line":6,"column":52}},"5":{"start":{"line":6,"column":0},"end":{"line":6,"column":13}},"6":{"start":{"line":7,"column":12},"end":{"line":7,"column":53}},"7":{"start":{"line":9,"column":15},"end":{"line":18,"column":null}},"8":{"start":{"line":13,"column":10},"end":{"line":13,"column":35}},"9":{"start":{"line":14,"column":10},"end":{"line":14,"column":64}},"10":{"start":{"line":15,"column":10},"end":{"line":15,"column":39}},"11":{"start":{"line":16,"column":4},"end":{"line":16,"column":36}},"12":{"start":{"line":17,"column":4},"end":{"line":17,"column":15}},"13":{"start":{"line":19,"column":0},"end":{"line":19,"column":null}},"14":{"start":{"line":6,"column":13},"end":{"line":6,"column":32}}},"fnMap":{"0":{"name":"(anonymous_0)","decl":{"start":{"line":6,"column":0},"end":{"line":6,"column":13}},"loc":{"start":{"line":6,"column":0},"end":{"line":19,"column":null}}},"1":{"name":"(anonymous_2)","decl":{"start":{"line":9,"column":2},"end":{"line":9,"column":15}},"loc":{"start":{"line":11,"column":61},"end":{"line":18,"column":null}}}},"branchMap":{"0":{"loc":{"start":{"line":6,"column":0},"end":{"line":6,"column":13}},"type":"binary-expr","locations":[{"start":{"line":6,"column":0},"end":{"line":6,"column":13}},{"start":{"line":6,"column":0},"end":{"line":6,"column":13}},{"start":{"line":6,"column":0},"end":{"line":6,"column":13}}]}},"s":{"0":1,"1":1,"2":1,"3":1,"4":1,"5":1,"6":1,"7":1,"8":1,"9":1,"10":1,"11":2,"12":1,"13":1,"14":1},"f":{"0":2,"1":1},"b":{"0":[1,1,1]}}
,"/root/ssi/packages/template-verify/src/did-template.ts": {"path":"/root/ssi/packages/template-verify/src/did-template.ts","statementMap":{"0":{"start":{"line":1,"column":0},"end":{"line":1,"column":39}},"1":{"start":{"line":9,"column":0},"end":{"line":9,"column":null}},"2":{"start":{"line":9,"column":33},"end":{"line":9,"column":36}},"3":{"start":{"line":17,"column":2},"end":{"line":29,"column":null}},"4":{"start":{"line":19,"column":4},"end":{"line":28,"column":null}},"5":{"start":{"line":19,"column":30},"end":{"line":19,"column":42}},"6":{"start":{"line":19,"column":26},"end":{"line":19,"column":30}},"7":{"start":{"line":20,"column":6},"end":{"line":20,"column":21}},"8":{"start":{"line":23,"column":6},"end":{"line":23,"column":52}},"9":{"start":{"line":25,"column":6},"end":{"line":25,"column":60}},"10":{"start":{"line":26,"column":6},"end":{"line":26,"column":60}},"11":{"start":{"line":27,"column":6},"end":{"line":27,"column":69}},"12":{"start":{"line":30,"column":2},"end":{"line":35,"column":null}},"13":{"start":{"line":31,"column":4},"end":{"line":31,"column":41}},"14":{"start":{"line":32,"column":4},"end":{"line":32,"column":50}},"15":{"start":{"line":33,"column":4},"end":{"line":33,"column":50}},"16":{"start":{"line":34,"column":4},"end":{"line":34,"column":56}},"17":{"start":{"line":37,"column":2},"end":{"line":46,"column":null}},"18":{"start":{"line":38,"column":4},"end":{"line":45,"column":6}},"19":{"start":{"line":47,"column":2},"end":{"line":47,"column":null}},"20":{"start":{"line":49,"column":2},"end":{"line":55,"column":null}},"21":{"start":{"line":50,"column":20},"end":{"line":50,"column":64}},"22":{"start":{"line":51,"column":4},"end":{"line":51,"column":43}},"23":{"start":{"line":52,"column":4},"end":{"line":52,"column":37}},"24":{"start":{"line":53,"column":4},"end":{"line":53,"column":37}},"25":{"start":{"line":54,"column":4},"end":{"line":54,"column":19}},"26":{"start":{"line":56,"column":0},"end":{"line":56,"column":null}},"27":{"start":{"line":9,"column":13},"end":{"line":9,"column":24}}},"fnMap":{"0":{"name":"(anonymous_0)","decl":{"start":{"line":9,"column":0},"end":{"line":9,"column":13}},"loc":{"start":{"line":9,"column":0},"end":{"line":56,"column":null}}},"1":{"name":"(anonymous_2)","decl":{"start":{"line":17,"column":2},"end":{"line":17,"column":19}},"loc":{"start":{"line":17,"column":56},"end":{"line":29,"column":3}}},"2":{"name":"(anonymous_3)","decl":{"start":{"line":30,"column":2},"end":{"line":30,"column":15}},"loc":{"start":{"line":30,"column":48},"end":{"line":35,"column":3}}},"3":{"name":"(anonymous_4)","decl":{"start":{"line":37,"column":2},"end":{"line":37,"column":13}},"loc":{"start":{"line":37,"column":2},"end":{"line":46,"column":3}}},"4":{"name":"(anonymous_5)","decl":{"start":{"line":47,"column":2},"end":{"line":47,"column":14}},"loc":{"start":{"line":47,"column":2},"end":{"line":47,"column":25}}},"5":{"name":"(anonymous_6)","decl":{"start":{"line":49,"column":2},"end":{"line":49,"column":12}},"loc":{"start":{"line":49,"column":2},"end":{"line":55,"column":3}}}},"branchMap":{"0":{"loc":{"start":{"line":25,"column":22},"end":{"line":25,"column":59}},"type":"cond-expr","locations":[{"start":{"line":25,"column":42},"end":{"line":25,"column":46}},{"start":{"line":25,"column":46},"end":{"line":25,"column":59}}]},"1":{"loc":{"start":{"line":25,"column":22},"end":{"line":25,"column":46}},"type":"binary-expr","locations":[{"start":{"line":25,"column":22},"end":{"line":25,"column":46}},{"start":{"line":25,"column":42},"end":{"line":25,"column":46}}]},"2":{"loc":{"start":{"line":26,"column":22},"end":{"line":26,"column":59}},"type":"cond-expr","locations":[{"start":{"line":26,"column":42},"end":{"line":26,"column":46}},{"start":{"line":26,"column":46},"end":{"line":26,"column":59}}]},"3":{"loc":{"start":{"line":26,"column":22},"end":{"line":26,"column":46}},"type":"binary-expr","locations":[{"start":{"line":26,"column":22},"end":{"line":26,"column":46}},{"start":{"line":26,"column":42},"end":{"line":26,"column":46}}]},"4":{"loc":{"start":{"line":27,"column":25},"end":{"line":27,"column":68}},"type":"cond-expr","locations":[{"start":{"line":27,"column":48},"end":{"line":27,"column":52}},{"start":{"line":27,"column":52},"end":{"line":27,"column":68}}]},"5":{"loc":{"start":{"line":27,"column":25},"end":{"line":27,"column":52}},"type":"binary-expr","locations":[{"start":{"line":27,"column":25},"end":{"line":27,"column":52}},{"start":{"line":27,"column":48},"end":{"line":27,"column":52}}]}},"s":{"0":1,"1":1,"2":1,"3":1,"4":0,"5":0,"6":0,"7":0,"8":0,"9":0,"10":0,"11":0,"12":1,"13":1,"14":1,"15":1,"16":1,"17":1,"18":0,"19":1,"20":1,"21":0,"22":0,"23":0,"24":0,"25":0,"26":1,"27":1},"f":{"0":2,"1":0,"2":1,"3":0,"4":0,"5":0},"b":{"0":[0,0],"1":[0,0],"2":[0,0],"3":[0,0],"4":[0,0],"5":[0,0]}}
,"/root/ssi/packages/template-verify/src/index.ts": {"path":"/root/ssi/packages/template-verify/src/index.ts","statementMap":{"0":{"start":{"line":1,"column":0},"end":{"line":1,"column":44}},"1":{"start":{"line":2,"column":0},"end":{"line":2,"column":31}},"2":{"start":{"line":3,"column":0},"end":{"line":3,"column":40}}},"fnMap":{},"branchMap":{},"s":{"0":0,"1":0,"2":0},"f":{},"b":{}}
,"/root/ssi/packages/template-verify/src/template-verifier-service.ts": {"path":"/root/ssi/packages/template-verify/src/template-verifier-service.ts","statementMap":{"0":{"start":{"line":1,"column":0},"end":{"line":1,"column":null}},"1":{"start":{"line":8,"column":0},"end":{"line":8,"column":null}},"2":{"start":{"line":16,"column":0},"end":{"line":16,"column":null}},"3":{"start":{"line":16,"column":45},"end":{"line":16,"column":60}},"4":{"start":{"line":19,"column":12},"end":{"line":28,"column":null}},"5":{"start":{"line":21,"column":29},"end":{"line":21,"column":59}},"6":{"start":{"line":22,"column":4},"end":{"line":24,"column":null}},"7":{"start":{"line":23,"column":6},"end":{"line":23,"column":53}},"8":{"start":{"line":25,"column":4},"end":{"line":27,"column":6}},"9":{"start":{"line":26,"column":13},"end":{"line":26,"column":null}},"10":{"start":{"line":37,"column":8},"end":{"line":67,"column":null}},"11":{"start":{"line":41,"column":4},"end":{"line":41,"column":26}},"12":{"start":{"line":42,"column":4},"end":{"line":66,"column":7}},"13":{"start":{"line":42,"column":45},"end":{"line":66,"column":6}},"14":{"start":{"line":43,"column":33},"end":{"line":43,"column":null}},"15":{"start":{"line":43,"column":24},"end":{"line":43,"column":null}},"16":{"start":{"line":43,"column":17},"end":{"line":43,"column":24}},"17":{"start":{"line":44,"column":8},"end":{"line":63,"column":12}},"18":{"start":{"line":49,"column":21},"end":{"line":53,"column":null}},"19":{"start":{"line":50,"column":14},"end":{"line":53,"column":null}},"20":{"start":{"line":51,"column":22},"end":{"line":51,"column":null}},"21":{"start":{"line":52,"column":23},"end":{"line":52,"column":null}},"22":{"start":{"line":55,"column":14},"end":{"line":55,"column":30}},"23":{"start":{"line":58,"column":14},"end":{"line":61,"column":null}},"24":{"start":{"line":65,"column":6},"end":{"line":65,"column":33}},"25":{"start":{"line":77,"column":8},"end":{"line":101,"column":null}},"26":{"start":{"line":79,"column":4},"end":{"line":79,"column":null}},"27":{"start":{"line":82,"column":4},"end":{"line":82,"column":26}},"28":{"start":{"line":83,"column":4},"end":{"line":100,"column":7}},"29":{"start":{"line":83,"column":45},"end":{"line":100,"column":6}},"30":{"start":{"line":84,"column":33},"end":{"line":84,"column":null}},"31":{"start":{"line":84,"column":24},"end":{"line":84,"column":null}},"32":{"start":{"line":84,"column":17},"end":{"line":84,"column":24}},"33":{"start":{"line":85,"column":8},"end":{"line":97,"column":30}},"34":{"start":{"line":89,"column":25},"end":{"line":96,"column":12}},"35":{"start":{"line":90,"column":16},"end":{"line":90,"column":24}},"36":{"start":{"line":91,"column":48},"end":{"line":91,"column":null}},"37":{"start":{"line":91,"column":40},"end":{"line":91,"column":null}},"38":{"start":{"line":91,"column":25},"end":{"line":91,"column":40}},"39":{"start":{"line":92,"column":16},"end":{"line":92,"column":60}},"40":{"start":{"line":94,"column":14},"end":{"line":94,"column":32}},"41":{"start":{"line":99,"column":6},"end":{"line":99,"column":39}},"42":{"start":{"line":102,"column":0},"end":{"line":102,"column":null}},"43":{"start":{"line":16,"column":13},"end":{"line":16,"column":36}}},"fnMap":{"0":{"name":"(anonymous_0)","decl":{"start":{"line":16,"column":0},"end":{"line":16,"column":13}},"loc":{"start":{"line":16,"column":0},"end":{"line":102,"column":null}}},"1":{"name":"(anonymous_2)","decl":{"start":{"line":19,"column":2},"end":{"line":19,"column":12}},"loc":{"start":{"line":19,"column":35},"end":{"line":28,"column":3}}},"2":{"name":"(anonymous_3)","decl":{"start":{"line":26,"column":6},"end":{"line":26,"column":9}},"loc":{"start":{"line":26,"column":9},"end":{"line":26,"column":17}}},"3":{"name":"(anonymous_4)","decl":{"start":{"line":37,"column":2},"end":{"line":37,"column":8}},"loc":{"start":{"line":39,"column":58},"end":{"line":67,"column":null}}},"4":{"name":"(anonymous_7)","decl":{"start":{"line":42,"column":23},"end":{"line":42,"column":30}},"loc":{"start":{"line":42,"column":45},"end":{"line":66,"column":6}}},"5":{"name":"(anonymous_8)","decl":{"start":{"line":42,"column":45},"end":{"line":42,"column":null}},"loc":{"start":{"line":42,"column":45},"end":{"line":66,"column":6}}},"6":{"name":"(anonymous_10)","decl":{"start":{"line":49,"column":12},"end":{"line":49,"column":18}},"loc":{"start":{"line":49,"column":21},"end":{"line":53,"column":null}}},"7":{"name":"(anonymous_11)","decl":{"start":{"line":49,"column":21},"end":{"line":49,"column":null}},"loc":{"start":{"line":49,"column":21},"end":{"line":53,"column":null}}},"8":{"name":"(anonymous_13)","decl":{"start":{"line":51,"column":16},"end":{"line":51,"column":22}},"loc":{"start":{"line":51,"column":16},"end":{"line":51,"column":29}}},"9":{"name":"(anonymous_14)","decl":{"start":{"line":52,"column":16},"end":{"line":52,"column":19}},"loc":{"start":{"line":52,"column":19},"end":{"line":52,"column":29}}},"10":{"name":"(anonymous_15)","decl":{"start":{"line":54,"column":12},"end":{"line":54,"column":13}},"loc":{"start":{"line":54,"column":28},"end":{"line":62,"column":13}}},"11":{"name":"(anonymous_16)","decl":{"start":{"line":77,"column":2},"end":{"line":77,"column":8}},"loc":{"start":{"line":80,"column":16},"end":{"line":101,"column":null}}},"12":{"name":"(anonymous_19)","decl":{"start":{"line":83,"column":23},"end":{"line":83,"column":30}},"loc":{"start":{"line":83,"column":45},"end":{"line":100,"column":6}}},"13":{"name":"(anonymous_20)","decl":{"start":{"line":83,"column":45},"end":{"line":83,"column":null}},"loc":{"start":{"line":83,"column":45},"end":{"line":100,"column":6}}},"14":{"name":"(anonymous_22)","decl":{"start":{"line":89,"column":16},"end":{"line":89,"column":22}},"loc":{"start":{"line":89,"column":25},"end":{"line":96,"column":12}}},"15":{"name":"(anonymous_23)","decl":{"start":{"line":89,"column":25},"end":{"line":89,"column":null}},"loc":{"start":{"line":89,"column":25},"end":{"line":96,"column":12}}}},"branchMap":{"0":{"loc":{"start":{"line":22,"column":4},"end":{"line":24,"column":null}},"type":"if","locations":[{"start":{"line":22,"column":4},"end":{"line":24,"column":null}}]},"1":{"loc":{"start":{"line":43,"column":24},"end":{"line":43,"column":null}},"type":"if","locations":[{"start":{"line":43,"column":24},"end":{"line":43,"column":null}}]},"2":{"loc":{"start":{"line":50,"column":14},"end":{"line":53,"column":null}},"type":"switch","locations":[{"start":{"line":50,"column":14},"end":{"line":53,"column":null}},{"start":{"line":50,"column":14},"end":{"line":53,"column":null}}]},"3":{"loc":{"start":{"line":58,"column":14},"end":{"line":61,"column":null}},"type":"if","locations":[{"start":{"line":58,"column":14},"end":{"line":61,"column":null}},{"start":{"line":59,"column":21},"end":{"line":61,"column":null}}]},"4":{"loc":{"start":{"line":79,"column":4},"end":{"line":79,"column":null}},"type":"if","locations":[{"start":{"line":79,"column":4},"end":{"line":79,"column":null}}]},"5":{"loc":{"start":{"line":84,"column":24},"end":{"line":84,"column":null}},"type":"if","locations":[{"start":{"line":84,"column":24},"end":{"line":84,"column":null}}]},"6":{"loc":{"start":{"line":90,"column":16},"end":{"line":90,"column":24}},"type":"if","locations":[{"start":{"line":90,"column":16},"end":{"line":90,"column":24}}]},"7":{"loc":{"start":{"line":91,"column":40},"end":{"line":91,"column":null}},"type":"if","locations":[{"start":{"line":91,"column":40},"end":{"line":91,"column":null}}]}},"s":{"0":1,"1":1,"2":1,"3":1,"4":1,"5":1,"6":1,"7":0,"8":1,"9":1,"10":1,"11":1,"12":1,"13":1,"14":2,"15":3,"16":1,"17":2,"18":1,"19":2,"20":1,"21":0,"22":0,"23":0,"24":1,"25":1,"26":0,"27":0,"28":0,"29":0,"30":0,"31":0,"32":0,"33":0,"34":0,"35":0,"36":0,"37":0,"38":0,"39":0,"40":0,"41":0,"42":1,"43":1},"f":{"0":2,"1":1,"2":1,"3":1,"4":1,"5":1,"6":1,"7":1,"8":1,"9":0,"10":0,"11":0,"12":0,"13":0,"14":0,"15":0},"b":{"0":[0],"1":[1],"2":[1,1],"3":[0,0],"4":[0],"5":[0],"6":[0],"7":[0]}}
}
