{
  "/root/ssi/packages/template-verify/src/index.ts": {
    "path": "/root/ssi/packages/template-verify/src/index.ts",
    "statementMap": {
      "0": {
        "start": { "line": 1, "column": 0 },
        "end": { "line": 1, "column": 59 }
      },
      "1": {
        "start": { "line": 2, "column": 0 },
        "end": { "line": 2, "column": 69 }
      },
      "2": {
        "start": { "line": 4, "column": 0 },
        "end": { "line": 4, "column": null }
      },
      "3": {
        "start": { "line": 4, "column": 45 },
        "end": { "line": 4, "column": 60 }
      },
      "4": {
        "start": { "line": 7, "column": 48 },
        "end": { "line": 7, "column": null }
      },
      "5": {
        "start": { "line": 8, "column": 4 },
        "end": { "line": 8, "column": null }
      },
      "6": {
        "start": { "line": 7, "column": 24 },
        "end": { "line": 7, "column": 46 }
      },
      "7": {
        "start": { "line": 9, "column": 4 },
        "end": { "line": 11, "column": 6 }
      },
      "8": {
        "start": { "line": 10, "column": 16 },
        "end": { "line": 10, "column": null }
      },
      "9": {
        "start": { "line": 14, "column": 8 },
        "end": { "line": 38, "column": null }
      },
      "10": {
        "start": { "line": 15, "column": 10 },
        "end": { "line": 15, "column": 64 }
      },
      "11": {
        "start": { "line": 17, "column": 18 },
        "end": { "line": 19, "column": null }
      },
      "12": {
        "start": { "line": 19, "column": 22 },
        "end": { "line": 19, "column": 39 }
      },
      "13": {
        "start": { "line": 17, "column": 12 },
        "end": { "line": 19, "column": null }
      },
      "14": {
        "start": { "line": 20, "column": 6 },
        "end": { "line": 35, "column": null }
      },
      "15": {
        "start": { "line": 21, "column": 14 },
        "end": { "line": 23, "column": 11 }
      },
      "16": {
        "start": { "line": 22, "column": 10 },
        "end": { "line": 22, "column": 77 }
      },
      "17": {
        "start": { "line": 24, "column": 8 },
        "end": { "line": 34, "column": null }
      },
      "18": {
        "start": { "line": 25, "column": 10 },
        "end": { "line": 25, "column": 36 }
      },
      "19": {
        "start": { "line": 26, "column": 10 },
        "end": { "line": 28, "column": null }
      },
      "20": {
        "start": { "line": 27, "column": 19 },
        "end": { "line": 27, "column": null }
      },
      "21": {
        "start": { "line": 30, "column": 10 },
        "end": { "line": 30, "column": 57 }
      },
      "22": {
        "start": { "line": 31, "column": 10 },
        "end": { "line": 33, "column": null }
      },
      "23": {
        "start": { "line": 32, "column": 19 },
        "end": { "line": 32, "column": null }
      },
      "24": {
        "start": { "line": 16, "column": 31 },
        "end": { "line": 16, "column": null }
      },
      "25": {
        "start": { "line": 16, "column": 22 },
        "end": { "line": 16, "column": null }
      },
      "26": {
        "start": { "line": 16, "column": 15 },
        "end": { "line": 16, "column": 22 }
      },
      "27": {
        "start": { "line": 37, "column": 4 },
        "end": { "line": 37, "column": 48 }
      },
      "28": {
        "start": { "line": 39, "column": 0 },
        "end": { "line": 39, "column": null }
      },
      "29": {
        "start": { "line": 4, "column": 13 },
        "end": { "line": 4, "column": 36 }
      }
    },
    "fnMap": {
      "0": {
        "name": "(anonymous_0)",
        "decl": {
          "start": { "line": 4, "column": 0 },
          "end": { "line": 4, "column": 13 }
        },
        "loc": {
          "start": { "line": 4, "column": 0 },
          "end": { "line": 39, "column": null }
        }
      },
      "1": {
        "name": "TemplateVerifierService",
        "decl": {
          "start": { "line": 7, "column": 2 },
          "end": { "line": 7, "column": 24 }
        },
        "loc": {
          "start": { "line": 7, "column": 60 },
          "end": { "line": 12, "column": 3 }
        }
      },
      "2": {
        "name": "(anonymous_2)",
        "decl": {
          "start": { "line": 10, "column": 6 },
          "end": { "line": 10, "column": 12 }
        },
        "loc": {
          "start": { "line": 10, "column": 12 },
          "end": { "line": 10, "column": 20 }
        }
      },
      "3": {
        "name": "(anonymous_3)",
        "decl": {
          "start": { "line": 14, "column": 2 },
          "end": { "line": 14, "column": 8 }
        },
        "loc": {
          "start": { "line": 14, "column": 22 },
          "end": { "line": 38, "column": null }
        }
      },
      "4": {
        "name": "(anonymous_8)",
        "decl": {
          "start": { "line": 19, "column": 15 },
          "end": { "line": 19, "column": 18 }
        },
        "loc": {
          "start": { "line": 19, "column": 18 },
          "end": { "line": 19, "column": 28 }
        }
      },
      "5": {
        "name": "(anonymous_9)",
        "decl": {
          "start": { "line": 21, "column": 42 },
          "end": { "line": 21, "column": 50 }
        },
        "loc": {
          "start": { "line": 21, "column": 50 },
          "end": { "line": 23, "column": 9 }
        }
      }
    },
    "branchMap": {
      "0": {
        "loc": {
          "start": { "line": 7, "column": 48 },
          "end": { "line": 7, "column": null }
        },
        "type": "if",
        "locations": [
          {
            "start": { "line": 7, "column": 48 },
            "end": { "line": 7, "column": null }
          }
        ]
      },
      "1": {
        "loc": {
          "start": { "line": 8, "column": 4 },
          "end": { "line": 8, "column": null }
        },
        "type": "binary-expr",
        "locations": [
          {
            "start": { "line": 8, "column": 4 },
            "end": { "line": 8, "column": 33 }
          },
          {
            "start": { "line": 8, "column": 33 },
            "end": { "line": 8, "column": null }
          }
        ]
      },
      "2": {
        "loc": {
          "start": { "line": 37, "column": 4 },
          "end": { "line": 37, "column": 48 }
        },
        "type": "switch",
        "locations": [
          {
            "start": { "line": 37, "column": 4 },
            "end": { "line": 37, "column": 48 }
          }
        ]
      },
      "3": {
        "loc": {
          "start": { "line": 17, "column": 18 },
          "end": { "line": 19, "column": null }
        },
        "type": "switch",
        "locations": [
          {
            "start": { "line": 17, "column": 18 },
            "end": { "line": 19, "column": null }
          }
        ]
      },
      "4": {
        "loc": {
          "start": { "line": 20, "column": 6 },
          "end": { "line": 35, "column": null }
        },
        "type": "if",
        "locations": [
          {
            "start": { "line": 20, "column": 6 },
            "end": { "line": 35, "column": null }
          }
        ]
      },
      "5": {
        "loc": {
          "start": { "line": 24, "column": 8 },
          "end": { "line": 34, "column": null }
        },
        "type": "if",
        "locations": [
          {
            "start": { "line": 24, "column": 8 },
            "end": { "line": 34, "column": null }
          },
          {
            "start": { "line": 29, "column": 15 },
            "end": { "line": 34, "column": null }
          }
        ]
      },
      "6": {
        "loc": {
          "start": { "line": 26, "column": 10 },
          "end": { "line": 28, "column": null }
        },
        "type": "if",
        "locations": [
          {
            "start": { "line": 26, "column": 10 },
            "end": { "line": 28, "column": null }
          }
        ]
      },
      "7": {
        "loc": {
          "start": { "line": 31, "column": 10 },
          "end": { "line": 33, "column": null }
        },
        "type": "if",
        "locations": [
          {
            "start": { "line": 31, "column": 10 },
            "end": { "line": 33, "column": null }
          }
        ]
      },
      "8": {
        "loc": {
          "start": { "line": 16, "column": 22 },
          "end": { "line": 16, "column": null }
        },
        "type": "if",
        "locations": [
          {
            "start": { "line": 16, "column": 22 },
            "end": { "line": 16, "column": null }
          }
        ]
      }
    },
    "s": {
      "0": 1,
      "1": 1,
      "2": 1,
      "3": 1,
      "4": 2,
      "5": 1,
      "6": 1,
      "7": 1,
      "8": 1,
      "9": 1,
      "10": 1,
      "11": 1,
      "12": 0,
      "13": 1,
      "14": 1,
      "15": 1,
      "16": 0,
      "17": 1,
      "18": 0,
      "19": 0,
      "20": 0,
      "21": 1,
      "22": 1,
      "23": 1,
      "24": 1,
      "25": 1,
      "26": 2,
      "27": 0,
      "28": 1,
      "29": 1
    },
    "f": { "0": 1, "1": 1, "2": 1, "3": 1, "4": 0, "5": 0 },
    "b": {
      "0": [1],
      "1": [1, 1],
      "2": [0],
      "3": [1],
      "4": [1],
      "5": [0, 1],
      "6": [0],
      "7": [1],
      "8": [0]
    }
  }
}
