TN:
SF:src/index.ts
FN:4,(anonymous_0)
FN:7,TemplateVerifierService
FN:10,(anonymous_2)
FN:14,(anonymous_3)
FN:19,(anonymous_8)
FN:21,(anonymous_9)
FNF:6
FNH:4
FNDA:1,(anonymous_0)
FNDA:1,TemplateVerifierService
FNDA:1,(anonymous_2)
FNDA:1,(anonymous_3)
FNDA:0,(anonymous_8)
FNDA:0,(anonymous_9)
DA:1,1
DA:2,1
DA:4,1
DA:7,2
DA:8,1
DA:9,1
DA:10,1
DA:14,1
DA:15,1
DA:16,2
DA:17,1
DA:19,0
DA:20,1
DA:21,1
DA:22,0
DA:24,1
DA:25,0
DA:26,0
DA:27,0
DA:30,1
DA:31,1
DA:32,1
DA:37,0
DA:39,1
LF:24
LH:18
BRDA:7,0,0,1
BRDA:8,1,0,1
BRDA:8,1,1,1
BRDA:37,2,0,0
BRDA:17,3,0,1
BRDA:20,4,0,1
BRDA:24,5,0,0
BRDA:24,5,1,1
BRDA:26,6,0,0
BRDA:31,7,0,1
BRDA:16,8,0,0
BRF:11
BRH:7
end_of_record
