{"/home/david/ssi/ssi2/packages/claim-verify/src/claim-verifier-service.ts": {"path":"/home/david/ssi/ssi2/packages/claim-verify/src/claim-verifier-service.ts","statementMap":{"0":{"start":{"line":2,"column":0},"end":{"line":2,"column":61}},"1":{"start":{"line":5,"column":0},"end":{"line":5,"column":63}},"2":{"start":{"line":6,"column":0},"end":{"line":6,"column":32}},"3":{"start":{"line":7,"column":0},"end":{"line":7,"column":22}},"4":{"start":{"line":12,"column":0},"end":{"line":12,"column":13}},"5":{"start":{"line":14,"column":12},"end":{"line":14,"column":51}},"6":{"start":{"line":15,"column":12},"end":{"line":15,"column":55}},"7":{"start":{"line":16,"column":12},"end":{"line":16,"column":24}},"8":{"start":{"line":26,"column":15},"end":{"line":61,"column":null}},"9":{"start":{"line":28,"column":10},"end":{"line":28,"column":32}},"10":{"start":{"line":29,"column":10},"end":{"line":29,"column":24}},"11":{"start":{"line":30,"column":21},"end":{"line":30,"column":null}},"12":{"start":{"line":30,"column":10},"end":{"line":30,"column":null}},"13":{"start":{"line":32,"column":4},"end":{"line":39,"column":null}},"14":{"start":{"line":36,"column":6},"end":{"line":36,"column":69}},"15":{"start":{"line":38,"column":6},"end":{"line":38,"column":40}},"16":{"start":{"line":41,"column":10},"end":{"line":43,"column":6}},"17":{"start":{"line":46,"column":10},"end":{"line":46,"column":26}},"18":{"start":{"line":47,"column":4},"end":{"line":49,"column":null}},"19":{"start":{"line":48,"column":6},"end":{"line":48,"column":57}},"20":{"start":{"line":52,"column":22},"end":{"line":52,"column":null}},"21":{"start":{"line":52,"column":10},"end":{"line":52,"column":null}},"22":{"start":{"line":53,"column":17},"end":{"line":57,"column":null}},"23":{"start":{"line":56,"column":8},"end":{"line":56,"column":40}},"24":{"start":{"line":53,"column":10},"end":{"line":57,"column":null}},"25":{"start":{"line":58,"column":10},"end":{"line":58,"column":57}},"26":{"start":{"line":59,"column":4},"end":{"line":59,"column":30}},"27":{"start":{"line":60,"column":4},"end":{"line":60,"column":17}},"28":{"start":{"line":67,"column":22},"end":{"line":72,"column":null}},"29":{"start":{"line":71,"column":4},"end":{"line":71,"column":67}},"30":{"start":{"line":73,"column":0},"end":{"line":73,"column":null}},"31":{"start":{"line":12,"column":13},"end":{"line":12,"column":33}}},"fnMap":{"0":{"name":"(anonymous_0)","decl":{"start":{"line":12,"column":0},"end":{"line":12,"column":13}},"loc":{"start":{"line":12,"column":0},"end":{"line":73,"column":null}}},"1":{"name":"ClaimVerifierService","decl":{"start":{"line":13,"column":2},"end":{"line":13,"column":null}},"loc":{"start":{"line":16,"column":24},"end":{"line":17,"column":6}}},"2":{"name":"(anonymous_2)","decl":{"start":{"line":26,"column":2},"end":{"line":26,"column":15}},"loc":{"start":{"line":26,"column":30},"end":{"line":61,"column":null}}},"3":{"name":"(anonymous_5)","decl":{"start":{"line":55,"column":13},"end":{"line":55,"column":null}},"loc":{"start":{"line":55,"column":13},"end":{"line":57,"column":7}}},"4":{"name":"(anonymous_6)","decl":{"start":{"line":67,"column":2},"end":{"line":67,"column":22}},"loc":{"start":{"line":69,"column":23},"end":{"line":72,"column":null}}}},"branchMap":{"0":{"loc":{"start":{"line":32,"column":4},"end":{"line":39,"column":null}},"type":"if","locations":[{"start":{"line":32,"column":4},"end":{"line":39,"column":null}},{"start":{"line":37,"column":11},"end":{"line":39,"column":null}}]},"1":{"loc":{"start":{"line":33,"column":6},"end":{"line":34,"column":32}},"type":"binary-expr","locations":[{"start":{"line":33,"column":6},"end":{"line":33,"column":70}},{"start":{"line":34,"column":6},"end":{"line":34,"column":32}}]},"2":{"loc":{"start":{"line":47,"column":4},"end":{"line":49,"column":null}},"type":"if","locations":[{"start":{"line":47,"column":4},"end":{"line":49,"column":null}}]}},"s":{"0":1,"1":1,"2":1,"3":1,"4":1,"5":1,"6":1,"7":1,"8":1,"9":1,"10":1,"11":1,"12":1,"13":1,"14":0,"15":1,"16":1,"17":1,"18":1,"19":0,"20":1,"21":1,"22":1,"23":0,"24":1,"25":1,"26":1,"27":1,"28":1,"29":1,"30":1,"31":1},"f":{"0":1,"1":1,"2":1,"3":0,"4":1},"b":{"0":[0,1],"1":[1,0],"2":[0]}}
,"/home/david/ssi/ssi2/packages/claim-verify/src/claim.ts": {"path":"/home/david/ssi/ssi2/packages/claim-verify/src/claim.ts","statementMap":{"0":{"start":{"line":1,"column":0},"end":{"line":1,"column":35}},"1":{"start":{"line":2,"column":0},"end":{"line":2,"column":32}},"2":{"start":{"line":4,"column":0},"end":{"line":4,"column":61}},"3":{"start":{"line":5,"column":0},"end":{"line":5,"column":44}},"4":{"start":{"line":9,"column":0},"end":{"line":9,"column":13}},"5":{"start":{"line":24,"column":11},"end":{"line":24,"column":30}},"6":{"start":{"line":25,"column":12},"end":{"line":25,"column":39}},"7":{"start":{"line":29,"column":4},"end":{"line":36,"column":null}},"8":{"start":{"line":33,"column":6},"end":{"line":33,"column":69}},"9":{"start":{"line":35,"column":6},"end":{"line":35,"column":40}},"10":{"start":{"line":37,"column":4},"end":{"line":41,"column":6}},"11":{"start":{"line":48,"column":16},"end":{"line":67,"column":null}},"12":{"start":{"line":49,"column":4},"end":{"line":66,"column":7}},"13":{"start":{"line":50,"column":6},"end":{"line":65,"column":8}},"14":{"start":{"line":60,"column":10},"end":{"line":62,"column":null}},"15":{"start":{"line":61,"column":12},"end":{"line":61,"column":24}},"16":{"start":{"line":63,"column":10},"end":{"line":63,"column":26}},"17":{"start":{"line":73,"column":9},"end":{"line":75,"column":null}},"18":{"start":{"line":74,"column":4},"end":{"line":74,"column":28}},"19":{"start":{"line":82,"column":10},"end":{"line":84,"column":null}},"20":{"start":{"line":83,"column":4},"end":{"line":83,"column":66}},"21":{"start":{"line":90,"column":9},"end":{"line":92,"column":null}},"22":{"start":{"line":91,"column":4},"end":{"line":91,"column":20}},"23":{"start":{"line":97,"column":15},"end":{"line":104,"column":null}},"24":{"start":{"line":99,"column":19},"end":{"line":99,"column":null}},"25":{"start":{"line":99,"column":10},"end":{"line":99,"column":null}},"26":{"start":{"line":100,"column":4},"end":{"line":103,"column":7}},"27":{"start":{"line":129,"column":9},"end":{"line":131,"column":null}},"28":{"start":{"line":130,"column":4},"end":{"line":130,"column":21}},"29":{"start":{"line":137,"column":9},"end":{"line":139,"column":null}},"30":{"start":{"line":138,"column":4},"end":{"line":138,"column":21}},"31":{"start":{"line":140,"column":0},"end":{"line":140,"column":null}},"32":{"start":{"line":9,"column":13},"end":{"line":9,"column":18}}},"fnMap":{"0":{"name":"(anonymous_0)","decl":{"start":{"line":9,"column":0},"end":{"line":9,"column":13}},"loc":{"start":{"line":9,"column":0},"end":{"line":140,"column":null}}},"1":{"name":"Claim","decl":{"start":{"line":23,"column":2},"end":{"line":23,"column":null}},"loc":{"start":{"line":26,"column":16},"end":{"line":42,"column":3}}},"2":{"name":"(anonymous_2)","decl":{"start":{"line":48,"column":2},"end":{"line":48,"column":16}},"loc":{"start":{"line":48,"column":37},"end":{"line":67,"column":null}}},"3":{"name":"(anonymous_5)","decl":{"start":{"line":49,"column":23},"end":{"line":49,"column":24}},"loc":{"start":{"line":49,"column":39},"end":{"line":66,"column":5}}},"4":{"name":"(anonymous_6)","decl":{"start":{"line":59,"column":8},"end":{"line":59,"column":9}},"loc":{"start":{"line":59,"column":20},"end":{"line":64,"column":9}}},"5":{"name":"(anonymous_7)","decl":{"start":{"line":73,"column":2},"end":{"line":73,"column":9}},"loc":{"start":{"line":73,"column":2},"end":{"line":75,"column":3}}},"6":{"name":"(anonymous_8)","decl":{"start":{"line":82,"column":2},"end":{"line":82,"column":10}},"loc":{"start":{"line":82,"column":66},"end":{"line":84,"column":3}}},"7":{"name":"(anonymous_9)","decl":{"start":{"line":90,"column":2},"end":{"line":90,"column":9}},"loc":{"start":{"line":90,"column":2},"end":{"line":92,"column":3}}},"8":{"name":"(anonymous_10)","decl":{"start":{"line":97,"column":2},"end":{"line":97,"column":15}},"loc":{"start":{"line":97,"column":2},"end":{"line":104,"column":null}}},"9":{"name":"(anonymous_13)","decl":{"start":{"line":129,"column":2},"end":{"line":129,"column":9}},"loc":{"start":{"line":129,"column":42},"end":{"line":131,"column":3}}},"10":{"name":"(anonymous_14)","decl":{"start":{"line":137,"column":2},"end":{"line":137,"column":9}},"loc":{"start":{"line":137,"column":2},"end":{"line":139,"column":3}}}},"branchMap":{"0":{"loc":{"start":{"line":29,"column":4},"end":{"line":36,"column":null}},"type":"if","locations":[{"start":{"line":29,"column":4},"end":{"line":36,"column":null}},{"start":{"line":34,"column":11},"end":{"line":36,"column":null}}]},"1":{"loc":{"start":{"line":30,"column":6},"end":{"line":31,"column":32}},"type":"binary-expr","locations":[{"start":{"line":30,"column":6},"end":{"line":30,"column":70}},{"start":{"line":31,"column":6},"end":{"line":31,"column":32}}]},"2":{"loc":{"start":{"line":60,"column":10},"end":{"line":62,"column":null}},"type":"if","locations":[{"start":{"line":60,"column":10},"end":{"line":62,"column":null}}]},"3":{"loc":{"start":{"line":99,"column":19},"end":{"line":99,"column":null}},"type":"switch","locations":[{"start":{"line":99,"column":19},"end":{"line":99,"column":null}}]}},"s":{"0":1,"1":1,"2":1,"3":1,"4":1,"5":1,"6":1,"7":1,"8":0,"9":1,"10":1,"11":1,"12":1,"13":1,"14":1,"15":0,"16":1,"17":1,"18":0,"19":1,"20":1,"21":1,"22":1,"23":1,"24":1,"25":1,"26":1,"27":1,"28":1,"29":1,"30":0,"31":1,"32":1},"f":{"0":1,"1":1,"2":1,"3":1,"4":1,"5":0,"6":1,"7":1,"8":1,"9":1,"10":0},"b":{"0":[0,1],"1":[1,0],"2":[0],"3":[1]}}
,"/home/david/ssi/ssi2/packages/claim-verify/src/compress.ts": {"path":"/home/david/ssi/ssi2/packages/claim-verify/src/compress.ts","statementMap":{"0":{"start":{"line":1,"column":0},"end":{"line":1,"column":34}},"1":{"start":{"line":2,"column":0},"end":{"line":2,"column":62}},"2":{"start":{"line":11,"column":0},"end":{"line":11,"column":22}},"3":{"start":{"line":15,"column":0},"end":{"line":15,"column":null}},"4":{"start":{"line":11,"column":22},"end":{"line":11,"column":30}},"5":{"start":{"line":17,"column":0},"end":{"line":17,"column":13}},"6":{"start":{"line":18,"column":2},"end":{"line":21,"column":null}},"7":{"start":{"line":20,"column":4},"end":{"line":20,"column":33}},"8":{"start":{"line":22,"column":2},"end":{"line":24,"column":null}},"9":{"start":{"line":23,"column":4},"end":{"line":23,"column":34}},"10":{"start":{"line":25,"column":0},"end":{"line":25,"column":null}},"11":{"start":{"line":17,"column":13},"end":{"line":17,"column":27}},"12":{"start":{"line":30,"column":0},"end":{"line":30,"column":13}},"13":{"start":{"line":45,"column":22},"end":{"line":45,"column":42}},"14":{"start":{"line":39,"column":2},"end":{"line":39,"column":15}},"15":{"start":{"line":46,"column":4},"end":{"line":46,"column":46}},"16":{"start":{"line":47,"column":4},"end":{"line":47,"column":19}},"17":{"start":{"line":53,"column":2},"end":{"line":58,"column":null}},"18":{"start":{"line":54,"column":23},"end":{"line":54,"column":57}},"19":{"start":{"line":56,"column":21},"end":{"line":56,"column":77}},"20":{"start":{"line":57,"column":4},"end":{"line":57,"column":50}},"21":{"start":{"line":65,"column":2},"end":{"line":70,"column":null}},"22":{"start":{"line":66,"column":18},"end":{"line":66,"column":49}},"23":{"start":{"line":67,"column":20},"end":{"line":67,"column":40}},"24":{"start":{"line":68,"column":19},"end":{"line":68,"column":49}},"25":{"start":{"line":69,"column":4},"end":{"line":69,"column":32}},"26":{"start":{"line":77,"column":2},"end":{"line":82,"column":null}},"27":{"start":{"line":78,"column":18},"end":{"line":78,"column":49}},"28":{"start":{"line":79,"column":19},"end":{"line":79,"column":38}},"29":{"start":{"line":80,"column":20},"end":{"line":80,"column":40}},"30":{"start":{"line":81,"column":4},"end":{"line":81,"column":40}},"31":{"start":{"line":83,"column":0},"end":{"line":83,"column":null}},"32":{"start":{"line":30,"column":13},"end":{"line":30,"column":18}}},"fnMap":{"0":{"name":"(anonymous_0)","decl":{"start":{"line":11,"column":0},"end":{"line":11,"column":22}},"loc":{"start":{"line":11,"column":0},"end":{"line":15,"column":null}}},"1":{"name":"(anonymous_2)","decl":{"start":{"line":17,"column":0},"end":{"line":17,"column":13}},"loc":{"start":{"line":17,"column":0},"end":{"line":25,"column":null}}},"2":{"name":"(anonymous_4)","decl":{"start":{"line":18,"column":2},"end":{"line":18,"column":10}},"loc":{"start":{"line":18,"column":22},"end":{"line":21,"column":3}}},"3":{"name":"(anonymous_5)","decl":{"start":{"line":22,"column":2},"end":{"line":22,"column":12}},"loc":{"start":{"line":22,"column":29},"end":{"line":24,"column":3}}},"4":{"name":"(anonymous_6)","decl":{"start":{"line":30,"column":0},"end":{"line":30,"column":13}},"loc":{"start":{"line":30,"column":0},"end":{"line":83,"column":null}}},"5":{"name":"Proto","decl":{"start":{"line":45,"column":2},"end":{"line":45,"column":22}},"loc":{"start":{"line":45,"column":42},"end":{"line":48,"column":3}}},"6":{"name":"(anonymous_8)","decl":{"start":{"line":53,"column":2},"end":{"line":53,"column":9}},"loc":{"start":{"line":53,"column":2},"end":{"line":58,"column":3}}},"7":{"name":"(anonymous_9)","decl":{"start":{"line":65,"column":2},"end":{"line":65,"column":10}},"loc":{"start":{"line":65,"column":23},"end":{"line":70,"column":3}}},"8":{"name":"(anonymous_10)","decl":{"start":{"line":77,"column":2},"end":{"line":77,"column":12}},"loc":{"start":{"line":77,"column":29},"end":{"line":82,"column":3}}}},"branchMap":{},"s":{"0":1,"1":1,"2":1,"3":1,"4":1,"5":1,"6":1,"7":1,"8":1,"9":1,"10":1,"11":1,"12":1,"13":0,"14":0,"15":0,"16":0,"17":1,"18":0,"19":0,"20":0,"21":1,"22":0,"23":0,"24":0,"25":0,"26":1,"27":0,"28":0,"29":0,"30":0,"31":1,"32":1},"f":{"0":1,"1":3,"2":1,"3":1,"4":1,"5":0,"6":0,"7":0,"8":0},"b":{}}
,"/home/david/ssi/ssi2/packages/claim-verify/src/index.ts": {"path":"/home/david/ssi/ssi2/packages/claim-verify/src/index.ts","statementMap":{"0":{"start":{"line":1,"column":0},"end":{"line":1,"column":31}},"1":{"start":{"line":2,"column":0},"end":{"line":2,"column":24}},"2":{"start":{"line":3,"column":0},"end":{"line":3,"column":27}},"3":{"start":{"line":4,"column":0},"end":{"line":4,"column":41}}},"fnMap":{},"branchMap":{},"s":{"0":1,"1":1,"2":1,"3":1},"f":{},"b":{}}
}
