TN:
SF:src/claim-verifier-service.ts
FN:12,(anonymous_0)
FN:13,ClaimVerifierService
FN:26,(anonymous_2)
FN:55,(anonymous_5)
FN:67,(anonymous_6)
FNF:5
FNH:4
FNDA:1,(anonymous_0)
FNDA:1,ClaimVerifierService
FNDA:1,(anonymous_2)
FNDA:0,(anonymous_5)
FNDA:1,(anonymous_6)
DA:2,1
DA:5,1
DA:6,1
DA:7,1
DA:12,1
DA:14,1
DA:15,1
DA:16,1
DA:26,1
DA:28,1
DA:29,1
DA:30,1
DA:32,1
DA:36,0
DA:38,1
DA:41,1
DA:46,1
DA:47,1
DA:48,0
DA:52,1
DA:53,1
DA:56,0
DA:58,1
DA:59,1
DA:60,1
DA:67,1
DA:71,1
DA:73,1
LF:28
LH:25
BRDA:32,0,0,0
BRDA:32,0,1,1
BRDA:33,1,0,1
BRDA:33,1,1,0
BRDA:47,2,0,0
BRF:5
BRH:2
end_of_record
TN:
SF:src/claim.ts
FN:9,(anonymous_0)
FN:23,Claim
FN:48,(anonymous_2)
FN:49,(anonymous_5)
FN:59,(anonymous_6)
FN:73,(anonymous_7)
FN:82,(anonymous_8)
FN:90,(anonymous_9)
FN:97,(anonymous_10)
FN:129,(anonymous_13)
FN:137,(anonymous_14)
FNF:11
FNH:9
FNDA:1,(anonymous_0)
FNDA:1,Claim
FNDA:1,(anonymous_2)
FNDA:1,(anonymous_5)
FNDA:1,(anonymous_6)
FNDA:0,(anonymous_7)
FNDA:1,(anonymous_8)
FNDA:1,(anonymous_9)
FNDA:1,(anonymous_10)
FNDA:1,(anonymous_13)
FNDA:0,(anonymous_14)
DA:1,1
DA:2,1
DA:4,1
DA:5,1
DA:9,1
DA:24,1
DA:25,1
DA:29,1
DA:33,0
DA:35,1
DA:37,1
DA:48,1
DA:49,1
DA:50,1
DA:60,1
DA:61,0
DA:63,1
DA:73,1
DA:74,0
DA:82,1
DA:83,1
DA:90,1
DA:91,1
DA:97,1
DA:99,1
DA:100,1
DA:129,1
DA:130,1
DA:137,1
DA:138,0
DA:140,1
LF:31
LH:27
BRDA:29,0,0,0
BRDA:29,0,1,1
BRDA:30,1,0,1
BRDA:30,1,1,0
BRDA:60,2,0,0
BRDA:99,3,0,1
BRF:6
BRH:3
end_of_record
TN:
SF:src/compress.ts
FN:11,(anonymous_0)
FN:17,(anonymous_2)
FN:18,(anonymous_4)
FN:22,(anonymous_5)
FN:30,(anonymous_6)
FN:45,Proto
FN:53,(anonymous_8)
FN:65,(anonymous_9)
FN:77,(anonymous_10)
FNF:9
FNH:5
FNDA:1,(anonymous_0)
FNDA:3,(anonymous_2)
FNDA:1,(anonymous_4)
FNDA:1,(anonymous_5)
FNDA:1,(anonymous_6)
FNDA:0,Proto
FNDA:0,(anonymous_8)
FNDA:0,(anonymous_9)
FNDA:0,(anonymous_10)
DA:1,1
DA:2,1
DA:11,1
DA:15,1
DA:17,1
DA:18,1
DA:20,1
DA:22,1
DA:23,1
DA:25,1
DA:30,1
DA:39,0
DA:45,0
DA:46,0
DA:47,0
DA:53,1
DA:54,0
DA:56,0
DA:57,0
DA:65,1
DA:66,0
DA:67,0
DA:68,0
DA:69,0
DA:77,1
DA:78,0
DA:79,0
DA:80,0
DA:81,0
DA:83,1
LF:30
LH:15
BRF:0
BRH:0
end_of_record
TN:
SF:src/index.ts
FNF:0
FNH:0
DA:1,1
DA:2,1
DA:3,1
DA:4,1
LF:4
LH:4
BRF:0
BRH:0
end_of_record
