<?xml version="1.0" encoding="UTF-8"?>
<coverage generated="1637247365995" clover="3.2.0">
  <project timestamp="1637247365995" name="All files">
    <metrics statements="93" coveredstatements="60" conditionals="16" coveredconditionals="8" methods="28" coveredmethods="18" elements="137" coveredelements="86" complexity="0" loc="93" ncloc="93" packages="1" files="2" classes="2"/>
    <file name="index.ts" path="/home/david/ssi/ssi2/packages/wallet/src/index.ts">
      <metrics statements="1" coveredstatements="1" conditionals="0" coveredconditionals="0" methods="0" coveredmethods="0"/>
      <line num="1" count="1" type="stmt"/>
    </file>
    <file name="walletService.ts" path="/home/david/ssi/ssi2/packages/wallet/src/walletService.ts">
      <metrics statements="92" coveredstatements="59" conditionals="16" coveredconditionals="8" methods="28" coveredmethods="18"/>
      <line num="1" count="1" type="stmt"/>
      <line num="13" count="1" type="stmt"/>
      <line num="14" count="1" type="stmt"/>
      <line num="18" count="2" type="stmt"/>
      <line num="23" count="1" type="stmt"/>
      <line num="24" count="2" type="cond" truecount="0" falsecount="1"/>
      <line num="25" count="0" type="stmt"/>
      <line num="27" count="2" type="stmt"/>
      <line num="29" count="0" type="stmt"/>
      <line num="31" count="0" type="stmt"/>
      <line num="33" count="0" type="stmt"/>
      <line num="35" count="0" type="stmt"/>
      <line num="36" count="0" type="stmt"/>
      <line num="37" count="0" type="stmt"/>
      <line num="46" count="1" type="stmt"/>
      <line num="47" count="1" type="stmt"/>
      <line num="55" count="1" type="stmt"/>
      <line num="56" count="6" type="stmt"/>
      <line num="57" count="27" type="stmt"/>
      <line num="65" count="1" type="stmt"/>
      <line num="66" count="2" type="stmt"/>
      <line num="67" count="10" type="stmt"/>
      <line num="69" count="2" type="cond" truecount="1" falsecount="0"/>
      <line num="70" count="2" type="stmt"/>
      <line num="72" count="4" type="stmt"/>
      <line num="73" count="2" type="stmt"/>
      <line num="75" count="2" type="stmt"/>
      <line num="78" count="1" type="stmt"/>
      <line num="82" count="6" type="stmt"/>
      <line num="85" count="6" type="stmt"/>
      <line num="86" count="30" type="stmt"/>
      <line num="91" count="6" type="stmt"/>
      <line num="94" count="1" type="stmt"/>
      <line num="98" count="0" type="stmt"/>
      <line num="101" count="0" type="stmt"/>
      <line num="102" count="0" type="stmt"/>
      <line num="107" count="0" type="cond" truecount="0" falsecount="1"/>
      <line num="109" count="0" type="cond" truecount="0" falsecount="1"/>
      <line num="113" count="0" type="stmt"/>
      <line num="115" count="0" type="stmt"/>
      <line num="116" count="0" type="stmt"/>
      <line num="123" count="0" type="cond" truecount="0" falsecount="1"/>
      <line num="126" count="1" type="stmt"/>
      <line num="128" count="0" type="stmt"/>
      <line num="129" count="0" type="cond" truecount="0" falsecount="1"/>
      <line num="130" count="0" type="stmt"/>
      <line num="132" count="0" type="stmt"/>
      <line num="134" count="0" type="stmt"/>
      <line num="135" count="0" type="stmt"/>
      <line num="137" count="0" type="stmt"/>
      <line num="138" count="0" type="stmt"/>
      <line num="150" count="1" type="stmt"/>
      <line num="155" count="0" type="stmt"/>
      <line num="156" count="0" type="stmt"/>
      <line num="157" count="0" type="stmt"/>
      <line num="163" count="0" type="stmt"/>
      <line num="164" count="0" type="stmt"/>
      <line num="169" count="0" type="stmt"/>
      <line num="174" count="0" type="stmt"/>
      <line num="175" count="0" type="stmt"/>
      <line num="185" count="1" type="stmt"/>
      <line num="186" count="2" type="cond" truecount="0" falsecount="1"/>
      <line num="189" count="2" type="cond" truecount="1" falsecount="0"/>
      <line num="191" count="2" type="stmt"/>
      <line num="192" count="4" type="stmt"/>
      <line num="193" count="2" type="stmt"/>
      <line num="195" count="2" type="stmt"/>
      <line num="196" count="6" type="stmt"/>
      <line num="201" count="2" type="stmt"/>
      <line num="210" count="1" type="stmt"/>
      <line num="211" count="1" type="stmt"/>
      <line num="212" count="1" type="stmt"/>
      <line num="213" count="1" type="stmt"/>
      <line num="214" count="1" type="stmt"/>
      <line num="215" count="5" type="stmt"/>
      <line num="216" count="1" type="stmt"/>
      <line num="218" count="5" type="stmt"/>
      <line num="220" count="2" type="stmt"/>
      <line num="222" count="3" type="cond" truecount="1" falsecount="0"/>
      <line num="223" count="1" type="stmt"/>
      <line num="228" count="1" type="stmt"/>
      <line num="229" count="5" type="stmt"/>
      <line num="231" count="1" type="cond" truecount="1" falsecount="0"/>
      <line num="232" count="1" type="stmt"/>
      <line num="234" count="2" type="stmt"/>
      <line num="245" count="1" type="stmt"/>
      <line num="246" count="5" type="stmt"/>
      <line num="248" count="5" type="cond" truecount="2" falsecount="0"/>
      <line num="249" count="1" type="stmt"/>
      <line num="251" count="4" type="stmt"/>
      <line num="255" count="0" type="stmt"/>
      <line num="259" count="1" type="stmt"/>
    </file>
  </project>
</coverage>
