{"/home/david/ssi/ssi2/packages/wallet/src/index.ts": {"path":"/home/david/ssi/ssi2/packages/wallet/src/index.ts","statementMap":{"0":{"start":{"line":1,"column":0},"end":{"line":1,"column":32}}},"fnMap":{},"branchMap":{},"s":{"0":1},"f":{},"b":{}}
,"/home/david/ssi/ssi2/packages/wallet/src/walletService.ts": {"path":"/home/david/ssi/ssi2/packages/wallet/src/walletService.ts","statementMap":{"0":{"start":{"line":1,"column":0},"end":{"line":1,"column":null}},"1":{"start":{"line":13,"column":0},"end":{"line":13,"column":78}},"2":{"start":{"line":14,"column":0},"end":{"line":14,"column":13}},"3":{"start":{"line":18,"column":21},"end":{"line":18,"column":49}},"4":{"start":{"line":23,"column":15},"end":{"line":40,"column":null}},"5":{"start":{"line":24,"column":4},"end":{"line":26,"column":null}},"6":{"start":{"line":25,"column":6},"end":{"line":25,"column":37}},"7":{"start":{"line":27,"column":4},"end":{"line":27,"column":9}},"8":{"start":{"line":27,"column":15},"end":{"line":39,"column":7}},"9":{"start":{"line":29,"column":12},"end":{"line":39,"column":6}},"10":{"start":{"line":31,"column":6},"end":{"line":38,"column":9}},"11":{"start":{"line":33,"column":25},"end":{"line":38,"column":8}},"12":{"start":{"line":35,"column":8},"end":{"line":35,"column":64}},"13":{"start":{"line":36,"column":8},"end":{"line":36,"column":44}},"14":{"start":{"line":37,"column":8},"end":{"line":37,"column":26}},"15":{"start":{"line":27,"column":4},"end":{"line":39,"column":7}},"16":{"start":{"line":46,"column":2},"end":{"line":48,"column":null}},"17":{"start":{"line":47,"column":4},"end":{"line":47,"column":46}},"18":{"start":{"line":55,"column":2},"end":{"line":59,"column":null}},"19":{"start":{"line":56,"column":4},"end":{"line":58,"column":6}},"20":{"start":{"line":57,"column":17},"end":{"line":57,"column":null}},"21":{"start":{"line":65,"column":8},"end":{"line":76,"column":null}},"22":{"start":{"line":66,"column":10},"end":{"line":68,"column":6}},"23":{"start":{"line":67,"column":17},"end":{"line":67,"column":null}},"24":{"start":{"line":69,"column":4},"end":{"line":71,"column":null}},"25":{"start":{"line":70,"column":6},"end":{"line":70,"column":64}},"26":{"start":{"line":72,"column":4},"end":{"line":72,"column":40}},"27":{"start":{"line":73,"column":4},"end":{"line":73,"column":30}},"28":{"start":{"line":75,"column":4},"end":{"line":75,"column":55}},"29":{"start":{"line":78,"column":2},"end":{"line":92,"column":null}},"30":{"start":{"line":82,"column":23},"end":{"line":83,"column":null}},"31":{"start":{"line":85,"column":22},"end":{"line":90,"column":6}},"32":{"start":{"line":86,"column":6},"end":{"line":89,"column":8}},"33":{"start":{"line":91,"column":4},"end":{"line":91,"column":21}},"34":{"start":{"line":94,"column":8},"end":{"line":124,"column":null}},"35":{"start":{"line":98,"column":10},"end":{"line":100,"column":6}},"36":{"start":{"line":101,"column":10},"end":{"line":106,"column":7}},"37":{"start":{"line":102,"column":6},"end":{"line":105,"column":8}},"38":{"start":{"line":107,"column":8},"end":{"line":107,"column":12}},"39":{"start":{"line":109,"column":8},"end":{"line":109,"column":36}},"40":{"start":{"line":113,"column":8},"end":{"line":113,"column":18}},"41":{"start":{"line":113,"column":18},"end":{"line":113,"column":61}},"42":{"start":{"line":113,"column":8},"end":{"line":113,"column":62}},"43":{"start":{"line":115,"column":8},"end":{"line":115,"column":null}},"44":{"start":{"line":116,"column":10},"end":{"line":119,"column":null}},"45":{"start":{"line":115,"column":8},"end":{"line":120,"column":10}},"46":{"start":{"line":123,"column":4},"end":{"line":123,"column":16}},"47":{"start":{"line":126,"column":2},"end":{"line":140,"column":null}},"48":{"start":{"line":126,"column":2},"end":{"line":126,"column":31}},"49":{"start":{"line":128,"column":19},"end":{"line":128,"column":51}},"50":{"start":{"line":129,"column":4},"end":{"line":131,"column":null}},"51":{"start":{"line":130,"column":6},"end":{"line":130,"column":43}},"52":{"start":{"line":132,"column":4},"end":{"line":139,"column":7}},"53":{"start":{"line":132,"column":65},"end":{"line":139,"column":6}},"54":{"start":{"line":134,"column":6},"end":{"line":134,"column":62}},"55":{"start":{"line":135,"column":6},"end":{"line":135,"column":42}},"56":{"start":{"line":137,"column":6},"end":{"line":137,"column":28}},"57":{"start":{"line":138,"column":6},"end":{"line":138,"column":28}},"58":{"start":{"line":150,"column":8},"end":{"line":176,"column":null}},"59":{"start":{"line":155,"column":10},"end":{"line":155,"column":42}},"60":{"start":{"line":157,"column":6},"end":{"line":160,"column":null}},"61":{"start":{"line":156,"column":10},"end":{"line":161,"column":null}},"62":{"start":{"line":163,"column":4},"end":{"line":163,"column":42}},"63":{"start":{"line":164,"column":10},"end":{"line":167,"column":6}},"64":{"start":{"line":169,"column":16},"end":{"line":172,"column":null}},"65":{"start":{"line":169,"column":10},"end":{"line":172,"column":null}},"66":{"start":{"line":174,"column":4},"end":{"line":174,"column":59}},"67":{"start":{"line":175,"column":4},"end":{"line":175,"column":15}},"68":{"start":{"line":185,"column":8},"end":{"line":202,"column":null}},"69":{"start":{"line":186,"column":4},"end":{"line":186,"column":null}},"70":{"start":{"line":189,"column":19},"end":{"line":189,"column":null}},"71":{"start":{"line":189,"column":10},"end":{"line":189,"column":null}},"72":{"start":{"line":191,"column":4},"end":{"line":191,"column":52}},"73":{"start":{"line":192,"column":4},"end":{"line":192,"column":40}},"74":{"start":{"line":193,"column":4},"end":{"line":193,"column":57}},"75":{"start":{"line":195,"column":4},"end":{"line":200,"column":6}},"76":{"start":{"line":196,"column":6},"end":{"line":199,"column":null}},"77":{"start":{"line":201,"column":4},"end":{"line":201,"column":18}},"78":{"start":{"line":210,"column":15},"end":{"line":236,"column":null}},"79":{"start":{"line":211,"column":10},"end":{"line":211,"column":36}},"80":{"start":{"line":212,"column":10},"end":{"line":212,"column":37}},"81":{"start":{"line":213,"column":10},"end":{"line":213,"column":50}},"82":{"start":{"line":214,"column":4},"end":{"line":219,"column":7}},"83":{"start":{"line":215,"column":22},"end":{"line":216,"column":null}},"84":{"start":{"line":216,"column":8},"end":{"line":216,"column":null}},"85":{"start":{"line":218,"column":6},"end":{"line":218,"column":29}},"86":{"start":{"line":220,"column":4},"end":{"line":220,"column":32}},"87":{"start":{"line":223,"column":6},"end":{"line":227,"column":8}},"88":{"start":{"line":228,"column":12},"end":{"line":230,"column":8}},"89":{"start":{"line":229,"column":19},"end":{"line":229,"column":null}},"90":{"start":{"line":231,"column":6},"end":{"line":233,"column":null}},"91":{"start":{"line":232,"column":8},"end":{"line":232,"column":66}},"92":{"start":{"line":234,"column":6},"end":{"line":234,"column":42}},"93":{"start":{"line":222,"column":39},"end":{"line":222,"column":null}},"94":{"start":{"line":222,"column":28},"end":{"line":222,"column":null}},"95":{"start":{"line":222,"column":15},"end":{"line":222,"column":28}},"96":{"start":{"line":245,"column":16},"end":{"line":258,"column":null}},"97":{"start":{"line":246,"column":4},"end":{"line":257,"column":6}},"98":{"start":{"line":248,"column":8},"end":{"line":252,"column":null}},"99":{"start":{"line":249,"column":10},"end":{"line":249,"column":72}},"100":{"start":{"line":251,"column":10},"end":{"line":251,"column":35}},"101":{"start":{"line":255,"column":8},"end":{"line":255,"column":63}},"102":{"start":{"line":259,"column":0},"end":{"line":259,"column":null}},"103":{"start":{"line":14,"column":13},"end":{"line":14,"column":26}}},"fnMap":{"0":{"name":"(anonymous_0)","decl":{"start":{"line":14,"column":0},"end":{"line":14,"column":13}},"loc":{"start":{"line":14,"column":0},"end":{"line":259,"column":null}}},"1":{"name":"WalletService","decl":{"start":{"line":18,"column":2},"end":{"line":18,"column":21}},"loc":{"start":{"line":18,"column":49},"end":{"line":18,"column":53}}},"2":{"name":"(anonymous_2)","decl":{"start":{"line":23,"column":2},"end":{"line":23,"column":15}},"loc":{"start":{"line":23,"column":2},"end":{"line":40,"column":null}}},"3":{"name":"(anonymous_5)","decl":{"start":{"line":29,"column":12},"end":{"line":29,"column":null}},"loc":{"start":{"line":29,"column":12},"end":{"line":39,"column":6}}},"4":{"name":"(anonymous_8)","decl":{"start":{"line":33,"column":13},"end":{"line":33,"column":19}},"loc":{"start":{"line":33,"column":25},"end":{"line":38,"column":8}}},"5":{"name":"(anonymous_9)","decl":{"start":{"line":33,"column":25},"end":{"line":33,"column":null}},"loc":{"start":{"line":33,"column":25},"end":{"line":38,"column":8}}},"6":{"name":"(anonymous_11)","decl":{"start":{"line":46,"column":2},"end":{"line":46,"column":10}},"loc":{"start":{"line":46,"column":2},"end":{"line":48,"column":3}}},"7":{"name":"(anonymous_12)","decl":{"start":{"line":55,"column":2},"end":{"line":55,"column":13}},"loc":{"start":{"line":55,"column":24},"end":{"line":59,"column":3}}},"8":{"name":"(anonymous_13)","decl":{"start":{"line":57,"column":6},"end":{"line":57,"column":13}},"loc":{"start":{"line":57,"column":13},"end":{"line":57,"column":24}}},"9":{"name":"(anonymous_14)","decl":{"start":{"line":65,"column":2},"end":{"line":65,"column":8}},"loc":{"start":{"line":65,"column":35},"end":{"line":76,"column":null}}},"10":{"name":"(anonymous_17)","decl":{"start":{"line":67,"column":6},"end":{"line":67,"column":13}},"loc":{"start":{"line":67,"column":13},"end":{"line":67,"column":24}}},"11":{"name":"(anonymous_18)","decl":{"start":{"line":78,"column":2},"end":{"line":78,"column":6}},"loc":{"start":{"line":80,"column":41},"end":{"line":92,"column":3}}},"12":{"name":"(anonymous_19)","decl":{"start":{"line":85,"column":64},"end":{"line":85,"column":71}},"loc":{"start":{"line":85,"column":71},"end":{"line":90,"column":5}}},"13":{"name":"(anonymous_20)","decl":{"start":{"line":94,"column":2},"end":{"line":94,"column":8}},"loc":{"start":{"line":96,"column":41},"end":{"line":124,"column":null}}},"14":{"name":"(anonymous_23)","decl":{"start":{"line":101,"column":59},"end":{"line":101,"column":66}},"loc":{"start":{"line":101,"column":66},"end":{"line":106,"column":5}}},"15":{"name":"(anonymous_24)","decl":{"start":{"line":126,"column":2},"end":{"line":126,"column":31}},"loc":{"start":{"line":126,"column":2},"end":{"line":140,"column":3}}},"16":{"name":"(anonymous_25)","decl":{"start":{"line":132,"column":53},"end":{"line":132,"column":59}},"loc":{"start":{"line":132,"column":65},"end":{"line":139,"column":6}}},"17":{"name":"(anonymous_26)","decl":{"start":{"line":132,"column":65},"end":{"line":132,"column":null}},"loc":{"start":{"line":132,"column":65},"end":{"line":139,"column":6}}},"18":{"name":"(anonymous_28)","decl":{"start":{"line":150,"column":2},"end":{"line":150,"column":8}},"loc":{"start":{"line":152,"column":41},"end":{"line":176,"column":null}}},"19":{"name":"(anonymous_31)","decl":{"start":{"line":185,"column":2},"end":{"line":185,"column":8}},"loc":{"start":{"line":187,"column":41},"end":{"line":202,"column":null}}},"20":{"name":"(anonymous_34)","decl":{"start":{"line":195,"column":38},"end":{"line":195,"column":62}},"loc":{"start":{"line":195,"column":62},"end":{"line":196,"column":10}}},"21":{"name":"(anonymous_35)","decl":{"start":{"line":210,"column":2},"end":{"line":210,"column":15}},"loc":{"start":{"line":210,"column":2},"end":{"line":236,"column":null}}},"22":{"name":"(anonymous_38)","decl":{"start":{"line":214,"column":20},"end":{"line":214,"column":27}},"loc":{"start":{"line":214,"column":27},"end":{"line":219,"column":5}}},"23":{"name":"(anonymous_39)","decl":{"start":{"line":215,"column":54},"end":{"line":215,"column":null}},"loc":{"start":{"line":215,"column":54},"end":{"line":216,"column":19}}},"24":{"name":"(anonymous_42)","decl":{"start":{"line":229,"column":8},"end":{"line":229,"column":15}},"loc":{"start":{"line":229,"column":15},"end":{"line":229,"column":26}}},"25":{"name":"(anonymous_43)","decl":{"start":{"line":245,"column":2},"end":{"line":245,"column":16}},"loc":{"start":{"line":245,"column":53},"end":{"line":258,"column":null}}},"26":{"name":"(anonymous_46)","decl":{"start":{"line":247,"column":6},"end":{"line":247,"column":9}},"loc":{"start":{"line":247,"column":9},"end":{"line":253,"column":7}}},"27":{"name":"(anonymous_47)","decl":{"start":{"line":254,"column":6},"end":{"line":254,"column":7}},"loc":{"start":{"line":254,"column":17},"end":{"line":256,"column":7}}}},"branchMap":{"0":{"loc":{"start":{"line":24,"column":4},"end":{"line":26,"column":null}},"type":"if","locations":[{"start":{"line":24,"column":4},"end":{"line":26,"column":null}}]},"1":{"loc":{"start":{"line":69,"column":4},"end":{"line":71,"column":null}},"type":"if","locations":[{"start":{"line":69,"column":4},"end":{"line":71,"column":null}}]},"2":{"loc":{"start":{"line":87,"column":8},"end":{"line":88,"column":47}},"type":"binary-expr","locations":[{"start":{"line":87,"column":8},"end":{"line":87,"column":47}},{"start":{"line":88,"column":8},"end":{"line":88,"column":47}}]},"3":{"loc":{"start":{"line":123,"column":4},"end":{"line":123,"column":16}},"type":"switch","locations":[{"start":{"line":123,"column":4},"end":{"line":123,"column":16}}]},"4":{"loc":{"start":{"line":103,"column":8},"end":{"line":104,"column":47}},"type":"binary-expr","locations":[{"start":{"line":103,"column":8},"end":{"line":103,"column":47}},{"start":{"line":104,"column":8},"end":{"line":104,"column":47}}]},"5":{"loc":{"start":{"line":107,"column":8},"end":{"line":107,"column":12}},"type":"if","locations":[{"start":{"line":107,"column":8},"end":{"line":107,"column":12}}]},"6":{"loc":{"start":{"line":109,"column":8},"end":{"line":109,"column":36}},"type":"if","locations":[{"start":{"line":109,"column":8},"end":{"line":109,"column":36}}]},"7":{"loc":{"start":{"line":129,"column":4},"end":{"line":131,"column":null}},"type":"if","locations":[{"start":{"line":129,"column":4},"end":{"line":131,"column":null}}]},"8":{"loc":{"start":{"line":186,"column":4},"end":{"line":186,"column":null}},"type":"if","locations":[{"start":{"line":186,"column":4},"end":{"line":186,"column":null}}]},"9":{"loc":{"start":{"line":189,"column":19},"end":{"line":189,"column":null}},"type":"switch","locations":[{"start":{"line":189,"column":19},"end":{"line":189,"column":null}}]},"10":{"loc":{"start":{"line":231,"column":6},"end":{"line":233,"column":null}},"type":"if","locations":[{"start":{"line":231,"column":6},"end":{"line":233,"column":null}}]},"11":{"loc":{"start":{"line":222,"column":28},"end":{"line":222,"column":null}},"type":"if","locations":[{"start":{"line":222,"column":28},"end":{"line":222,"column":null}}]},"12":{"loc":{"start":{"line":248,"column":8},"end":{"line":252,"column":null}},"type":"if","locations":[{"start":{"line":248,"column":8},"end":{"line":252,"column":null}},{"start":{"line":250,"column":15},"end":{"line":252,"column":null}}]}},"s":{"0":1,"1":1,"2":1,"3":2,"4":1,"5":2,"6":0,"7":2,"8":2,"9":0,"10":0,"11":0,"12":0,"13":0,"14":0,"15":2,"16":1,"17":1,"18":1,"19":6,"20":27,"21":1,"22":2,"23":10,"24":2,"25":2,"26":4,"27":2,"28":2,"29":1,"30":6,"31":6,"32":30,"33":6,"34":1,"35":0,"36":0,"37":0,"38":0,"39":0,"40":0,"41":0,"42":0,"43":0,"44":0,"45":0,"46":0,"47":1,"48":0,"49":0,"50":0,"51":0,"52":0,"53":0,"54":0,"55":0,"56":0,"57":0,"58":1,"59":0,"60":0,"61":0,"62":0,"63":0,"64":0,"65":0,"66":0,"67":0,"68":1,"69":2,"70":2,"71":2,"72":2,"73":4,"74":2,"75":2,"76":6,"77":2,"78":1,"79":1,"80":1,"81":1,"82":1,"83":5,"84":1,"85":5,"86":2,"87":1,"88":1,"89":5,"90":1,"91":1,"92":2,"93":2,"94":3,"95":2,"96":1,"97":5,"98":5,"99":1,"100":4,"101":0,"102":1,"103":1},"f":{"0":1,"1":2,"2":2,"3":0,"4":0,"5":0,"6":1,"7":6,"8":27,"9":2,"10":10,"11":6,"12":30,"13":0,"14":0,"15":0,"16":0,"17":0,"18":0,"19":2,"20":6,"21":1,"22":5,"23":1,"24":5,"25":5,"26":5,"27":0},"b":{"0":[0],"1":[2],"2":[30,18],"3":[0],"4":[0,0],"5":[0],"6":[0],"7":[0],"8":[0],"9":[2],"10":[1],"11":[1],"12":[1,4]}}
}
