TN:
SF:src/index.ts
FNF:0
FNH:0
DA:1,1
LF:1
LH:1
BRF:0
BRH:0
end_of_record
TN:
SF:src/walletService.ts
FN:14,(anonymous_0)
FN:18,WalletService
FN:23,(anonymous_2)
FN:29,(anonymous_5)
FN:33,(anonymous_8)
FN:33,(anonymous_9)
FN:46,(anonymous_11)
FN:55,(anonymous_12)
FN:57,(anonymous_13)
FN:65,(anonymous_14)
FN:67,(anonymous_17)
FN:78,(anonymous_18)
FN:85,(anonymous_19)
FN:94,(anonymous_20)
FN:101,(anonymous_23)
FN:126,(anonymous_24)
FN:132,(anonymous_25)
FN:132,(anonymous_26)
FN:150,(anonymous_28)
FN:185,(anonymous_31)
FN:195,(anonymous_34)
FN:210,(anonymous_35)
FN:214,(anonymous_38)
FN:215,(anonymous_39)
FN:229,(anonymous_42)
FN:245,(anonymous_43)
FN:247,(anonymous_46)
FN:254,(anonymous_47)
FNF:28
FNH:18
FNDA:1,(anonymous_0)
FNDA:2,WalletService
FNDA:2,(anonymous_2)
FNDA:0,(anonymous_5)
FNDA:0,(anonymous_8)
FNDA:0,(anonymous_9)
FNDA:1,(anonymous_11)
FNDA:6,(anonymous_12)
FNDA:27,(anonymous_13)
FNDA:2,(anonymous_14)
FNDA:10,(anonymous_17)
FNDA:6,(anonymous_18)
FNDA:30,(anonymous_19)
FNDA:0,(anonymous_20)
FNDA:0,(anonymous_23)
FNDA:0,(anonymous_24)
FNDA:0,(anonymous_25)
FNDA:0,(anonymous_26)
FNDA:0,(anonymous_28)
FNDA:2,(anonymous_31)
FNDA:6,(anonymous_34)
FNDA:1,(anonymous_35)
FNDA:5,(anonymous_38)
FNDA:1,(anonymous_39)
FNDA:5,(anonymous_42)
FNDA:5,(anonymous_43)
FNDA:5,(anonymous_46)
FNDA:0,(anonymous_47)
DA:1,1
DA:13,1
DA:14,1
DA:18,2
DA:23,1
DA:24,2
DA:25,0
DA:27,2
DA:29,0
DA:31,0
DA:33,0
DA:35,0
DA:36,0
DA:37,0
DA:46,1
DA:47,1
DA:55,1
DA:56,6
DA:57,27
DA:65,1
DA:66,2
DA:67,10
DA:69,2
DA:70,2
DA:72,4
DA:73,2
DA:75,2
DA:78,1
DA:82,6
DA:85,6
DA:86,30
DA:91,6
DA:94,1
DA:98,0
DA:101,0
DA:102,0
DA:107,0
DA:109,0
DA:113,0
DA:115,0
DA:116,0
DA:123,0
DA:126,1
DA:128,0
DA:129,0
DA:130,0
DA:132,0
DA:134,0
DA:135,0
DA:137,0
DA:138,0
DA:150,1
DA:155,0
DA:156,0
DA:157,0
DA:163,0
DA:164,0
DA:169,0
DA:174,0
DA:175,0
DA:185,1
DA:186,2
DA:189,2
DA:191,2
DA:192,4
DA:193,2
DA:195,2
DA:196,6
DA:201,2
DA:210,1
DA:211,1
DA:212,1
DA:213,1
DA:214,1
DA:215,5
DA:216,1
DA:218,5
DA:220,2
DA:222,3
DA:223,1
DA:228,1
DA:229,5
DA:231,1
DA:232,1
DA:234,2
DA:245,1
DA:246,5
DA:248,5
DA:249,1
DA:251,4
DA:255,0
DA:259,1
LF:92
LH:59
BRDA:24,0,0,0
BRDA:69,1,0,2
BRDA:87,2,0,30
BRDA:87,2,1,18
BRDA:123,3,0,0
BRDA:103,4,0,0
BRDA:103,4,1,0
BRDA:107,5,0,0
BRDA:109,6,0,0
BRDA:129,7,0,0
BRDA:186,8,0,0
BRDA:189,9,0,2
BRDA:231,10,0,1
BRDA:222,11,0,1
BRDA:248,12,0,1
BRDA:248,12,1,4
BRF:16
BRH:8
end_of_record
