{"/home/david/ssi/ssi2/packages/config-local/src/index.ts": {"path":"/home/david/ssi/ssi2/packages/config-local/src/index.ts","statementMap":{"0":{"start":{"line":1,"column":0},"end":{"line":1,"column":39}}},"fnMap":{},"branchMap":{},"s":{"0":0},"f":{},"b":{}}
,"/home/david/ssi/ssi2/packages/config-local/src/local-config-service.ts": {"path":"/home/david/ssi/ssi2/packages/config-local/src/local-config-service.ts","statementMap":{"0":{"start":{"line":1,"column":0},"end":{"line":1,"column":null}},"1":{"start":{"line":10,"column":0},"end":{"line":10,"column":null}},"2":{"start":{"line":10,"column":40},"end":{"line":10,"column":53}},"3":{"start":{"line":12,"column":4},"end":{"line":12,"column":null}},"4":{"start":{"line":11,"column":22},"end":{"line":11,"column":41}},"5":{"start":{"line":15,"column":8},"end":{"line":27,"column":null}},"6":{"start":{"line":16,"column":8},"end":{"line":16,"column":14}},"7":{"start":{"line":17,"column":6},"end":{"line":17,"column":30}},"8":{"start":{"line":18,"column":6},"end":{"line":18,"column":13}},"9":{"start":{"line":20,"column":4},"end":{"line":24,"column":null}},"10":{"start":{"line":21,"column":6},"end":{"line":21,"column":27}},"11":{"start":{"line":23,"column":6},"end":{"line":23,"column":37}},"12":{"start":{"line":26,"column":4},"end":{"line":26,"column":66}},"13":{"start":{"line":29,"column":8},"end":{"line":35,"column":null}},"14":{"start":{"line":30,"column":4},"end":{"line":32,"column":null}},"15":{"start":{"line":31,"column":6},"end":{"line":31,"column":42}},"16":{"start":{"line":33,"column":4},"end":{"line":33,"column":63}},"17":{"start":{"line":34,"column":4},"end":{"line":34,"column":29}},"18":{"start":{"line":37,"column":8},"end":{"line":40,"column":null}},"19":{"start":{"line":38,"column":4},"end":{"line":38,"column":66}},"20":{"start":{"line":39,"column":4},"end":{"line":39,"column":29}},"21":{"start":{"line":42,"column":8},"end":{"line":45,"column":null}},"22":{"start":{"line":43,"column":4},"end":{"line":43,"column":40}},"23":{"start":{"line":44,"column":4},"end":{"line":44,"column":26}},"24":{"start":{"line":46,"column":0},"end":{"line":46,"column":null}},"25":{"start":{"line":10,"column":13},"end":{"line":10,"column":31}}},"fnMap":{"0":{"name":"(anonymous_0)","decl":{"start":{"line":10,"column":0},"end":{"line":10,"column":13}},"loc":{"start":{"line":10,"column":0},"end":{"line":46,"column":null}}},"1":{"name":"LocalConfigService","decl":{"start":{"line":11,"column":2},"end":{"line":11,"column":22}},"loc":{"start":{"line":11,"column":41},"end":{"line":13,"column":3}}},"2":{"name":"(anonymous_2)","decl":{"start":{"line":15,"column":2},"end":{"line":15,"column":8}},"loc":{"start":{"line":15,"column":28},"end":{"line":27,"column":null}}},"3":{"name":"(anonymous_5)","decl":{"start":{"line":29,"column":2},"end":{"line":29,"column":8}},"loc":{"start":{"line":29,"column":2},"end":{"line":35,"column":null}}},"4":{"name":"(anonymous_8)","decl":{"start":{"line":37,"column":2},"end":{"line":37,"column":8}},"loc":{"start":{"line":37,"column":2},"end":{"line":40,"column":null}}},"5":{"name":"(anonymous_11)","decl":{"start":{"line":42,"column":2},"end":{"line":42,"column":8}},"loc":{"start":{"line":42,"column":44},"end":{"line":45,"column":null}}}},"branchMap":{"0":{"loc":{"start":{"line":12,"column":4},"end":{"line":12,"column":null}},"type":"binary-expr","locations":[{"start":{"line":12,"column":4},"end":{"line":12,"column":11}},{"start":{"line":12,"column":11},"end":{"line":12,"column":null}}]},"1":{"loc":{"start":{"line":16,"column":8},"end":{"line":16,"column":14}},"type":"if","locations":[{"start":{"line":16,"column":8},"end":{"line":16,"column":14}}]},"2":{"loc":{"start":{"line":20,"column":4},"end":{"line":24,"column":null}},"type":"if","locations":[{"start":{"line":20,"column":4},"end":{"line":24,"column":null}},{"start":{"line":22,"column":11},"end":{"line":24,"column":null}}]},"3":{"loc":{"start":{"line":30,"column":4},"end":{"line":32,"column":null}},"type":"if","locations":[{"start":{"line":30,"column":4},"end":{"line":32,"column":null}}]},"4":{"loc":{"start":{"line":43,"column":4},"end":{"line":43,"column":40}},"type":"cond-expr","locations":[{"start":{"line":43,"column":24},"end":{"line":43,"column":26}},{"start":{"line":43,"column":24},"end":{"line":43,"column":40}}]},"5":{"loc":{"start":{"line":43,"column":4},"end":{"line":43,"column":26}},"type":"binary-expr","locations":[{"start":{"line":43,"column":4},"end":{"line":43,"column":26}},{"start":{"line":43,"column":24},"end":{"line":43,"column":26}}]}},"s":{"0":0,"1":0,"2":0,"3":0,"4":0,"5":0,"6":0,"7":0,"8":0,"9":0,"10":0,"11":0,"12":0,"13":0,"14":0,"15":0,"16":0,"17":0,"18":0,"19":0,"20":0,"21":0,"22":0,"23":0,"24":0,"25":0},"f":{"0":0,"1":0,"2":0,"3":0,"4":0,"5":0},"b":{"0":[0,0],"1":[0],"2":[0,0],"3":[0],"4":[0,0],"5":[0,0]}}
}
