<?xml version="1.0" encoding="UTF-8"?>
<coverage generated="1637247362050" clover="3.2.0">
  <project timestamp="1637247362050" name="All files">
    <metrics statements="143" coveredstatements="120" conditionals="47" coveredconditionals="16" methods="40" coveredmethods="27" elements="230" coveredelements="163" complexity="0" loc="143" ncloc="143" packages="1" files="4" classes="4"/>
    <file name="cloud-config-service.ts" path="/home/david/ssi/ssi2/packages/config-cloud/src/cloud-config-service.ts">
      <metrics statements="11" coveredstatements="10" conditionals="3" coveredconditionals="2" methods="5" coveredmethods="4"/>
      <line num="1" count="1" type="stmt"/>
      <line num="10" count="1" type="stmt"/>
      <line num="11" count="1" type="stmt"/>
      <line num="12" count="1" type="cond" truecount="2" falsecount="0"/>
      <line num="17" count="1" type="stmt"/>
      <line num="18" count="1" type="stmt"/>
      <line num="21" count="1" type="stmt"/>
      <line num="22" count="1" type="stmt"/>
      <line num="25" count="1" type="stmt"/>
      <line num="26" count="0" type="cond" truecount="0" falsecount="1"/>
      <line num="28" count="1" type="stmt"/>
    </file>
    <file name="cloud-encryption.ts" path="/home/david/ssi/ssi2/packages/config-cloud/src/cloud-encryption.ts">
      <metrics statements="52" coveredstatements="50" conditionals="10" coveredconditionals="9" methods="15" coveredmethods="14"/>
      <line num="1" count="1" type="stmt"/>
      <line num="11" count="1" type="stmt"/>
      <line num="12" count="3" type="stmt"/>
      <line num="32" count="1" type="stmt"/>
      <line num="33" count="6" type="cond" truecount="1" falsecount="0"/>
      <line num="34" count="6" type="stmt"/>
      <line num="35" count="6" type="stmt"/>
      <line num="40" count="1" type="stmt"/>
      <line num="41" count="6" type="stmt"/>
      <line num="44" count="1" type="stmt"/>
      <line num="45" count="4" type="stmt"/>
      <line num="53" count="1" type="stmt"/>
      <line num="54" count="6" type="stmt"/>
      <line num="55" count="12" type="stmt"/>
      <line num="62" count="1" type="stmt"/>
      <line num="64" count="2" type="cond" truecount="0" falsecount="1"/>
      <line num="66" count="2" type="cond" truecount="1" falsecount="0"/>
      <line num="74" count="2" type="stmt"/>
      <line num="77" count="1" type="stmt"/>
      <line num="78" count="0" type="stmt"/>
      <line num="89" count="1" type="stmt"/>
      <line num="90" count="4" type="stmt"/>
      <line num="97" count="1" type="stmt"/>
      <line num="98" count="2" type="cond" truecount="1" falsecount="0"/>
      <line num="102" count="2" type="stmt"/>
      <line num="105" count="1" type="stmt"/>
      <line num="106" count="6" type="stmt"/>
      <line num="116" count="1" type="stmt"/>
      <line num="117" count="4" type="cond" truecount="1" falsecount="0"/>
      <line num="118" count="0" type="stmt"/>
      <line num="120" count="2" type="stmt"/>
      <line num="121" count="2" type="stmt"/>
      <line num="128" count="1" type="stmt"/>
      <line num="130" count="4" type="cond" truecount="1" falsecount="0"/>
      <line num="132" count="3" type="cond" truecount="1" falsecount="0"/>
      <line num="140" count="3" type="stmt"/>
      <line num="146" count="1" type="stmt"/>
      <line num="147" count="2" type="stmt"/>
      <line num="153" count="1" type="stmt"/>
      <line num="154" count="6" type="stmt"/>
      <line num="157" count="6" type="stmt"/>
      <line num="160" count="6" type="stmt"/>
      <line num="162" count="6" type="stmt"/>
      <line num="163" count="1008" type="stmt"/>
      <line num="165" count="6" type="stmt"/>
      <line num="175" count="12" type="cond" truecount="2" falsecount="0"/>
      <line num="176" count="6" type="cond" truecount="1" falsecount="0"/>
      <line num="178" count="6" type="stmt"/>
      <line num="184" count="6" type="stmt"/>
      <line num="193" count="6" type="stmt"/>
      <line num="205" count="6" type="stmt"/>
      <line num="209" count="1" type="stmt"/>
    </file>
    <file name="cloud-service.ts" path="/home/david/ssi/ssi2/packages/config-cloud/src/cloud-service.ts">
      <metrics statements="77" coveredstatements="57" conditionals="34" coveredconditionals="5" methods="20" coveredmethods="9"/>
      <line num="1" count="1" type="stmt"/>
      <line num="10" count="1" type="stmt"/>
      <line num="21" count="1" type="stmt"/>
      <line num="27" count="3" type="cond" truecount="0" falsecount="1"/>
      <line num="28" count="3" type="stmt"/>
      <line num="29" count="3" type="stmt"/>
      <line num="30" count="3" type="stmt"/>
      <line num="37" count="1" type="stmt"/>
      <line num="38" count="0" type="stmt"/>
      <line num="45" count="1" type="stmt"/>
      <line num="46" count="4" type="cond" truecount="0" falsecount="1"/>
      <line num="47" count="0" type="stmt"/>
      <line num="49" count="8" type="stmt"/>
      <line num="50" count="4" type="stmt"/>
      <line num="56" count="1" type="stmt"/>
      <line num="57" count="0" type="stmt"/>
      <line num="63" count="1" type="stmt"/>
      <line num="68" count="0" type="cond" truecount="0" falsecount="2"/>
      <line num="70" count="0" type="stmt"/>
      <line num="71" count="0" type="stmt"/>
      <line num="73" count="0" type="stmt"/>
      <line num="74" count="0" type="stmt"/>
      <line num="84" count="1" type="stmt"/>
      <line num="85" count="2" type="cond" truecount="2" falsecount="0"/>
      <line num="87" count="4" type="stmt"/>
      <line num="89" count="2" type="stmt"/>
      <line num="92" count="2" type="stmt"/>
      <line num="95" count="0" type="cond" truecount="0" falsecount="5"/>
      <line num="96" count="0" type="stmt"/>
      <line num="98" count="0" type="cond" truecount="0" falsecount="4"/>
      <line num="100" count="2" type="stmt"/>
      <line num="101" count="4" type="stmt"/>
      <line num="102" count="2" type="stmt"/>
      <line num="104" count="2" type="stmt"/>
      <line num="114" count="1" type="stmt"/>
      <line num="115" count="0" type="stmt"/>
      <line num="121" count="1" type="stmt"/>
      <line num="122" count="4" type="cond" truecount="0" falsecount="1"/>
      <line num="123" count="4" type="stmt"/>
      <line num="126" count="4" type="stmt"/>
      <line num="127" count="8" type="stmt"/>
      <line num="128" count="4" type="stmt"/>
      <line num="135" count="1" type="stmt"/>
      <line num="136" count="2" type="stmt"/>
      <line num="143" count="1" type="stmt"/>
      <line num="147" count="2" type="cond" truecount="0" falsecount="1"/>
      <line num="148" count="4" type="stmt"/>
      <line num="153" count="2" type="cond" truecount="1" falsecount="0"/>
      <line num="155" count="4" type="stmt"/>
      <line num="159" count="2" type="stmt"/>
      <line num="163" count="2" type="stmt"/>
      <line num="165" count="4" type="stmt"/>
      <line num="167" count="2" type="stmt"/>
      <line num="169" count="2" type="stmt"/>
      <line num="172" count="0" type="stmt"/>
      <line num="179" count="1" type="stmt"/>
      <line num="180" count="1" type="stmt"/>
      <line num="184" count="1" type="stmt"/>
      <line num="185" count="1" type="stmt"/>
      <line num="188" count="0" type="cond" truecount="0" falsecount="8"/>
      <line num="191" count="1" type="stmt"/>
      <line num="193" count="0" type="stmt"/>
      <line num="194" count="1" type="stmt"/>
      <line num="202" count="1" type="stmt"/>
      <line num="205" count="1" type="stmt"/>
      <line num="206" count="3" type="cond" truecount="1" falsecount="0"/>
      <line num="207" count="1" type="stmt"/>
      <line num="208" count="1" type="stmt"/>
      <line num="210" count="1" type="stmt"/>
      <line num="217" count="1" type="cond" truecount="1" falsecount="0"/>
      <line num="224" count="1" type="stmt"/>
      <line num="225" count="0" type="cond" truecount="0" falsecount="1"/>
      <line num="226" count="0" type="stmt"/>
      <line num="227" count="0" type="cond" truecount="0" falsecount="1"/>
      <line num="230" count="0" type="stmt"/>
      <line num="238" count="0" type="stmt"/>
      <line num="244" count="1" type="stmt"/>
    </file>
    <file name="index.ts" path="/home/david/ssi/ssi2/packages/config-cloud/src/index.ts">
      <metrics statements="3" coveredstatements="3" conditionals="0" coveredconditionals="0" methods="0" coveredmethods="0"/>
      <line num="1" count="1" type="stmt"/>
      <line num="2" count="1" type="stmt"/>
      <line num="3" count="1" type="stmt"/>
    </file>
  </project>
</coverage>
