{"/home/david/ssi/ssi2/packages/config-cloud/src/cloud-config-service.ts": {"path":"/home/david/ssi/ssi2/packages/config-cloud/src/cloud-config-service.ts","statementMap":{"0":{"start":{"line":1,"column":0},"end":{"line":1,"column":49}},"1":{"start":{"line":10,"column":0},"end":{"line":10,"column":null}},"2":{"start":{"line":10,"column":40},"end":{"line":10,"column":53}},"3":{"start":{"line":12,"column":4},"end":{"line":12,"column":null}},"4":{"start":{"line":11,"column":22},"end":{"line":11,"column":48}},"5":{"start":{"line":17,"column":8},"end":{"line":19,"column":null}},"6":{"start":{"line":18,"column":4},"end":{"line":18,"column":36}},"7":{"start":{"line":21,"column":8},"end":{"line":23,"column":null}},"8":{"start":{"line":22,"column":4},"end":{"line":22,"column":9}},"9":{"start":{"line":22,"column":18},"end":{"line":22,"column":54}},"10":{"start":{"line":22,"column":4},"end":{"line":22,"column":54}},"11":{"start":{"line":25,"column":8},"end":{"line":27,"column":null}},"12":{"start":{"line":26,"column":4},"end":{"line":26,"column":52}},"13":{"start":{"line":28,"column":0},"end":{"line":28,"column":null}},"14":{"start":{"line":10,"column":13},"end":{"line":10,"column":31}}},"fnMap":{"0":{"name":"(anonymous_0)","decl":{"start":{"line":10,"column":0},"end":{"line":10,"column":13}},"loc":{"start":{"line":10,"column":0},"end":{"line":28,"column":null}}},"1":{"name":"CloudConfigService","decl":{"start":{"line":11,"column":2},"end":{"line":11,"column":22}},"loc":{"start":{"line":11,"column":48},"end":{"line":13,"column":3}}},"2":{"name":"(anonymous_2)","decl":{"start":{"line":17,"column":2},"end":{"line":17,"column":8}},"loc":{"start":{"line":17,"column":2},"end":{"line":19,"column":null}}},"3":{"name":"(anonymous_5)","decl":{"start":{"line":21,"column":2},"end":{"line":21,"column":8}},"loc":{"start":{"line":21,"column":2},"end":{"line":23,"column":null}}},"4":{"name":"(anonymous_8)","decl":{"start":{"line":25,"column":2},"end":{"line":25,"column":8}},"loc":{"start":{"line":25,"column":2},"end":{"line":27,"column":null}}}},"branchMap":{"0":{"loc":{"start":{"line":12,"column":4},"end":{"line":12,"column":null}},"type":"binary-expr","locations":[{"start":{"line":12,"column":4},"end":{"line":12,"column":11}},{"start":{"line":12,"column":11},"end":{"line":12,"column":null}}]},"1":{"loc":{"start":{"line":26,"column":4},"end":{"line":26,"column":52}},"type":"switch","locations":[{"start":{"line":26,"column":4},"end":{"line":26,"column":52}}]}},"s":{"0":1,"1":1,"2":1,"3":1,"4":1,"5":1,"6":1,"7":1,"8":1,"9":1,"10":1,"11":1,"12":0,"13":1,"14":1},"f":{"0":1,"1":1,"2":1,"3":1,"4":0},"b":{"0":[1,1],"1":[0]}}
,"/home/david/ssi/ssi2/packages/config-cloud/src/cloud-encryption.ts": {"path":"/home/david/ssi/ssi2/packages/config-cloud/src/cloud-encryption.ts","statementMap":{"0":{"start":{"line":1,"column":0},"end":{"line":1,"column":null}},"1":{"start":{"line":11,"column":0},"end":{"line":11,"column":13}},"2":{"start":{"line":12,"column":10},"end":{"line":15,"column":4}},"3":{"start":{"line":32,"column":15},"end":{"line":38,"column":null}},"4":{"start":{"line":33,"column":11},"end":{"line":33,"column":null}},"5":{"start":{"line":34,"column":10},"end":{"line":34,"column":null}},"6":{"start":{"line":35,"column":8},"end":{"line":35,"column":null}},"7":{"start":{"line":33,"column":4},"end":{"line":37,"column":6}},"8":{"start":{"line":40,"column":9},"end":{"line":42,"column":null}},"9":{"start":{"line":41,"column":4},"end":{"line":41,"column":64}},"10":{"start":{"line":44,"column":9},"end":{"line":46,"column":null}},"11":{"start":{"line":45,"column":4},"end":{"line":45,"column":49}},"12":{"start":{"line":53,"column":15},"end":{"line":56,"column":null}},"13":{"start":{"line":54,"column":4},"end":{"line":54,"column":56}},"14":{"start":{"line":55,"column":4},"end":{"line":55,"column":32}},"15":{"start":{"line":62,"column":15},"end":{"line":75,"column":null}},"16":{"start":{"line":64,"column":4},"end":{"line":64,"column":null}},"17":{"start":{"line":66,"column":27},"end":{"line":73,"column":null}},"18":{"start":{"line":66,"column":10},"end":{"line":73,"column":null}},"19":{"start":{"line":74,"column":4},"end":{"line":74,"column":56}},"20":{"start":{"line":77,"column":15},"end":{"line":83,"column":null}},"21":{"start":{"line":78,"column":4},"end":{"line":78,"column":9}},"22":{"start":{"line":78,"column":22},"end":{"line":82,"column":19}},"23":{"start":{"line":78,"column":4},"end":{"line":82,"column":20}},"24":{"start":{"line":89,"column":15},"end":{"line":91,"column":null}},"25":{"start":{"line":90,"column":4},"end":{"line":90,"column":9}},"26":{"start":{"line":90,"column":21},"end":{"line":90,"column":53}},"27":{"start":{"line":90,"column":4},"end":{"line":90,"column":53}},"28":{"start":{"line":97,"column":15},"end":{"line":103,"column":null}},"29":{"start":{"line":98,"column":22},"end":{"line":101,"column":null}},"30":{"start":{"line":98,"column":10},"end":{"line":101,"column":null}},"31":{"start":{"line":102,"column":4},"end":{"line":102,"column":9}},"32":{"start":{"line":102,"column":21},"end":{"line":102,"column":71}},"33":{"start":{"line":102,"column":4},"end":{"line":102,"column":71}},"34":{"start":{"line":105,"column":10},"end":{"line":110,"column":null}},"35":{"start":{"line":106,"column":4},"end":{"line":109,"column":7}},"36":{"start":{"line":116,"column":15},"end":{"line":122,"column":null}},"37":{"start":{"line":117,"column":8},"end":{"line":117,"column":9}},"38":{"start":{"line":118,"column":6},"end":{"line":118,"column":35}},"39":{"start":{"line":120,"column":22},"end":{"line":120,"column":37}},"40":{"start":{"line":120,"column":37},"end":{"line":120,"column":69}},"41":{"start":{"line":120,"column":10},"end":{"line":120,"column":null}},"42":{"start":{"line":121,"column":4},"end":{"line":121,"column":62}},"43":{"start":{"line":128,"column":15},"end":{"line":141,"column":null}},"44":{"start":{"line":130,"column":4},"end":{"line":130,"column":null}},"45":{"start":{"line":132,"column":27},"end":{"line":139,"column":null}},"46":{"start":{"line":132,"column":10},"end":{"line":139,"column":null}},"47":{"start":{"line":140,"column":4},"end":{"line":140,"column":52}},"48":{"start":{"line":146,"column":15},"end":{"line":148,"column":null}},"49":{"start":{"line":147,"column":4},"end":{"line":147,"column":37}},"50":{"start":{"line":153,"column":10},"end":{"line":170,"column":null}},"51":{"start":{"line":154,"column":23},"end":{"line":154,"column":35}},"52":{"start":{"line":157,"column":6},"end":{"line":159,"column":15}},"53":{"start":{"line":160,"column":18},"end":{"line":160,"column":20}},"54":{"start":{"line":162,"column":4},"end":{"line":164,"column":null}},"55":{"start":{"line":162,"column":17},"end":{"line":162,"column":18}},"56":{"start":{"line":163,"column":6},"end":{"line":163,"column":21}},"57":{"start":{"line":165,"column":4},"end":{"line":169,"column":6}},"58":{"start":{"line":175,"column":16},"end":{"line":208,"column":null}},"59":{"start":{"line":175,"column":41},"end":{"line":175,"column":62}},"60":{"start":{"line":175,"column":62},"end":{"line":175,"column":null}},"61":{"start":{"line":176,"column":17},"end":{"line":176,"column":null}},"62":{"start":{"line":176,"column":10},"end":{"line":176,"column":null}},"63":{"start":{"line":178,"column":23},"end":{"line":183,"column":null}},"64":{"start":{"line":178,"column":10},"end":{"line":183,"column":null}},"65":{"start":{"line":184,"column":38},"end":{"line":192,"column":null}},"66":{"start":{"line":184,"column":10},"end":{"line":192,"column":null}},"67":{"start":{"line":193,"column":4},"end":{"line":193,"column":9}},"68":{"start":{"line":193,"column":32},"end":{"line":204,"column":6}},"69":{"start":{"line":193,"column":4},"end":{"line":204,"column":6}},"70":{"start":{"line":205,"column":4},"end":{"line":207,"column":6}},"71":{"start":{"line":209,"column":0},"end":{"line":209,"column":null}},"72":{"start":{"line":11,"column":13},"end":{"line":11,"column":28}}},"fnMap":{"0":{"name":"(anonymous_0)","decl":{"start":{"line":11,"column":0},"end":{"line":11,"column":13}},"loc":{"start":{"line":11,"column":0},"end":{"line":209,"column":null}}},"1":{"name":"(anonymous_2)","decl":{"start":{"line":32,"column":2},"end":{"line":32,"column":15}},"loc":{"start":{"line":32,"column":2},"end":{"line":38,"column":null}}},"2":{"name":"(anonymous_5)","decl":{"start":{"line":40,"column":2},"end":{"line":40,"column":9}},"loc":{"start":{"line":40,"column":2},"end":{"line":42,"column":3}}},"3":{"name":"(anonymous_6)","decl":{"start":{"line":44,"column":2},"end":{"line":44,"column":9}},"loc":{"start":{"line":44,"column":39},"end":{"line":46,"column":3}}},"4":{"name":"(anonymous_7)","decl":{"start":{"line":53,"column":2},"end":{"line":53,"column":15}},"loc":{"start":{"line":53,"column":62},"end":{"line":56,"column":null}}},"5":{"name":"(anonymous_10)","decl":{"start":{"line":62,"column":2},"end":{"line":62,"column":15}},"loc":{"start":{"line":64,"column":35},"end":{"line":75,"column":null}}},"6":{"name":"(anonymous_13)","decl":{"start":{"line":77,"column":2},"end":{"line":77,"column":15}},"loc":{"start":{"line":77,"column":2},"end":{"line":83,"column":null}}},"7":{"name":"(anonymous_16)","decl":{"start":{"line":89,"column":2},"end":{"line":89,"column":15}},"loc":{"start":{"line":89,"column":43},"end":{"line":91,"column":null}}},"8":{"name":"(anonymous_19)","decl":{"start":{"line":97,"column":2},"end":{"line":97,"column":15}},"loc":{"start":{"line":97,"column":58},"end":{"line":103,"column":null}}},"9":{"name":"(anonymous_22)","decl":{"start":{"line":105,"column":2},"end":{"line":105,"column":10}},"loc":{"start":{"line":105,"column":47},"end":{"line":110,"column":3}}},"10":{"name":"(anonymous_23)","decl":{"start":{"line":116,"column":2},"end":{"line":116,"column":15}},"loc":{"start":{"line":116,"column":2},"end":{"line":122,"column":null}}},"11":{"name":"(anonymous_26)","decl":{"start":{"line":128,"column":2},"end":{"line":128,"column":15}},"loc":{"start":{"line":130,"column":35},"end":{"line":141,"column":null}}},"12":{"name":"(anonymous_29)","decl":{"start":{"line":146,"column":2},"end":{"line":146,"column":15}},"loc":{"start":{"line":146,"column":2},"end":{"line":148,"column":null}}},"13":{"name":"(anonymous_32)","decl":{"start":{"line":153,"column":2},"end":{"line":153,"column":10}},"loc":{"start":{"line":153,"column":2},"end":{"line":170,"column":3}}},"14":{"name":"(anonymous_33)","decl":{"start":{"line":175,"column":2},"end":{"line":175,"column":16}},"loc":{"start":{"line":175,"column":74},"end":{"line":208,"column":null}}}},"branchMap":{"0":{"loc":{"start":{"line":33,"column":4},"end":{"line":37,"column":6}},"type":"switch","locations":[{"start":{"line":33,"column":4},"end":{"line":37,"column":6}}]},"1":{"loc":{"start":{"line":64,"column":4},"end":{"line":64,"column":null}},"type":"if","locations":[{"start":{"line":64,"column":4},"end":{"line":64,"column":null}}]},"2":{"loc":{"start":{"line":66,"column":27},"end":{"line":73,"column":null}},"type":"switch","locations":[{"start":{"line":66,"column":27},"end":{"line":73,"column":null}}]},"3":{"loc":{"start":{"line":98,"column":22},"end":{"line":101,"column":null}},"type":"switch","locations":[{"start":{"line":98,"column":22},"end":{"line":101,"column":null}}]},"4":{"loc":{"start":{"line":117,"column":8},"end":{"line":117,"column":9}},"type":"if","locations":[{"start":{"line":117,"column":8},"end":{"line":117,"column":9}}]},"5":{"loc":{"start":{"line":130,"column":4},"end":{"line":130,"column":null}},"type":"if","locations":[{"start":{"line":130,"column":4},"end":{"line":130,"column":null}}]},"6":{"loc":{"start":{"line":132,"column":27},"end":{"line":139,"column":null}},"type":"switch","locations":[{"start":{"line":132,"column":27},"end":{"line":139,"column":null}}]},"7":{"loc":{"start":{"line":175,"column":41},"end":{"line":175,"column":62}},"type":"if","locations":[{"start":{"line":175,"column":41},"end":{"line":175,"column":62}}]},"8":{"loc":{"start":{"line":175,"column":62},"end":{"line":175,"column":null}},"type":"if","locations":[{"start":{"line":175,"column":62},"end":{"line":175,"column":null}}]},"9":{"loc":{"start":{"line":176,"column":17},"end":{"line":176,"column":null}},"type":"switch","locations":[{"start":{"line":176,"column":17},"end":{"line":176,"column":null}}]}},"s":{"0":1,"1":1,"2":3,"3":1,"4":6,"5":6,"6":6,"7":6,"8":1,"9":6,"10":1,"11":4,"12":1,"13":6,"14":12,"15":1,"16":2,"17":2,"18":2,"19":2,"20":1,"21":0,"22":0,"23":0,"24":1,"25":4,"26":4,"27":4,"28":1,"29":2,"30":2,"31":2,"32":2,"33":2,"34":1,"35":6,"36":1,"37":4,"38":0,"39":2,"40":2,"41":2,"42":2,"43":1,"44":4,"45":3,"46":3,"47":3,"48":1,"49":2,"50":1,"51":6,"52":6,"53":6,"54":6,"55":6,"56":1008,"57":6,"58":1,"59":12,"60":12,"61":6,"62":6,"63":6,"64":6,"65":6,"66":6,"67":6,"68":6,"69":6,"70":6,"71":1,"72":1},"f":{"0":4,"1":6,"2":6,"3":4,"4":6,"5":2,"6":0,"7":4,"8":2,"9":6,"10":2,"11":3,"12":2,"13":6,"14":6},"b":{"0":[6],"1":[0],"2":[2],"3":[2],"4":[2],"5":[1],"6":[3],"7":[6],"8":[6],"9":[6]}}
,"/home/david/ssi/ssi2/packages/config-cloud/src/cloud-service.ts": {"path":"/home/david/ssi/ssi2/packages/config-cloud/src/cloud-service.ts","statementMap":{"0":{"start":{"line":1,"column":0},"end":{"line":1,"column":null}},"1":{"start":{"line":10,"column":0},"end":{"line":10,"column":53}},"2":{"start":{"line":21,"column":0},"end":{"line":21,"column":13}},"3":{"start":{"line":27,"column":43},"end":{"line":27,"column":null}},"4":{"start":{"line":27,"column":22},"end":{"line":27,"column":33}},"5":{"start":{"line":27,"column":43},"end":{"line":27,"column":64}},"6":{"start":{"line":28,"column":26},"end":{"line":28,"column":71}},"7":{"start":{"line":29,"column":4},"end":{"line":29,"column":68}},"8":{"start":{"line":30,"column":4},"end":{"line":30,"column":49}},"9":{"start":{"line":37,"column":9},"end":{"line":39,"column":null}},"10":{"start":{"line":38,"column":4},"end":{"line":38,"column":28}},"11":{"start":{"line":45,"column":8},"end":{"line":51,"column":null}},"12":{"start":{"line":46,"column":4},"end":{"line":48,"column":null}},"13":{"start":{"line":47,"column":6},"end":{"line":47,"column":30}},"14":{"start":{"line":49,"column":4},"end":{"line":49,"column":37}},"15":{"start":{"line":50,"column":4},"end":{"line":50,"column":29}},"16":{"start":{"line":56,"column":15},"end":{"line":58,"column":null}},"17":{"start":{"line":57,"column":4},"end":{"line":57,"column":61}},"18":{"start":{"line":63,"column":15},"end":{"line":77,"column":null}},"19":{"start":{"line":68,"column":31},"end":{"line":68,"column":79}},"20":{"start":{"line":68,"column":10},"end":{"line":69,"column":null}},"21":{"start":{"line":70,"column":4},"end":{"line":70,"column":69}},"22":{"start":{"line":71,"column":10},"end":{"line":71,"column":null}},"23":{"start":{"line":73,"column":16},"end":{"line":73,"column":null}},"24":{"start":{"line":73,"column":6},"end":{"line":73,"column":null}},"25":{"start":{"line":74,"column":11},"end":{"line":74,"column":null}},"26":{"start":{"line":71,"column":4},"end":{"line":76,"column":7}},"27":{"start":{"line":84,"column":15},"end":{"line":107,"column":null}},"28":{"start":{"line":85,"column":31},"end":{"line":85,"column":79}},"29":{"start":{"line":85,"column":10},"end":{"line":86,"column":null}},"30":{"start":{"line":87,"column":4},"end":{"line":87,"column":69}},"31":{"start":{"line":89,"column":22},"end":{"line":90,"column":null}},"32":{"start":{"line":92,"column":18},"end":{"line":92,"column":null}},"33":{"start":{"line":89,"column":16},"end":{"line":99,"column":null}},"34":{"start":{"line":95,"column":8},"end":{"line":97,"column":null}},"35":{"start":{"line":96,"column":10},"end":{"line":96,"column":46}},"36":{"start":{"line":98,"column":8},"end":{"line":98,"column":44}},"37":{"start":{"line":89,"column":10},"end":{"line":99,"column":null}},"38":{"start":{"line":100,"column":4},"end":{"line":100,"column":45}},"39":{"start":{"line":101,"column":4},"end":{"line":101,"column":62}},"40":{"start":{"line":102,"column":4},"end":{"line":102,"column":null}},"41":{"start":{"line":104,"column":18},"end":{"line":104,"column":null}},"42":{"start":{"line":102,"column":4},"end":{"line":106,"column":7}},"43":{"start":{"line":114,"column":2},"end":{"line":116,"column":null}},"44":{"start":{"line":115,"column":4},"end":{"line":115,"column":64}},"45":{"start":{"line":121,"column":15},"end":{"line":130,"column":null}},"46":{"start":{"line":122,"column":8},"end":{"line":122,"column":14}},"47":{"start":{"line":123,"column":12},"end":{"line":125,"column":23}},"48":{"start":{"line":126,"column":6},"end":{"line":126,"column":44}},"49":{"start":{"line":127,"column":6},"end":{"line":127,"column":65}},"50":{"start":{"line":128,"column":6},"end":{"line":128,"column":55}},"51":{"start":{"line":135,"column":9},"end":{"line":137,"column":null}},"52":{"start":{"line":136,"column":4},"end":{"line":136,"column":61}},"53":{"start":{"line":143,"column":15},"end":{"line":174,"column":null}},"54":{"start":{"line":147,"column":8},"end":{"line":147,"column":26}},"55":{"start":{"line":148,"column":6},"end":{"line":151,"column":8}},"56":{"start":{"line":153,"column":24},"end":{"line":153,"column":null}},"57":{"start":{"line":153,"column":10},"end":{"line":153,"column":null}},"58":{"start":{"line":155,"column":4},"end":{"line":158,"column":6}},"59":{"start":{"line":159,"column":10},"end":{"line":162,"column":7}},"60":{"start":{"line":163,"column":10},"end":{"line":163,"column":69}},"61":{"start":{"line":165,"column":10},"end":{"line":166,"column":null}},"62":{"start":{"line":167,"column":21},"end":{"line":167,"column":null}},"63":{"start":{"line":167,"column":8},"end":{"line":168,"column":null}},"64":{"start":{"line":169,"column":13},"end":{"line":169,"column":null}},"65":{"start":{"line":165,"column":4},"end":{"line":173,"column":9}},"66":{"start":{"line":172,"column":8},"end":{"line":172,"column":25}},"67":{"start":{"line":179,"column":15},"end":{"line":200,"column":null}},"68":{"start":{"line":180,"column":10},"end":{"line":183,"column":7}},"69":{"start":{"line":184,"column":4},"end":{"line":184,"column":71}},"70":{"start":{"line":185,"column":27},"end":{"line":189,"column":null}},"71":{"start":{"line":188,"column":8},"end":{"line":188,"column":45}},"72":{"start":{"line":185,"column":10},"end":{"line":189,"column":null}},"73":{"start":{"line":191,"column":20},"end":{"line":193,"column":null}},"74":{"start":{"line":193,"column":18},"end":{"line":193,"column":21}},"75":{"start":{"line":191,"column":10},"end":{"line":193,"column":null}},"76":{"start":{"line":194,"column":4},"end":{"line":199,"column":6}},"77":{"start":{"line":202,"column":16},"end":{"line":218,"column":null}},"78":{"start":{"line":205,"column":10},"end":{"line":205,"column":40}},"79":{"start":{"line":206,"column":32},"end":{"line":206,"column":null}},"80":{"start":{"line":206,"column":26},"end":{"line":206,"column":null}},"81":{"start":{"line":206,"column":15},"end":{"line":206,"column":26}},"82":{"start":{"line":207,"column":30},"end":{"line":207,"column":null}},"83":{"start":{"line":208,"column":8},"end":{"line":208,"column":null}},"84":{"start":{"line":207,"column":12},"end":{"line":209,"column":null}},"85":{"start":{"line":210,"column":6},"end":{"line":215,"column":9}},"86":{"start":{"line":217,"column":4},"end":{"line":217,"column":16}},"87":{"start":{"line":224,"column":8},"end":{"line":243,"column":null}},"88":{"start":{"line":225,"column":39},"end":{"line":237,"column":null}},"89":{"start":{"line":226,"column":39},"end":{"line":236,"column":8}},"90":{"start":{"line":230,"column":22},"end":{"line":232,"column":null}},"91":{"start":{"line":227,"column":8},"end":{"line":235,"column":null}},"92":{"start":{"line":225,"column":10},"end":{"line":237,"column":null}},"93":{"start":{"line":238,"column":4},"end":{"line":242,"column":7}},"94":{"start":{"line":244,"column":0},"end":{"line":244,"column":null}},"95":{"start":{"line":21,"column":13},"end":{"line":21,"column":25}}},"fnMap":{"0":{"name":"(anonymous_0)","decl":{"start":{"line":21,"column":0},"end":{"line":21,"column":13}},"loc":{"start":{"line":21,"column":0},"end":{"line":244,"column":null}}},"1":{"name":"CloudService","decl":{"start":{"line":27,"column":2},"end":{"line":27,"column":22}},"loc":{"start":{"line":27,"column":64},"end":{"line":31,"column":3}}},"2":{"name":"(anonymous_2)","decl":{"start":{"line":37,"column":2},"end":{"line":37,"column":9}},"loc":{"start":{"line":37,"column":2},"end":{"line":39,"column":3}}},"3":{"name":"(anonymous_3)","decl":{"start":{"line":45,"column":2},"end":{"line":45,"column":8}},"loc":{"start":{"line":45,"column":2},"end":{"line":51,"column":null}}},"4":{"name":"(anonymous_6)","decl":{"start":{"line":56,"column":2},"end":{"line":56,"column":15}},"loc":{"start":{"line":56,"column":40},"end":{"line":58,"column":null}}},"5":{"name":"(anonymous_9)","decl":{"start":{"line":63,"column":2},"end":{"line":63,"column":15}},"loc":{"start":{"line":66,"column":17},"end":{"line":77,"column":null}}},"6":{"name":"(anonymous_12)","decl":{"start":{"line":84,"column":2},"end":{"line":84,"column":15}},"loc":{"start":{"line":84,"column":55},"end":{"line":107,"column":null}}},"7":{"name":"(anonymous_15)","decl":{"start":{"line":94,"column":13},"end":{"line":94,"column":14}},"loc":{"start":{"line":94,"column":29},"end":{"line":99,"column":7}}},"8":{"name":"(anonymous_16)","decl":{"start":{"line":114,"column":2},"end":{"line":114,"column":14}},"loc":{"start":{"line":114,"column":31},"end":{"line":116,"column":3}}},"9":{"name":"(anonymous_17)","decl":{"start":{"line":121,"column":2},"end":{"line":121,"column":15}},"loc":{"start":{"line":121,"column":2},"end":{"line":130,"column":null}}},"10":{"name":"(anonymous_20)","decl":{"start":{"line":135,"column":2},"end":{"line":135,"column":9}},"loc":{"start":{"line":135,"column":52},"end":{"line":137,"column":3}}},"11":{"name":"(anonymous_21)","decl":{"start":{"line":143,"column":2},"end":{"line":143,"column":15}},"loc":{"start":{"line":145,"column":31},"end":{"line":174,"column":null}}},"12":{"name":"(anonymous_24)","decl":{"start":{"line":171,"column":13},"end":{"line":171,"column":16}},"loc":{"start":{"line":171,"column":16},"end":{"line":173,"column":7}}},"13":{"name":"(anonymous_25)","decl":{"start":{"line":179,"column":2},"end":{"line":179,"column":15}},"loc":{"start":{"line":179,"column":2},"end":{"line":200,"column":null}}},"14":{"name":"(anonymous_28)","decl":{"start":{"line":187,"column":13},"end":{"line":187,"column":14}},"loc":{"start":{"line":187,"column":29},"end":{"line":189,"column":7}}},"15":{"name":"(anonymous_29)","decl":{"start":{"line":193,"column":12},"end":{"line":193,"column":18}},"loc":{"start":{"line":193,"column":12},"end":{"line":193,"column":20}}},"16":{"name":"(anonymous_30)","decl":{"start":{"line":202,"column":2},"end":{"line":202,"column":16}},"loc":{"start":{"line":203,"column":30},"end":{"line":218,"column":null}}},"17":{"name":"(anonymous_33)","decl":{"start":{"line":224,"column":2},"end":{"line":224,"column":8}},"loc":{"start":{"line":224,"column":33},"end":{"line":243,"column":null}}},"18":{"name":"(anonymous_36)","decl":{"start":{"line":226,"column":26},"end":{"line":226,"column":32}},"loc":{"start":{"line":226,"column":39},"end":{"line":236,"column":8}}},"19":{"name":"(anonymous_37)","decl":{"start":{"line":226,"column":39},"end":{"line":226,"column":null}},"loc":{"start":{"line":226,"column":39},"end":{"line":236,"column":8}}}},"branchMap":{"0":{"loc":{"start":{"line":27,"column":43},"end":{"line":27,"column":null}},"type":"if","locations":[{"start":{"line":27,"column":43},"end":{"line":27,"column":null}}]},"1":{"loc":{"start":{"line":46,"column":4},"end":{"line":48,"column":null}},"type":"if","locations":[{"start":{"line":46,"column":4},"end":{"line":48,"column":null}}]},"2":{"loc":{"start":{"line":68,"column":31},"end":{"line":68,"column":79}},"type":"switch","locations":[{"start":{"line":68,"column":31},"end":{"line":68,"column":79}},{"start":{"line":71,"column":4},"end":{"line":76,"column":7}}]},"3":{"loc":{"start":{"line":85,"column":31},"end":{"line":85,"column":79}},"type":"switch","locations":[{"start":{"line":85,"column":31},"end":{"line":85,"column":79}},{"start":{"line":89,"column":16},"end":{"line":99,"column":null}}]},"4":{"loc":{"start":{"line":95,"column":8},"end":{"line":97,"column":null}},"type":"if","locations":[{"start":{"line":95,"column":8},"end":{"line":97,"column":null}}]},"5":{"loc":{"start":{"line":95,"column":12},"end":{"line":95,"column":32}},"type":"cond-expr","locations":[{"start":{"line":95,"column":24},"end":{"line":95,"column":26}},{"start":{"line":95,"column":24},"end":{"line":95,"column":32}}]},"6":{"loc":{"start":{"line":95,"column":12},"end":{"line":95,"column":26}},"type":"binary-expr","locations":[{"start":{"line":95,"column":12},"end":{"line":95,"column":26}},{"start":{"line":95,"column":24},"end":{"line":95,"column":26}}]},"7":{"loc":{"start":{"line":98,"column":23},"end":{"line":98,"column":42}},"type":"cond-expr","locations":[{"start":{"line":98,"column":36},"end":{"line":98,"column":38}},{"start":{"line":98,"column":36},"end":{"line":98,"column":42}}]},"8":{"loc":{"start":{"line":98,"column":23},"end":{"line":98,"column":38}},"type":"binary-expr","locations":[{"start":{"line":98,"column":23},"end":{"line":98,"column":38}},{"start":{"line":98,"column":36},"end":{"line":98,"column":38}}]},"9":{"loc":{"start":{"line":122,"column":8},"end":{"line":122,"column":14}},"type":"if","locations":[{"start":{"line":122,"column":8},"end":{"line":122,"column":14}}]},"10":{"loc":{"start":{"line":153,"column":24},"end":{"line":153,"column":null}},"type":"switch","locations":[{"start":{"line":153,"column":24},"end":{"line":153,"column":null}}]},"11":{"loc":{"start":{"line":147,"column":8},"end":{"line":147,"column":26}},"type":"if","locations":[{"start":{"line":147,"column":8},"end":{"line":147,"column":26}}]},"12":{"loc":{"start":{"line":188,"column":23},"end":{"line":188,"column":43}},"type":"cond-expr","locations":[{"start":{"line":188,"column":37},"end":{"line":188,"column":39}},{"start":{"line":188,"column":37},"end":{"line":188,"column":43}}]},"13":{"loc":{"start":{"line":188,"column":23},"end":{"line":188,"column":39}},"type":"binary-expr","locations":[{"start":{"line":188,"column":23},"end":{"line":188,"column":39}},{"start":{"line":188,"column":37},"end":{"line":188,"column":39}}]},"14":{"loc":{"start":{"line":188,"column":24},"end":{"line":188,"column":37}},"type":"cond-expr","locations":[{"start":{"line":188,"column":27},"end":{"line":188,"column":29}},{"start":{"line":188,"column":24},"end":{"line":188,"column":37}}]},"15":{"loc":{"start":{"line":188,"column":24},"end":{"line":188,"column":29}},"type":"binary-expr","locations":[{"start":{"line":188,"column":24},"end":{"line":188,"column":29}},{"start":{"line":188,"column":24},"end":{"line":188,"column":29}}]},"16":{"loc":{"start":{"line":217,"column":4},"end":{"line":217,"column":16}},"type":"switch","locations":[{"start":{"line":217,"column":4},"end":{"line":217,"column":16}}]},"17":{"loc":{"start":{"line":206,"column":26},"end":{"line":206,"column":null}},"type":"if","locations":[{"start":{"line":206,"column":26},"end":{"line":206,"column":null}}]},"18":{"loc":{"start":{"line":225,"column":39},"end":{"line":237,"column":null}},"type":"switch","locations":[{"start":{"line":225,"column":39},"end":{"line":237,"column":null}}]},"19":{"loc":{"start":{"line":227,"column":8},"end":{"line":235,"column":null}},"type":"switch","locations":[{"start":{"line":227,"column":8},"end":{"line":235,"column":null}}]},"20":{"loc":{"start":{"line":241,"column":14},"end":{"line":241,"column":26}},"type":"cond-expr","locations":[{"start":{"line":241,"column":14},"end":{"line":241,"column":20}},{"start":{"line":241,"column":24},"end":{"line":241,"column":26}}]},"21":{"loc":{"start":{"line":241,"column":14},"end":{"line":241,"column":24}},"type":"binary-expr","locations":[{"start":{"line":241,"column":14},"end":{"line":241,"column":24}},{"start":{"line":241,"column":14},"end":{"line":241,"column":24}}]}},"s":{"0":1,"1":1,"2":1,"3":3,"4":3,"5":3,"6":3,"7":3,"8":3,"9":1,"10":0,"11":1,"12":4,"13":0,"14":8,"15":4,"16":1,"17":0,"18":1,"19":0,"20":0,"21":0,"22":0,"23":0,"24":0,"25":0,"26":0,"27":1,"28":2,"29":2,"30":4,"31":2,"32":2,"33":2,"34":0,"35":0,"36":0,"37":2,"38":2,"39":4,"40":2,"41":2,"42":2,"43":1,"44":0,"45":1,"46":4,"47":4,"48":4,"49":8,"50":4,"51":1,"52":2,"53":1,"54":2,"55":4,"56":2,"57":2,"58":4,"59":2,"60":2,"61":2,"62":2,"63":2,"64":2,"65":4,"66":0,"67":1,"68":1,"69":1,"70":1,"71":0,"72":1,"73":1,"74":0,"75":1,"76":1,"77":1,"78":1,"79":2,"80":3,"81":1,"82":1,"83":1,"84":1,"85":1,"86":1,"87":1,"88":0,"89":0,"90":0,"91":0,"92":0,"93":0,"94":1,"95":1},"f":{"0":1,"1":3,"2":0,"3":4,"4":0,"5":0,"6":2,"7":0,"8":0,"9":4,"10":2,"11":2,"12":0,"13":1,"14":0,"15":0,"16":1,"17":0,"18":0,"19":0},"b":{"0":[0],"1":[0],"2":[0,0],"3":[2,2],"4":[0],"5":[0,0],"6":[0,0],"7":[0,0],"8":[0,0],"9":[0],"10":[2],"11":[0],"12":[0,0],"13":[0,0],"14":[0,0],"15":[0,0],"16":[1],"17":[1],"18":[0],"19":[0],"20":[0,0],"21":[0,0]}}
,"/home/david/ssi/ssi2/packages/config-cloud/src/index.ts": {"path":"/home/david/ssi/ssi2/packages/config-cloud/src/index.ts","statementMap":{"0":{"start":{"line":1,"column":0},"end":{"line":1,"column":39}},"1":{"start":{"line":2,"column":0},"end":{"line":2,"column":35}},"2":{"start":{"line":3,"column":0},"end":{"line":3,"column":32}}},"fnMap":{},"branchMap":{},"s":{"0":1,"1":1,"2":1},"f":{},"b":{}}
}
