TN:
SF:src/cloud-config-service.ts
FN:10,(anonymous_0)
FN:11,CloudConfigService
FN:17,(anonymous_2)
FN:21,(anonymous_5)
FN:25,(anonymous_8)
FNF:5
FNH:4
FNDA:1,(anonymous_0)
FNDA:1,CloudConfigService
FNDA:1,(anonymous_2)
FNDA:1,(anonymous_5)
FNDA:0,(anonymous_8)
DA:1,1
DA:10,1
DA:11,1
DA:12,1
DA:17,1
DA:18,1
DA:21,1
DA:22,1
DA:25,1
DA:26,0
DA:28,1
LF:11
LH:10
BRDA:12,0,0,1
BRDA:12,0,1,1
BRDA:26,1,0,0
BRF:3
BRH:2
end_of_record
TN:
SF:src/cloud-encryption.ts
FN:11,(anonymous_0)
FN:32,(anonymous_2)
FN:40,(anonymous_5)
FN:44,(anonymous_6)
FN:53,(anonymous_7)
FN:62,(anonymous_10)
FN:77,(anonymous_13)
FN:89,(anonymous_16)
FN:97,(anonymous_19)
FN:105,(anonymous_22)
FN:116,(anonymous_23)
FN:128,(anonymous_26)
FN:146,(anonymous_29)
FN:153,(anonymous_32)
FN:175,(anonymous_33)
FNF:15
FNH:14
FNDA:4,(anonymous_0)
FNDA:6,(anonymous_2)
FNDA:6,(anonymous_5)
FNDA:4,(anonymous_6)
FNDA:6,(anonymous_7)
FNDA:2,(anonymous_10)
FNDA:0,(anonymous_13)
FNDA:4,(anonymous_16)
FNDA:2,(anonymous_19)
FNDA:6,(anonymous_22)
FNDA:2,(anonymous_23)
FNDA:3,(anonymous_26)
FNDA:2,(anonymous_29)
FNDA:6,(anonymous_32)
FNDA:6,(anonymous_33)
DA:1,1
DA:11,1
DA:12,3
DA:32,1
DA:33,6
DA:34,6
DA:35,6
DA:40,1
DA:41,6
DA:44,1
DA:45,4
DA:53,1
DA:54,6
DA:55,12
DA:62,1
DA:64,2
DA:66,2
DA:74,2
DA:77,1
DA:78,0
DA:89,1
DA:90,4
DA:97,1
DA:98,2
DA:102,2
DA:105,1
DA:106,6
DA:116,1
DA:117,4
DA:118,0
DA:120,2
DA:121,2
DA:128,1
DA:130,4
DA:132,3
DA:140,3
DA:146,1
DA:147,2
DA:153,1
DA:154,6
DA:157,6
DA:160,6
DA:162,6
DA:163,1008
DA:165,6
DA:175,12
DA:176,6
DA:178,6
DA:184,6
DA:193,6
DA:205,6
DA:209,1
LF:52
LH:50
BRDA:33,0,0,6
BRDA:64,1,0,0
BRDA:66,2,0,2
BRDA:98,3,0,2
BRDA:117,4,0,2
BRDA:130,5,0,1
BRDA:132,6,0,3
BRDA:175,7,0,6
BRDA:175,8,0,6
BRDA:176,9,0,6
BRF:10
BRH:9
end_of_record
TN:
SF:src/cloud-service.ts
FN:21,(anonymous_0)
FN:27,CloudService
FN:37,(anonymous_2)
FN:45,(anonymous_3)
FN:56,(anonymous_6)
FN:63,(anonymous_9)
FN:84,(anonymous_12)
FN:94,(anonymous_15)
FN:114,(anonymous_16)
FN:121,(anonymous_17)
FN:135,(anonymous_20)
FN:143,(anonymous_21)
FN:171,(anonymous_24)
FN:179,(anonymous_25)
FN:187,(anonymous_28)
FN:193,(anonymous_29)
FN:202,(anonymous_30)
FN:224,(anonymous_33)
FN:226,(anonymous_36)
FN:226,(anonymous_37)
FNF:20
FNH:9
FNDA:1,(anonymous_0)
FNDA:3,CloudService
FNDA:0,(anonymous_2)
FNDA:4,(anonymous_3)
FNDA:0,(anonymous_6)
FNDA:0,(anonymous_9)
FNDA:2,(anonymous_12)
FNDA:0,(anonymous_15)
FNDA:0,(anonymous_16)
FNDA:4,(anonymous_17)
FNDA:2,(anonymous_20)
FNDA:2,(anonymous_21)
FNDA:0,(anonymous_24)
FNDA:1,(anonymous_25)
FNDA:0,(anonymous_28)
FNDA:0,(anonymous_29)
FNDA:1,(anonymous_30)
FNDA:0,(anonymous_33)
FNDA:0,(anonymous_36)
FNDA:0,(anonymous_37)
DA:1,1
DA:10,1
DA:21,1
DA:27,3
DA:28,3
DA:29,3
DA:30,3
DA:37,1
DA:38,0
DA:45,1
DA:46,4
DA:47,0
DA:49,8
DA:50,4
DA:56,1
DA:57,0
DA:63,1
DA:68,0
DA:70,0
DA:71,0
DA:73,0
DA:74,0
DA:84,1
DA:85,2
DA:87,4
DA:89,2
DA:92,2
DA:95,0
DA:96,0
DA:98,0
DA:100,2
DA:101,4
DA:102,2
DA:104,2
DA:114,1
DA:115,0
DA:121,1
DA:122,4
DA:123,4
DA:126,4
DA:127,8
DA:128,4
DA:135,1
DA:136,2
DA:143,1
DA:147,2
DA:148,4
DA:153,2
DA:155,4
DA:159,2
DA:163,2
DA:165,4
DA:167,2
DA:169,2
DA:172,0
DA:179,1
DA:180,1
DA:184,1
DA:185,1
DA:188,0
DA:191,1
DA:193,0
DA:194,1
DA:202,1
DA:205,1
DA:206,3
DA:207,1
DA:208,1
DA:210,1
DA:217,1
DA:224,1
DA:225,0
DA:226,0
DA:227,0
DA:230,0
DA:238,0
DA:244,1
LF:77
LH:57
BRDA:27,0,0,0
BRDA:46,1,0,0
BRDA:68,2,0,0
BRDA:68,2,1,0
BRDA:85,3,0,2
BRDA:85,3,1,2
BRDA:95,4,0,0
BRDA:95,5,0,0
BRDA:95,5,1,0
BRDA:95,6,0,0
BRDA:95,6,1,0
BRDA:98,7,0,0
BRDA:98,7,1,0
BRDA:98,8,0,0
BRDA:98,8,1,0
BRDA:122,9,0,0
BRDA:153,10,0,2
BRDA:147,11,0,0
BRDA:188,12,0,0
BRDA:188,12,1,0
BRDA:188,13,0,0
BRDA:188,13,1,0
BRDA:188,14,0,0
BRDA:188,14,1,0
BRDA:188,15,0,0
BRDA:188,15,1,0
BRDA:217,16,0,1
BRDA:206,17,0,1
BRDA:225,18,0,0
BRDA:227,19,0,0
BRDA:241,20,0,0
BRDA:241,20,1,0
BRDA:241,21,0,0
BRDA:241,21,1,0
BRF:34
BRH:5
end_of_record
TN:
SF:src/index.ts
FNF:0
FNH:0
DA:1,1
DA:2,1
DA:3,1
LF:3
LH:3
BRF:0
BRH:0
end_of_record
