<?xml version="1.0" encoding="UTF-8"?>
<coverage generated="1637247373438" clover="3.2.0">
  <project timestamp="1637247373438" name="All files">
    <metrics statements="15" coveredstatements="12" conditionals="5" coveredconditionals="3" methods="5" coveredmethods="4" elements="25" coveredelements="19" complexity="0" loc="15" ncloc="15" packages="1" files="1" classes="1"/>
    <file name="index.ts" path="/home/david/ssi/ssi2/packages/template-create/src/index.ts">
      <metrics statements="15" coveredstatements="12" conditionals="5" coveredconditionals="3" methods="5" coveredmethods="4"/>
      <line num="2" count="1" type="stmt"/>
      <line num="10" count="1" type="stmt"/>
      <line num="14" count="1" type="cond" truecount="2" falsecount="0"/>
      <line num="15" count="1" type="stmt"/>
      <line num="18" count="1" type="stmt"/>
      <line num="21" count="1" type="stmt"/>
      <line num="37" count="1" type="stmt"/>
      <line num="42" count="1" type="stmt"/>
      <line num="43" count="1" type="stmt"/>
      <line num="48" count="1" type="cond" truecount="1" falsecount="0"/>
      <line num="49" count="1" type="stmt"/>
      <line num="51" count="0" type="cond" truecount="0" falsecount="2"/>
      <line num="52" count="0" type="stmt"/>
      <line num="54" count="0" type="stmt"/>
      <line num="59" count="1" type="stmt"/>
    </file>
  </project>
</coverage>
