{"/home/david/ssi/ssi2/packages/template-create/src/index.ts": {"path":"/home/david/ssi/ssi2/packages/template-create/src/index.ts","statementMap":{"0":{"start":{"line":2,"column":0},"end":{"line":2,"column":null}},"1":{"start":{"line":10,"column":0},"end":{"line":10,"column":null}},"2":{"start":{"line":10,"column":43},"end":{"line":10,"column":56}},"3":{"start":{"line":14,"column":4},"end":{"line":14,"column":null}},"4":{"start":{"line":15,"column":4},"end":{"line":15,"column":69}},"5":{"start":{"line":18,"column":8},"end":{"line":58,"column":null}},"6":{"start":{"line":21,"column":10},"end":{"line":36,"column":6}},"7":{"start":{"line":37,"column":10},"end":{"line":41,"column":6}},"8":{"start":{"line":42,"column":4},"end":{"line":42,"column":null}},"9":{"start":{"line":43,"column":17},"end":{"line":45,"column":null}},"10":{"start":{"line":42,"column":4},"end":{"line":47,"column":7}},"11":{"start":{"line":48,"column":11},"end":{"line":57,"column":6}},"12":{"start":{"line":49,"column":13},"end":{"line":49,"column":null}},"13":{"start":{"line":51,"column":8},"end":{"line":55,"column":null}},"14":{"start":{"line":52,"column":10},"end":{"line":52,"column":51}},"15":{"start":{"line":54,"column":10},"end":{"line":54,"column":37}},"16":{"start":{"line":48,"column":4},"end":{"line":57,"column":6}},"17":{"start":{"line":59,"column":0},"end":{"line":59,"column":null}},"18":{"start":{"line":10,"column":13},"end":{"line":10,"column":34}}},"fnMap":{"0":{"name":"(anonymous_0)","decl":{"start":{"line":10,"column":0},"end":{"line":10,"column":13}},"loc":{"start":{"line":10,"column":0},"end":{"line":59,"column":null}}},"1":{"name":"TemplateIssuerService","decl":{"start":{"line":13,"column":2},"end":{"line":13,"column":14}},"loc":{"start":{"line":13,"column":62},"end":{"line":16,"column":3}}},"2":{"name":"(anonymous_2)","decl":{"start":{"line":18,"column":2},"end":{"line":18,"column":8}},"loc":{"start":{"line":19,"column":36},"end":{"line":58,"column":null}}},"3":{"name":"(anonymous_5)","decl":{"start":{"line":49,"column":6},"end":{"line":49,"column":9}},"loc":{"start":{"line":49,"column":9},"end":{"line":49,"column":16}}},"4":{"name":"(anonymous_6)","decl":{"start":{"line":50,"column":6},"end":{"line":50,"column":7}},"loc":{"start":{"line":50,"column":22},"end":{"line":56,"column":7}}}},"branchMap":{"0":{"loc":{"start":{"line":14,"column":4},"end":{"line":14,"column":null}},"type":"binary-expr","locations":[{"start":{"line":14,"column":4},"end":{"line":14,"column":34}},{"start":{"line":14,"column":34},"end":{"line":14,"column":null}}]},"1":{"loc":{"start":{"line":48,"column":4},"end":{"line":57,"column":6}},"type":"switch","locations":[{"start":{"line":48,"column":4},"end":{"line":57,"column":6}}]},"2":{"loc":{"start":{"line":51,"column":8},"end":{"line":55,"column":null}},"type":"if","locations":[{"start":{"line":51,"column":8},"end":{"line":55,"column":null}},{"start":{"line":53,"column":15},"end":{"line":55,"column":null}}]}},"s":{"0":1,"1":1,"2":1,"3":1,"4":1,"5":1,"6":1,"7":1,"8":1,"9":1,"10":1,"11":1,"12":1,"13":0,"14":0,"15":0,"16":1,"17":1,"18":1},"f":{"0":1,"1":1,"2":1,"3":1,"4":0},"b":{"0":[1,1],"1":[1],"2":[0,0]}}
}
