<?xml version="1.0" encoding="UTF-8"?>
<coverage generated="1637247377350" clover="3.2.0">
  <project timestamp="1637247377351" name="All files">
    <metrics statements="41" coveredstatements="29" conditionals="23" coveredconditionals="15" methods="10" coveredmethods="8" elements="74" coveredelements="52" complexity="0" loc="41" ncloc="41" packages="1" files="2" classes="2"/>
    <file name="did-issuer-service.ts" path="/home/david/ssi/ssi2/packages/did-id-create/src/did-issuer-service.ts">
      <metrics statements="40" coveredstatements="28" conditionals="23" coveredconditionals="15" methods="10" coveredmethods="8"/>
      <line num="3" count="1" type="stmt"/>
      <line num="19" count="1" type="stmt"/>
      <line num="23" count="4" type="cond" truecount="2" falsecount="0"/>
      <line num="24" count="4" type="stmt"/>
      <line num="27" count="1" type="stmt"/>
      <line num="32" count="6" type="stmt"/>
      <line num="41" count="6" type="stmt"/>
      <line num="64" count="6" type="stmt"/>
      <line num="69" count="6" type="stmt"/>
      <line num="70" count="6" type="stmt"/>
      <line num="76" count="6" type="cond" truecount="1" falsecount="0"/>
      <line num="77" count="6" type="stmt"/>
      <line num="79" count="0" type="cond" truecount="0" falsecount="2"/>
      <line num="80" count="0" type="stmt"/>
      <line num="82" count="0" type="stmt"/>
      <line num="87" count="1" type="stmt"/>
      <line num="89" count="1" type="stmt"/>
      <line num="90" count="1" type="stmt"/>
      <line num="95" count="1" type="stmt"/>
      <line num="97" count="4" type="cond" truecount="6" falsecount="2"/>
      <line num="98" count="4" type="stmt"/>
      <line num="99" count="4" type="cond" truecount="6" falsecount="2"/>
      <line num="100" count="4" type="stmt"/>
      <line num="103" count="1" type="stmt"/>
      <line num="106" count="0" type="cond" truecount="0" falsecount="2"/>
      <line num="107" count="0" type="stmt"/>
      <line num="110" count="0" type="stmt"/>
      <line num="112" count="0" type="stmt"/>
      <line num="118" count="0" type="stmt"/>
      <line num="121" count="0" type="stmt"/>
      <line num="122" count="0" type="stmt"/>
      <line num="124" count="0" type="stmt"/>
      <line num="125" count="0" type="stmt"/>
      <line num="130" count="1" type="stmt"/>
      <line num="131" count="6" type="stmt"/>
      <line num="133" count="6" type="stmt"/>
      <line num="134" count="6" type="stmt"/>
      <line num="135" count="6" type="stmt"/>
      <line num="136" count="6" type="stmt"/>
      <line num="138" count="1" type="stmt"/>
    </file>
    <file name="index.ts" path="/home/david/ssi/ssi2/packages/did-id-create/src/index.ts">
      <metrics statements="1" coveredstatements="1" conditionals="0" coveredconditionals="0" methods="0" coveredmethods="0"/>
      <line num="1" count="1" type="stmt"/>
    </file>
  </project>
</coverage>
