{"/home/david/ssi/ssi2/packages/did-id-create/src/did-issuer-service.ts": {"path":"/home/david/ssi/ssi2/packages/did-id-create/src/did-issuer-service.ts","statementMap":{"0":{"start":{"line":3,"column":0},"end":{"line":3,"column":null}},"1":{"start":{"line":19,"column":0},"end":{"line":19,"column":null}},"2":{"start":{"line":19,"column":40},"end":{"line":19,"column":53}},"3":{"start":{"line":23,"column":4},"end":{"line":23,"column":null}},"4":{"start":{"line":24,"column":4},"end":{"line":24,"column":64}},"5":{"start":{"line":27,"column":8},"end":{"line":86,"column":null}},"6":{"start":{"line":41,"column":25},"end":{"line":48,"column":null}},"7":{"start":{"line":32,"column":10},"end":{"line":63,"column":null}},"8":{"start":{"line":64,"column":10},"end":{"line":68,"column":6}},"9":{"start":{"line":69,"column":4},"end":{"line":69,"column":null}},"10":{"start":{"line":70,"column":17},"end":{"line":72,"column":null}},"11":{"start":{"line":69,"column":4},"end":{"line":74,"column":7}},"12":{"start":{"line":76,"column":11},"end":{"line":85,"column":6}},"13":{"start":{"line":77,"column":13},"end":{"line":77,"column":null}},"14":{"start":{"line":79,"column":8},"end":{"line":83,"column":null}},"15":{"start":{"line":80,"column":10},"end":{"line":80,"column":51}},"16":{"start":{"line":82,"column":10},"end":{"line":82,"column":37}},"17":{"start":{"line":76,"column":4},"end":{"line":85,"column":6}},"18":{"start":{"line":87,"column":0},"end":{"line":87,"column":null}},"19":{"start":{"line":19,"column":13},"end":{"line":19,"column":31}},"20":{"start":{"line":89,"column":0},"end":{"line":89,"column":13}},"21":{"start":{"line":95,"column":16},"end":{"line":101,"column":null}},"22":{"start":{"line":97,"column":15},"end":{"line":97,"column":54}},"23":{"start":{"line":98,"column":16},"end":{"line":98,"column":29}},"24":{"start":{"line":99,"column":4},"end":{"line":99,"column":78}},"25":{"start":{"line":99,"column":47},"end":{"line":99,"column":77}},"26":{"start":{"line":100,"column":4},"end":{"line":100,"column":15}},"27":{"start":{"line":103,"column":22},"end":{"line":128,"column":null}},"28":{"start":{"line":106,"column":4},"end":{"line":108,"column":null}},"29":{"start":{"line":107,"column":6},"end":{"line":107,"column":48}},"30":{"start":{"line":110,"column":19},"end":{"line":110,"column":null}},"31":{"start":{"line":110,"column":10},"end":{"line":110,"column":null}},"32":{"start":{"line":112,"column":10},"end":{"line":116,"column":6}},"33":{"start":{"line":118,"column":10},"end":{"line":120,"column":7}},"34":{"start":{"line":121,"column":10},"end":{"line":121,"column":57}},"35":{"start":{"line":122,"column":4},"end":{"line":122,"column":55}},"36":{"start":{"line":125,"column":11},"end":{"line":125,"column":null}},"37":{"start":{"line":124,"column":4},"end":{"line":127,"column":null}},"38":{"start":{"line":130,"column":16},"end":{"line":137,"column":null}},"39":{"start":{"line":131,"column":18},"end":{"line":131,"column":34}},"40":{"start":{"line":133,"column":21},"end":{"line":133,"column":38}},"41":{"start":{"line":134,"column":4},"end":{"line":134,"column":18}},"42":{"start":{"line":135,"column":4},"end":{"line":135,"column":23}},"43":{"start":{"line":136,"column":4},"end":{"line":136,"column":59}},"44":{"start":{"line":90,"column":17},"end":{"line":90,"column":67}},"45":{"start":{"line":138,"column":0},"end":{"line":138,"column":null}},"46":{"start":{"line":89,"column":13},"end":{"line":89,"column":26}}},"fnMap":{"0":{"name":"(anonymous_0)","decl":{"start":{"line":19,"column":0},"end":{"line":19,"column":13}},"loc":{"start":{"line":19,"column":0},"end":{"line":87,"column":null}}},"1":{"name":"DidIdIssuerService","decl":{"start":{"line":22,"column":2},"end":{"line":22,"column":14}},"loc":{"start":{"line":22,"column":62},"end":{"line":25,"column":3}}},"2":{"name":"(anonymous_2)","decl":{"start":{"line":27,"column":2},"end":{"line":27,"column":8}},"loc":{"start":{"line":30,"column":19},"end":{"line":86,"column":null}}},"3":{"name":"(anonymous_5)","decl":{"start":{"line":77,"column":6},"end":{"line":77,"column":9}},"loc":{"start":{"line":77,"column":9},"end":{"line":77,"column":16}}},"4":{"name":"(anonymous_6)","decl":{"start":{"line":78,"column":6},"end":{"line":78,"column":7}},"loc":{"start":{"line":78,"column":22},"end":{"line":84,"column":7}}},"5":{"name":"(anonymous_7)","decl":{"start":{"line":89,"column":0},"end":{"line":89,"column":13}},"loc":{"start":{"line":89,"column":0},"end":{"line":89,"column":13}}},"6":{"name":"(anonymous_9)","decl":{"start":{"line":95,"column":2},"end":{"line":95,"column":16}},"loc":{"start":{"line":95,"column":43},"end":{"line":101,"column":3}}},"7":{"name":"(anonymous_10)","decl":{"start":{"line":99,"column":33},"end":{"line":99,"column":43}},"loc":{"start":{"line":99,"column":43},"end":{"line":99,"column":50}}},"8":{"name":"(anonymous_11)","decl":{"start":{"line":103,"column":2},"end":{"line":103,"column":22}},"loc":{"start":{"line":104,"column":18},"end":{"line":128,"column":null}}},"9":{"name":"(anonymous_14)","decl":{"start":{"line":130,"column":2},"end":{"line":130,"column":16}},"loc":{"start":{"line":130,"column":59},"end":{"line":137,"column":3}}}},"branchMap":{"0":{"loc":{"start":{"line":23,"column":4},"end":{"line":23,"column":34}},"type":"binary-expr","locations":[{"start":{"line":23,"column":4},"end":{"line":23,"column":34}},{"start":{"line":23,"column":34},"end":{"line":23,"column":null}}]},"1":{"loc":{"start":{"line":76,"column":4},"end":{"line":85,"column":6}},"type":"switch","locations":[{"start":{"line":76,"column":4},"end":{"line":85,"column":6}}]},"2":{"loc":{"start":{"line":79,"column":8},"end":{"line":83,"column":null}},"type":"if","locations":[{"start":{"line":79,"column":8},"end":{"line":83,"column":null}},{"start":{"line":79,"column":8},"end":{"line":83,"column":null}}]},"3":{"loc":{"start":{"line":97,"column":25},"end":{"line":97,"column":29}},"type":"cond-expr","locations":[{"start":{"line":97,"column":25},"end":{"line":97,"column":29}},{"start":{"line":97,"column":29},"end":{"line":97,"column":54}}]},"4":{"loc":{"start":{"line":97,"column":15},"end":{"line":97,"column":29}},"type":"binary-expr","locations":[{"start":{"line":97,"column":15},"end":{"line":97,"column":29}},{"start":{"line":97,"column":25},"end":{"line":97,"column":29}}]},"5":{"loc":{"start":{"line":97,"column":21},"end":{"line":97,"column":23}},"type":"cond-expr","locations":[{"start":{"line":97,"column":21},"end":{"line":97,"column":23}},{"start":{"line":97,"column":15},"end":{"line":97,"column":25}}]},"6":{"loc":{"start":{"line":97,"column":15},"end":{"line":97,"column":23}},"type":"binary-expr","locations":[{"start":{"line":97,"column":15},"end":{"line":97,"column":23}},{"start":{"line":97,"column":15},"end":{"line":97,"column":23}}]},"7":{"loc":{"start":{"line":99,"column":23},"end":{"line":99,"column":25}},"type":"cond-expr","locations":[{"start":{"line":99,"column":23},"end":{"line":99,"column":25}},{"start":{"line":99,"column":23},"end":{"line":99,"column":77}}]},"8":{"loc":{"start":{"line":99,"column":4},"end":{"line":99,"column":25}},"type":"binary-expr","locations":[{"start":{"line":99,"column":4},"end":{"line":99,"column":25}},{"start":{"line":99,"column":23},"end":{"line":99,"column":25}}]},"9":{"loc":{"start":{"line":99,"column":10},"end":{"line":99,"column":12}},"type":"cond-expr","locations":[{"start":{"line":99,"column":10},"end":{"line":99,"column":12}},{"start":{"line":99,"column":4},"end":{"line":99,"column":23}}]},"10":{"loc":{"start":{"line":99,"column":4},"end":{"line":99,"column":12}},"type":"binary-expr","locations":[{"start":{"line":99,"column":4},"end":{"line":99,"column":12}},{"start":{"line":99,"column":4},"end":{"line":99,"column":12}}]},"11":{"loc":{"start":{"line":106,"column":4},"end":{"line":108,"column":null}},"type":"if","locations":[{"start":{"line":106,"column":4},"end":{"line":108,"column":null}},{"start":{"line":106,"column":4},"end":{"line":108,"column":null}}]}},"s":{"0":1,"1":1,"2":1,"3":4,"4":4,"5":1,"6":6,"7":6,"8":6,"9":6,"10":6,"11":6,"12":6,"13":6,"14":0,"15":0,"16":0,"17":6,"18":1,"19":1,"20":1,"21":1,"22":4,"23":4,"24":4,"25":4,"26":4,"27":1,"28":0,"29":0,"30":0,"31":0,"32":0,"33":0,"34":0,"35":0,"36":0,"37":0,"38":1,"39":6,"40":6,"41":6,"42":6,"43":6,"44":1,"45":1,"46":1},"f":{"0":1,"1":4,"2":6,"3":6,"4":0,"5":1,"6":4,"7":4,"8":0,"9":6},"b":{"0":[4,4],"1":[6],"2":[0,0],"3":[0,4],"4":[4,4],"5":[0,4],"6":[4,4],"7":[0,4],"8":[4,4],"9":[0,4],"10":[4,4],"11":[0,0]}}
,"/home/david/ssi/ssi2/packages/did-id-create/src/index.ts": {"path":"/home/david/ssi/ssi2/packages/did-id-create/src/index.ts","statementMap":{"0":{"start":{"line":1,"column":0},"end":{"line":1,"column":37}}},"fnMap":{},"branchMap":{},"s":{"0":1},"f":{},"b":{}}
}
