TN:
SF:src/did-issuer-service.ts
FN:19,(anonymous_0)
FN:22,DidIdIssuerService
FN:27,(anonymous_2)
FN:77,(anonymous_5)
FN:78,(anonymous_6)
FN:89,(anonymous_7)
FN:95,(anonymous_9)
FN:99,(anonymous_10)
FN:103,(anonymous_11)
FN:130,(anonymous_14)
FNF:10
FNH:8
FNDA:1,(anonymous_0)
FNDA:4,DidIdIssuerService
FNDA:6,(anonymous_2)
FNDA:6,(anonymous_5)
FNDA:0,(anonymous_6)
FNDA:1,(anonymous_7)
FNDA:4,(anonymous_9)
FNDA:4,(anonymous_10)
FNDA:0,(anonymous_11)
FNDA:6,(anonymous_14)
DA:3,1
DA:19,1
DA:23,4
DA:24,4
DA:27,1
DA:32,6
DA:41,6
DA:64,6
DA:69,6
DA:70,6
DA:76,6
DA:77,6
DA:79,0
DA:80,0
DA:82,0
DA:87,1
DA:89,1
DA:90,1
DA:95,1
DA:97,4
DA:98,4
DA:99,4
DA:100,4
DA:103,1
DA:106,0
DA:107,0
DA:110,0
DA:112,0
DA:118,0
DA:121,0
DA:122,0
DA:124,0
DA:125,0
DA:130,1
DA:131,6
DA:133,6
DA:134,6
DA:135,6
DA:136,6
DA:138,1
LF:40
LH:28
BRDA:23,0,0,4
BRDA:23,0,1,4
BRDA:76,1,0,6
BRDA:79,2,0,0
BRDA:79,2,1,0
BRDA:97,3,0,0
BRDA:97,3,1,4
BRDA:97,4,0,4
BRDA:97,4,1,4
BRDA:97,5,0,0
BRDA:97,5,1,4
BRDA:97,6,0,4
BRDA:97,6,1,4
BRDA:99,7,0,0
BRDA:99,7,1,4
BRDA:99,8,0,4
BRDA:99,8,1,4
BRDA:99,9,0,0
BRDA:99,9,1,4
BRDA:99,10,0,4
BRDA:99,10,1,4
BRDA:106,11,0,0
BRDA:106,11,1,0
BRF:23
BRH:15
end_of_record
TN:
SF:src/index.ts
FNF:0
FNH:0
DA:1,1
LF:1
LH:1
BRF:0
BRH:0
end_of_record
