{"/home/david/ssi/ssi2/packages/vc-create/src/index.ts": {"path":"/home/david/ssi/ssi2/packages/vc-create/src/index.ts","statementMap":{"0":{"start":{"line":1,"column":0},"end":{"line":1,"column":22}}},"fnMap":{},"branchMap":{},"s":{"0":0},"f":{},"b":{}}
,"/home/david/ssi/ssi2/packages/vc-create/src/bbs/bbs-verifiable-credential-issuer-service.ts": {"path":"/home/david/ssi/ssi2/packages/vc-create/src/bbs/bbs-verifiable-credential-issuer-service.ts","statementMap":{"0":{"start":{"line":2,"column":0},"end":{"line":2,"column":null}},"1":{"start":{"line":6,"column":0},"end":{"line":6,"column":51}},"2":{"start":{"line":8,"column":0},"end":{"line":8,"column":50}},"3":{"start":{"line":9,"column":0},"end":{"line":9,"column":null}},"4":{"start":{"line":18,"column":0},"end":{"line":18,"column":76}},"5":{"start":{"line":19,"column":0},"end":{"line":19,"column":62}},"6":{"start":{"line":20,"column":0},"end":{"line":20,"column":13}},"7":{"start":{"line":21,"column":8},"end":{"line":98,"column":null}},"8":{"start":{"line":24,"column":4},"end":{"line":24,"column":null}},"9":{"start":{"line":28,"column":10},"end":{"line":28,"column":36}},"10":{"start":{"line":30,"column":23},"end":{"line":34,"column":null}},"11":{"start":{"line":30,"column":10},"end":{"line":34,"column":null}},"12":{"start":{"line":36,"column":10},"end":{"line":36,"column":55}},"13":{"start":{"line":39,"column":10},"end":{"line":39,"column":42}},"14":{"start":{"line":40,"column":4},"end":{"line":42,"column":null}},"15":{"start":{"line":40,"column":32},"end":{"line":40,"column":65}},"16":{"start":{"line":41,"column":6},"end":{"line":41,"column":46}},"17":{"start":{"line":44,"column":10},"end":{"line":55,"column":6}},"18":{"start":{"line":57,"column":8},"end":{"line":57,"column":17}},"19":{"start":{"line":77,"column":12},"end":{"line":77,"column":56}},"20":{"start":{"line":78,"column":6},"end":{"line":78,"column":37}},"21":{"start":{"line":80,"column":6},"end":{"line":80,"column":9}},"22":{"start":{"line":80,"column":28},"end":{"line":80,"column":77}},"23":{"start":{"line":80,"column":6},"end":{"line":80,"column":77}},"24":{"start":{"line":81,"column":6},"end":{"line":81,"column":74}},"25":{"start":{"line":89,"column":54},"end":{"line":93,"column":null}},"26":{"start":{"line":89,"column":10},"end":{"line":93,"column":null}},"27":{"start":{"line":95,"column":4},"end":{"line":95,"column":35}},"28":{"start":{"line":97,"column":4},"end":{"line":97,"column":28}},"29":{"start":{"line":100,"column":8},"end":{"line":137,"column":null}},"30":{"start":{"line":104,"column":10},"end":{"line":112,"column":6}},"31":{"start":{"line":114,"column":23},"end":{"line":118,"column":null}},"32":{"start":{"line":114,"column":10},"end":{"line":118,"column":null}},"33":{"start":{"line":120,"column":10},"end":{"line":120,"column":55}},"34":{"start":{"line":122,"column":60},"end":{"line":132,"column":36}},"35":{"start":{"line":122,"column":10},"end":{"line":132,"column":null}},"36":{"start":{"line":134,"column":4},"end":{"line":134,"column":37}},"37":{"start":{"line":136,"column":4},"end":{"line":136,"column":30}},"38":{"start":{"line":139,"column":8},"end":{"line":162,"column":null}},"39":{"start":{"line":147,"column":17},"end":{"line":147,"column":null}},"40":{"start":{"line":147,"column":10},"end":{"line":147,"column":null}},"41":{"start":{"line":148,"column":25},"end":{"line":148,"column":null}},"42":{"start":{"line":148,"column":10},"end":{"line":148,"column":null}},"43":{"start":{"line":150,"column":10},"end":{"line":150,"column":74}},"44":{"start":{"line":152,"column":15},"end":{"line":159,"column":null}},"45":{"start":{"line":152,"column":10},"end":{"line":159,"column":null}},"46":{"start":{"line":161,"column":4},"end":{"line":161,"column":14}},"47":{"start":{"line":163,"column":0},"end":{"line":163,"column":null}},"48":{"start":{"line":20,"column":13},"end":{"line":20,"column":49}}},"fnMap":{"0":{"name":"(anonymous_0)","decl":{"start":{"line":20,"column":0},"end":{"line":20,"column":13}},"loc":{"start":{"line":20,"column":0},"end":{"line":163,"column":null}}},"1":{"name":"(anonymous_2)","decl":{"start":{"line":21,"column":2},"end":{"line":21,"column":8}},"loc":{"start":{"line":24,"column":20},"end":{"line":98,"column":null}}},"2":{"name":"(anonymous_5)","decl":{"start":{"line":40,"column":22},"end":{"line":40,"column":28}},"loc":{"start":{"line":40,"column":28},"end":{"line":40,"column":38}}},"3":{"name":"(anonymous_6)","decl":{"start":{"line":100,"column":2},"end":{"line":100,"column":8}},"loc":{"start":{"line":102,"column":29},"end":{"line":137,"column":null}}},"4":{"name":"(anonymous_9)","decl":{"start":{"line":139,"column":2},"end":{"line":139,"column":8}},"loc":{"start":{"line":143,"column":29},"end":{"line":162,"column":null}}}},"branchMap":{"0":{"loc":{"start":{"line":24,"column":4},"end":{"line":24,"column":null}},"type":"if","locations":[{"start":{"line":24,"column":4},"end":{"line":24,"column":null}},{"start":{"line":24,"column":4},"end":{"line":24,"column":null}}]},"1":{"loc":{"start":{"line":89,"column":54},"end":{"line":93,"column":null}},"type":"switch","locations":[{"start":{"line":89,"column":54},"end":{"line":93,"column":null}}]},"2":{"loc":{"start":{"line":40,"column":4},"end":{"line":42,"column":null}},"type":"if","locations":[{"start":{"line":40,"column":4},"end":{"line":42,"column":null}},{"start":{"line":40,"column":4},"end":{"line":42,"column":null}}]},"3":{"loc":{"start":{"line":57,"column":8},"end":{"line":57,"column":17}},"type":"if","locations":[{"start":{"line":57,"column":8},"end":{"line":57,"column":17}},{"start":{"line":57,"column":8},"end":{"line":57,"column":17}}]},"4":{"loc":{"start":{"line":81,"column":20},"end":{"line":81,"column":22}},"type":"cond-expr","locations":[{"start":{"line":81,"column":20},"end":{"line":81,"column":22}},{"start":{"line":81,"column":20},"end":{"line":81,"column":74}}]},"5":{"loc":{"start":{"line":81,"column":6},"end":{"line":81,"column":22}},"type":"binary-expr","locations":[{"start":{"line":81,"column":6},"end":{"line":81,"column":22}},{"start":{"line":81,"column":20},"end":{"line":81,"column":22}}]},"6":{"loc":{"start":{"line":147,"column":17},"end":{"line":147,"column":null}},"type":"switch","locations":[{"start":{"line":147,"column":17},"end":{"line":147,"column":null}}]}},"s":{"0":0,"1":0,"2":0,"3":0,"4":0,"5":0,"6":0,"7":0,"8":0,"9":0,"10":0,"11":0,"12":0,"13":0,"14":0,"15":0,"16":0,"17":0,"18":0,"19":0,"20":0,"21":0,"22":0,"23":0,"24":0,"25":0,"26":0,"27":0,"28":0,"29":0,"30":0,"31":0,"32":0,"33":0,"34":0,"35":0,"36":0,"37":0,"38":0,"39":0,"40":0,"41":0,"42":0,"43":0,"44":0,"45":0,"46":0,"47":0,"48":0},"f":{"0":0,"1":0,"2":0,"3":0,"4":0},"b":{"0":[0,0],"1":[0],"2":[0,0],"3":[0,0],"4":[0,0],"5":[0,0],"6":[0]}}
,"/home/david/ssi/ssi2/packages/vc-create/src/bbs/declare_modules.d.ts": {"path":"/home/david/ssi/ssi2/packages/vc-create/src/bbs/declare_modules.d.ts","statementMap":{},"fnMap":{},"branchMap":{},"s":{},"f":{},"b":{},"inputSourceMap":null}
,"/home/david/ssi/ssi2/packages/vc-create/src/bbs/index.ts": {"path":"/home/david/ssi/ssi2/packages/vc-create/src/bbs/index.ts","statementMap":{"0":{"start":{"line":1,"column":0},"end":{"line":1,"column":59}}},"fnMap":{},"branchMap":{},"s":{"0":0},"f":{},"b":{}}
,"/home/david/ssi/ssi2/packages/vc-create/src/jwt/index.ts": {"path":"/home/david/ssi/ssi2/packages/vc-create/src/jwt/index.ts","statementMap":{"0":{"start":{"line":1,"column":0},"end":{"line":1,"column":59}}},"fnMap":{},"branchMap":{},"s":{"0":0},"f":{},"b":{}}
}
