TN:
SF:src/index.ts
FNF:0
FNH:0
DA:1,0
LF:1
LH:0
BRF:0
BRH:0
end_of_record
TN:
SF:src/bbs/bbs-verifiable-credential-issuer-service.ts
FN:20,(anonymous_0)
FN:21,(anonymous_2)
FN:40,(anonymous_5)
FN:100,(anonymous_6)
FN:139,(anonymous_9)
FNF:5
FNH:0
FNDA:0,(anonymous_0)
FNDA:0,(anonymous_2)
FNDA:0,(anonymous_5)
FNDA:0,(anonymous_6)
FNDA:0,(anonymous_9)
DA:2,0
DA:6,0
DA:8,0
DA:9,0
DA:18,0
DA:19,0
DA:20,0
DA:21,0
DA:24,0
DA:28,0
DA:30,0
DA:36,0
DA:39,0
DA:40,0
DA:41,0
DA:44,0
DA:57,0
DA:77,0
DA:78,0
DA:80,0
DA:81,0
DA:89,0
DA:95,0
DA:97,0
DA:100,0
DA:104,0
DA:114,0
DA:120,0
DA:122,0
DA:134,0
DA:136,0
DA:139,0
DA:147,0
DA:148,0
DA:150,0
DA:152,0
DA:161,0
DA:163,0
LF:38
LH:0
BRDA:24,0,0,0
BRDA:24,0,1,0
BRDA:89,1,0,0
BRDA:40,2,0,0
BRDA:40,2,1,0
BRDA:57,3,0,0
BRDA:57,3,1,0
BRDA:81,4,0,0
BRDA:81,4,1,0
BRDA:81,5,0,0
BRDA:81,5,1,0
BRDA:147,6,0,0
BRF:12
BRH:0
end_of_record
TN:
SF:src/bbs/declare_modules.d.ts
FNF:0
FNH:0
LF:0
LH:0
BRF:0
BRH:0
end_of_record
TN:
SF:src/bbs/index.ts
FNF:0
FNH:0
DA:1,0
LF:1
LH:0
BRF:0
BRH:0
end_of_record
TN:
SF:src/jwt/index.ts
FNF:0
FNH:0
DA:1,0
LF:1
LH:0
BRF:0
BRH:0
end_of_record
