<?xml version="1.0" encoding="UTF-8"?>
<coverage generated="1637247390667" clover="3.2.0">
  <project timestamp="1637247390667" name="All files">
    <metrics statements="45" coveredstatements="38" conditionals="24" coveredconditionals="14" methods="10" coveredmethods="8" elements="79" coveredelements="60" complexity="0" loc="45" ncloc="45" packages="1" files="2" classes="2"/>
    <file name="index.ts" path="/home/david/ssi/ssi2/packages/signature-verify/src/index.ts">
      <metrics statements="1" coveredstatements="1" conditionals="0" coveredconditionals="0" methods="0" coveredmethods="0"/>
      <line num="1" count="1" type="stmt"/>
    </file>
    <file name="signature-verifier-service.ts" path="/home/david/ssi/ssi2/packages/signature-verify/src/signature-verifier-service.ts">
      <metrics statements="44" coveredstatements="37" conditionals="24" coveredconditionals="14" methods="10" coveredmethods="8"/>
      <line num="1" count="1" type="stmt"/>
      <line num="14" count="1" type="stmt"/>
      <line num="17" count="6" type="cond" truecount="1" falsecount="1"/>
      <line num="18" count="3" type="cond" truecount="2" falsecount="0"/>
      <line num="19" count="3" type="stmt"/>
      <line num="20" count="3" type="stmt"/>
      <line num="24" count="1" type="stmt"/>
      <line num="25" count="3" type="cond" truecount="1" falsecount="0"/>
      <line num="26" count="3" type="stmt"/>
      <line num="29" count="1" type="stmt"/>
      <line num="30" count="1" type="cond" truecount="1" falsecount="0"/>
      <line num="31" count="1" type="stmt"/>
      <line num="34" count="1" type="stmt"/>
      <line num="35" count="4" type="cond" truecount="2" falsecount="0"/>
      <line num="36" count="4" type="stmt"/>
      <line num="37" count="4" type="cond" truecount="1" falsecount="1"/>
      <line num="38" count="4" type="stmt"/>
      <line num="39" count="4" type="stmt"/>
      <line num="40" count="4" type="cond" truecount="1" falsecount="1"/>
      <line num="41" count="4" type="stmt"/>
      <line num="42" count="4" type="stmt"/>
      <line num="44" count="4" type="stmt"/>
      <line num="47" count="4" type="stmt"/>
      <line num="49" count="0" type="stmt"/>
      <line num="57" count="1" type="stmt"/>
      <line num="58" count="4" type="stmt"/>
      <line num="60" count="8" type="cond" truecount="1" falsecount="1"/>
      <line num="61" count="4" type="cond" truecount="1" falsecount="0"/>
      <line num="63" count="0" type="stmt"/>
      <line num="64" count="4" type="cond" truecount="1" falsecount="1"/>
      <line num="65" count="4" type="stmt"/>
      <line num="66" count="0" type="stmt"/>
      <line num="68" count="4" type="cond" truecount="1" falsecount="1"/>
      <line num="69" count="0" type="stmt"/>
      <line num="70" count="0" type="cond" truecount="0" falsecount="2"/>
      <line num="71" count="0" type="stmt"/>
      <line num="74" count="4" type="stmt"/>
      <line num="75" count="4" type="cond" truecount="1" falsecount="1"/>
      <line num="76" count="4" type="stmt"/>
      <line num="81" count="0" type="cond" truecount="0" falsecount="1"/>
      <line num="84" count="1" type="stmt"/>
      <line num="85" count="4" type="stmt"/>
      <line num="94" count="4" type="stmt"/>
      <line num="96" count="1" type="stmt"/>
    </file>
  </project>
</coverage>
