{"/home/david/ssi/ssi2/packages/signature-verify/src/index.ts": {"path":"/home/david/ssi/ssi2/packages/signature-verify/src/index.ts","statementMap":{"0":{"start":{"line":1,"column":0},"end":{"line":1,"column":45}}},"fnMap":{},"branchMap":{},"s":{"0":1},"f":{},"b":{}}
,"/home/david/ssi/ssi2/packages/signature-verify/src/signature-verifier-service.ts": {"path":"/home/david/ssi/ssi2/packages/signature-verify/src/signature-verifier-service.ts","statementMap":{"0":{"start":{"line":1,"column":0},"end":{"line":1,"column":null}},"1":{"start":{"line":14,"column":0},"end":{"line":14,"column":null}},"2":{"start":{"line":14,"column":46},"end":{"line":14,"column":61}},"3":{"start":{"line":17,"column":48},"end":{"line":17,"column":null}},"4":{"start":{"line":18,"column":4},"end":{"line":18,"column":null}},"5":{"start":{"line":17,"column":24},"end":{"line":17,"column":46}},"6":{"start":{"line":19,"column":4},"end":{"line":21,"column":6}},"7":{"start":{"line":20,"column":16},"end":{"line":20,"column":null}},"8":{"start":{"line":24,"column":15},"end":{"line":27,"column":null}},"9":{"start":{"line":25,"column":17},"end":{"line":25,"column":null}},"10":{"start":{"line":25,"column":10},"end":{"line":25,"column":null}},"11":{"start":{"line":26,"column":4},"end":{"line":26,"column":29}},"12":{"start":{"line":29,"column":15},"end":{"line":32,"column":null}},"13":{"start":{"line":30,"column":17},"end":{"line":30,"column":null}},"14":{"start":{"line":30,"column":10},"end":{"line":30,"column":null}},"15":{"start":{"line":31,"column":4},"end":{"line":31,"column":29}},"16":{"start":{"line":34,"column":15},"end":{"line":51,"column":null}},"17":{"start":{"line":35,"column":17},"end":{"line":35,"column":null}},"18":{"start":{"line":35,"column":10},"end":{"line":35,"column":null}},"19":{"start":{"line":36,"column":10},"end":{"line":36,"column":49}},"20":{"start":{"line":37,"column":10},"end":{"line":37,"column":77}},"21":{"start":{"line":38,"column":16},"end":{"line":38,"column":null}},"22":{"start":{"line":38,"column":10},"end":{"line":38,"column":null}},"23":{"start":{"line":39,"column":10},"end":{"line":39,"column":36}},"24":{"start":{"line":41,"column":12},"end":{"line":41,"column":null}},"25":{"start":{"line":42,"column":8},"end":{"line":43,"column":null}},"26":{"start":{"line":44,"column":8},"end":{"line":44,"column":null}},"27":{"start":{"line":41,"column":6},"end":{"line":45,"column":null}},"28":{"start":{"line":40,"column":4},"end":{"line":50,"column":null}},"29":{"start":{"line":47,"column":6},"end":{"line":47,"column":35}},"30":{"start":{"line":49,"column":6},"end":{"line":49,"column":56}},"31":{"start":{"line":57,"column":15},"end":{"line":82,"column":null}},"32":{"start":{"line":58,"column":10},"end":{"line":58,"column":69}},"33":{"start":{"line":61,"column":18},"end":{"line":63,"column":null}},"34":{"start":{"line":63,"column":22},"end":{"line":63,"column":39}},"35":{"start":{"line":61,"column":12},"end":{"line":63,"column":null}},"36":{"start":{"line":64,"column":6},"end":{"line":79,"column":null}},"37":{"start":{"line":65,"column":14},"end":{"line":67,"column":11}},"38":{"start":{"line":66,"column":10},"end":{"line":66,"column":77}},"39":{"start":{"line":68,"column":8},"end":{"line":78,"column":null}},"40":{"start":{"line":69,"column":10},"end":{"line":69,"column":36}},"41":{"start":{"line":70,"column":10},"end":{"line":72,"column":null}},"42":{"start":{"line":71,"column":19},"end":{"line":71,"column":null}},"43":{"start":{"line":74,"column":10},"end":{"line":74,"column":57}},"44":{"start":{"line":75,"column":10},"end":{"line":77,"column":null}},"45":{"start":{"line":76,"column":19},"end":{"line":76,"column":null}},"46":{"start":{"line":60,"column":31},"end":{"line":60,"column":null}},"47":{"start":{"line":60,"column":22},"end":{"line":60,"column":null}},"48":{"start":{"line":60,"column":15},"end":{"line":60,"column":22}},"49":{"start":{"line":81,"column":4},"end":{"line":81,"column":48}},"50":{"start":{"line":84,"column":17},"end":{"line":95,"column":null}},"51":{"start":{"line":85,"column":38},"end":{"line":93,"column":6}},"52":{"start":{"line":94,"column":4},"end":{"line":94,"column":45}},"53":{"start":{"line":96,"column":0},"end":{"line":96,"column":null}},"54":{"start":{"line":14,"column":13},"end":{"line":14,"column":37}}},"fnMap":{"0":{"name":"(anonymous_0)","decl":{"start":{"line":14,"column":0},"end":{"line":14,"column":13}},"loc":{"start":{"line":14,"column":0},"end":{"line":96,"column":null}}},"1":{"name":"SignatureVerifierService","decl":{"start":{"line":17,"column":2},"end":{"line":17,"column":24}},"loc":{"start":{"line":17,"column":60},"end":{"line":22,"column":3}}},"2":{"name":"(anonymous_2)","decl":{"start":{"line":20,"column":6},"end":{"line":20,"column":12}},"loc":{"start":{"line":20,"column":12},"end":{"line":20,"column":20}}},"3":{"name":"(anonymous_3)","decl":{"start":{"line":24,"column":2},"end":{"line":24,"column":15}},"loc":{"start":{"line":24,"column":41},"end":{"line":27,"column":null}}},"4":{"name":"(anonymous_6)","decl":{"start":{"line":29,"column":2},"end":{"line":29,"column":15}},"loc":{"start":{"line":29,"column":45},"end":{"line":32,"column":null}}},"5":{"name":"(anonymous_9)","decl":{"start":{"line":34,"column":2},"end":{"line":34,"column":15}},"loc":{"start":{"line":34,"column":38},"end":{"line":51,"column":null}}},"6":{"name":"(anonymous_12)","decl":{"start":{"line":57,"column":2},"end":{"line":57,"column":15}},"loc":{"start":{"line":57,"column":35},"end":{"line":82,"column":null}}},"7":{"name":"(anonymous_17)","decl":{"start":{"line":63,"column":15},"end":{"line":63,"column":18}},"loc":{"start":{"line":63,"column":18},"end":{"line":63,"column":28}}},"8":{"name":"(anonymous_18)","decl":{"start":{"line":65,"column":42},"end":{"line":65,"column":50}},"loc":{"start":{"line":65,"column":50},"end":{"line":67,"column":9}}},"9":{"name":"(anonymous_19)","decl":{"start":{"line":84,"column":2},"end":{"line":84,"column":17}},"loc":{"start":{"line":84,"column":41},"end":{"line":95,"column":3}}}},"branchMap":{"0":{"loc":{"start":{"line":17,"column":48},"end":{"line":17,"column":null}},"type":"if","locations":[{"start":{"line":17,"column":48},"end":{"line":17,"column":null}},{"start":{"line":17,"column":48},"end":{"line":17,"column":null}}]},"1":{"loc":{"start":{"line":18,"column":4},"end":{"line":18,"column":33}},"type":"binary-expr","locations":[{"start":{"line":18,"column":4},"end":{"line":18,"column":33}},{"start":{"line":18,"column":33},"end":{"line":18,"column":null}}]},"2":{"loc":{"start":{"line":25,"column":17},"end":{"line":25,"column":null}},"type":"switch","locations":[{"start":{"line":25,"column":17},"end":{"line":25,"column":null}}]},"3":{"loc":{"start":{"line":30,"column":17},"end":{"line":30,"column":null}},"type":"switch","locations":[{"start":{"line":30,"column":17},"end":{"line":30,"column":null}}]},"4":{"loc":{"start":{"line":35,"column":17},"end":{"line":35,"column":null}},"type":"switch","locations":[{"start":{"line":35,"column":17},"end":{"line":35,"column":null}},{"start":{"line":41,"column":6},"end":{"line":45,"column":null}}]},"5":{"loc":{"start":{"line":37,"column":39},"end":{"line":37,"column":59}},"type":"cond-expr","locations":[{"start":{"line":37,"column":39},"end":{"line":37,"column":59}},{"start":{"line":37,"column":62},"end":{"line":37,"column":76}}]},"6":{"loc":{"start":{"line":40,"column":4},"end":{"line":50,"column":null}},"type":"if","locations":[{"start":{"line":40,"column":4},"end":{"line":50,"column":null}},{"start":{"line":40,"column":4},"end":{"line":50,"column":null}}]},"7":{"loc":{"start":{"line":81,"column":4},"end":{"line":81,"column":48}},"type":"switch","locations":[{"start":{"line":81,"column":4},"end":{"line":81,"column":48}}]},"8":{"loc":{"start":{"line":61,"column":18},"end":{"line":63,"column":null}},"type":"switch","locations":[{"start":{"line":61,"column":18},"end":{"line":63,"column":null}}]},"9":{"loc":{"start":{"line":64,"column":6},"end":{"line":79,"column":null}},"type":"if","locations":[{"start":{"line":64,"column":6},"end":{"line":79,"column":null}},{"start":{"line":64,"column":6},"end":{"line":79,"column":null}}]},"10":{"loc":{"start":{"line":68,"column":8},"end":{"line":78,"column":null}},"type":"if","locations":[{"start":{"line":68,"column":8},"end":{"line":78,"column":null}},{"start":{"line":68,"column":8},"end":{"line":78,"column":null}}]},"11":{"loc":{"start":{"line":70,"column":10},"end":{"line":72,"column":null}},"type":"if","locations":[{"start":{"line":70,"column":10},"end":{"line":72,"column":null}},{"start":{"line":70,"column":10},"end":{"line":72,"column":null}}]},"12":{"loc":{"start":{"line":75,"column":10},"end":{"line":77,"column":null}},"type":"if","locations":[{"start":{"line":75,"column":10},"end":{"line":77,"column":null}},{"start":{"line":75,"column":10},"end":{"line":77,"column":null}}]},"13":{"loc":{"start":{"line":60,"column":22},"end":{"line":60,"column":null}},"type":"if","locations":[{"start":{"line":60,"column":22},"end":{"line":60,"column":null}},{"start":{"line":60,"column":22},"end":{"line":60,"column":null}}]}},"s":{"0":1,"1":1,"2":1,"3":6,"4":3,"5":3,"6":3,"7":3,"8":1,"9":3,"10":3,"11":3,"12":1,"13":1,"14":1,"15":1,"16":1,"17":4,"18":4,"19":4,"20":4,"21":4,"22":4,"23":4,"24":4,"25":4,"26":4,"27":4,"28":4,"29":4,"30":0,"31":1,"32":4,"33":4,"34":0,"35":4,"36":4,"37":4,"38":0,"39":4,"40":0,"41":0,"42":0,"43":4,"44":4,"45":4,"46":4,"47":4,"48":8,"49":0,"50":1,"51":4,"52":4,"53":1,"54":1},"f":{"0":1,"1":3,"2":3,"3":3,"4":1,"5":4,"6":4,"7":0,"8":0,"9":4},"b":{"0":[3,0],"1":[3,3],"2":[3],"3":[1],"4":[4,4],"5":[4,0],"6":[4,0],"7":[0],"8":[4],"9":[4,0],"10":[0,4],"11":[0,0],"12":[4,0],"13":[0,4]}}
}
