TN:
SF:src/index.ts
FNF:0
FNH:0
DA:1,1
LF:1
LH:1
BRF:0
BRH:0
end_of_record
TN:
SF:src/signature-verifier-service.ts
FN:14,(anonymous_0)
FN:17,SignatureVerifierService
FN:20,(anonymous_2)
FN:24,(anonymous_3)
FN:29,(anonymous_6)
FN:34,(anonymous_9)
FN:57,(anonymous_12)
FN:63,(anonymous_17)
FN:65,(anonymous_18)
FN:84,(anonymous_19)
FNF:10
FNH:8
FNDA:1,(anonymous_0)
FNDA:3,SignatureVerifierService
FNDA:3,(anonymous_2)
FNDA:3,(anonymous_3)
FNDA:1,(anonymous_6)
FNDA:4,(anonymous_9)
FNDA:4,(anonymous_12)
FNDA:0,(anonymous_17)
FNDA:0,(anonymous_18)
FNDA:4,(anonymous_19)
DA:1,1
DA:14,1
DA:17,6
DA:18,3
DA:19,3
DA:20,3
DA:24,1
DA:25,3
DA:26,3
DA:29,1
DA:30,1
DA:31,1
DA:34,1
DA:35,4
DA:36,4
DA:37,4
DA:38,4
DA:39,4
DA:40,4
DA:41,4
DA:42,4
DA:44,4
DA:47,4
DA:49,0
DA:57,1
DA:58,4
DA:60,8
DA:61,4
DA:63,0
DA:64,4
DA:65,4
DA:66,0
DA:68,4
DA:69,0
DA:70,0
DA:71,0
DA:74,4
DA:75,4
DA:76,4
DA:81,0
DA:84,1
DA:85,4
DA:94,4
DA:96,1
LF:44
LH:37
BRDA:17,0,0,3
BRDA:17,0,1,0
BRDA:18,1,0,3
BRDA:18,1,1,3
BRDA:25,2,0,3
BRDA:30,3,0,1
BRDA:35,4,0,4
BRDA:35,4,1,4
BRDA:37,5,0,4
BRDA:37,5,1,0
BRDA:40,6,0,4
BRDA:40,6,1,0
BRDA:81,7,0,0
BRDA:61,8,0,4
BRDA:64,9,0,4
BRDA:64,9,1,0
BRDA:68,10,0,0
BRDA:68,10,1,4
BRDA:70,11,0,0
BRDA:70,11,1,0
BRDA:75,12,0,4
BRDA:75,12,1,0
BRDA:60,13,0,0
BRDA:60,13,1,4
BRF:24
BRH:14
end_of_record
