<?xml version="1.0" encoding="UTF-8"?>
<coverage generated="1643217776851" clover="3.2.0">
  <project timestamp="1643217776851" name="All files">
    <metrics statements="43" coveredstatements="30" conditionals="18" coveredconditionals="7" methods="13" coveredmethods="8" elements="74" coveredelements="45" complexity="0" loc="43" ncloc="43" packages="1" files="2" classes="2"/>
    <file name="index.ts" path="/root/ssi/packages/signature-create/src/index.ts">
      <metrics statements="1" coveredstatements="1" conditionals="0" coveredconditionals="0" methods="0" coveredmethods="0"/>
      <line num="1" count="1" type="stmt"/>
    </file>
    <file name="signature-issuer-service.ts" path="/root/ssi/packages/signature-create/src/signature-issuer-service.ts">
      <metrics statements="42" coveredstatements="29" conditionals="18" coveredconditionals="7" methods="13" coveredmethods="8"/>
      <line num="1" count="1" type="stmt"/>
      <line num="10" count="1" type="stmt"/>
      <line num="19" count="1" type="stmt"/>
      <line num="22" count="3" type="stmt"/>
      <line num="25" count="3" type="cond" truecount="2" falsecount="0"/>
      <line num="26" count="3" type="stmt"/>
      <line num="34" count="1" type="stmt"/>
      <line num="35" count="1" type="cond" truecount="1" falsecount="0"/>
      <line num="36" count="1" type="stmt"/>
      <line num="43" count="1" type="stmt"/>
      <line num="44" count="3" type="cond" truecount="1" falsecount="0"/>
      <line num="45" count="3" type="stmt"/>
      <line num="53" count="1" type="stmt"/>
      <line num="55" count="8" type="cond" truecount="1" falsecount="1"/>
      <line num="57" count="4" type="cond" truecount="1" falsecount="0"/>
      <line num="62" count="4" type="stmt"/>
      <line num="67" count="3" type="stmt"/>
      <line num="69" count="1" type="cond" truecount="1" falsecount="1"/>
      <line num="70" count="1" type="stmt"/>
      <line num="72" count="0" type="stmt"/>
      <line num="83" count="1" type="stmt"/>
      <line num="85" count="0" type="cond" truecount="0" falsecount="2"/>
      <line num="87" count="0" type="cond" truecount="0" falsecount="1"/>
      <line num="88" count="0" type="stmt"/>
      <line num="95" count="1" type="stmt"/>
      <line num="97" count="0" type="cond" truecount="0" falsecount="2"/>
      <line num="99" count="0" type="cond" truecount="0" falsecount="1"/>
      <line num="100" count="0" type="stmt"/>
      <line num="108" count="1" type="stmt"/>
      <line num="109" count="0" type="cond" truecount="0" falsecount="1"/>
      <line num="114" count="0" type="stmt"/>
      <line num="119" count="0" type="stmt"/>
      <line num="121" count="0" type="cond" truecount="0" falsecount="2"/>
      <line num="122" count="0" type="stmt"/>
      <line num="124" count="0" type="stmt"/>
      <line num="136" count="1" type="stmt"/>
      <line num="141" count="4" type="stmt"/>
      <line num="160" count="4" type="stmt"/>
      <line num="165" count="4" type="stmt"/>
      <line num="166" count="4" type="stmt"/>
      <line num="171" count="4" type="stmt"/>
      <line num="173" count="1" type="stmt"/>
    </file>
  </project>
</coverage>
