<?xml version="1.0" encoding="UTF-8"?>
<coverage generated="1646002602823" clover="3.2.0">
  <project timestamp="1646002602823" name="All files">
    <metrics statements="54" coveredstatements="43" conditionals="26" coveredconditionals="15" methods="14" coveredmethods="11" elements="94" coveredelements="69" complexity="0" loc="54" ncloc="54" packages="1" files="3" classes="3"/>
    <file name="did-signature-register.ts" path="/root/ssi/packages/signature-create/src/did-signature-register.ts">
      <metrics statements="35" coveredstatements="25" conditionals="21" coveredconditionals="11" methods="9" coveredmethods="6"/>
      <line num="1" count="1" type="stmt"/>
      <line num="9" count="1" type="stmt"/>
      <line num="19" count="1" type="stmt"/>
      <line num="20" count="3" type="stmt"/>
      <line num="25" count="1" type="stmt"/>
      <line num="27" count="3" type="cond" truecount="6" falsecount="2"/>
      <line num="28" count="3" type="stmt"/>
      <line num="29" count="3" type="cond" truecount="3" falsecount="1"/>
      <line num="30" count="3" type="stmt"/>
      <line num="31" count="3" type="stmt"/>
      <line num="34" count="1" type="stmt"/>
      <line num="38" count="4" type="stmt"/>
      <line num="39" count="4" type="stmt"/>
      <line num="40" count="4" type="stmt"/>
      <line num="41" count="4" type="stmt"/>
      <line num="49" count="1" type="stmt"/>
      <line num="53" count="1" type="cond" truecount="1" falsecount="0"/>
      <line num="54" count="1" type="stmt"/>
      <line num="65" count="1" type="stmt"/>
      <line num="69" count="2" type="cond" truecount="1" falsecount="0"/>
      <line num="70" count="2" type="stmt"/>
      <line num="82" count="1" type="stmt"/>
      <line num="84" count="0" type="cond" truecount="0" falsecount="2"/>
      <line num="86" count="0" type="cond" truecount="0" falsecount="1"/>
      <line num="87" count="0" type="stmt"/>
      <line num="94" count="1" type="stmt"/>
      <line num="96" count="0" type="cond" truecount="0" falsecount="2"/>
      <line num="98" count="0" type="cond" truecount="0" falsecount="1"/>
      <line num="99" count="0" type="stmt"/>
      <line num="107" count="1" type="stmt"/>
      <line num="108" count="0" type="cond" truecount="0" falsecount="1"/>
      <line num="111" count="0" type="stmt"/>
      <line num="112" count="0" type="stmt"/>
      <line num="113" count="0" type="stmt"/>
      <line num="115" count="1" type="stmt"/>
    </file>
    <file name="index.ts" path="/root/ssi/packages/signature-create/src/index.ts">
      <metrics statements="2" coveredstatements="2" conditionals="0" coveredconditionals="0" methods="0" coveredmethods="0"/>
      <line num="1" count="1" type="stmt"/>
      <line num="2" count="1" type="stmt"/>
    </file>
    <file name="signature-issuer-service.ts" path="/root/ssi/packages/signature-create/src/signature-issuer-service.ts">
      <metrics statements="17" coveredstatements="16" conditionals="5" coveredconditionals="4" methods="5" coveredmethods="5"/>
      <line num="1" count="1" type="stmt"/>
      <line num="7" count="1" type="stmt"/>
      <line num="17" count="1" type="stmt"/>
      <line num="20" count="3" type="stmt"/>
      <line num="23" count="3" type="cond" truecount="2" falsecount="0"/>
      <line num="24" count="3" type="stmt"/>
      <line num="27" count="1" type="stmt"/>
      <line num="29" count="4" type="stmt"/>
      <line num="45" count="4" type="stmt"/>
      <line num="50" count="4" type="stmt"/>
      <line num="51" count="4" type="stmt"/>
      <line num="57" count="4" type="cond" truecount="1" falsecount="0"/>
      <line num="58" count="3" type="stmt"/>
      <line num="60" count="1" type="cond" truecount="1" falsecount="1"/>
      <line num="61" count="1" type="stmt"/>
      <line num="63" count="0" type="stmt"/>
      <line num="68" count="1" type="stmt"/>
    </file>
  </project>
</coverage>
