{"/home/david/sdk/packages/signature-create/src/index.ts": {"path":"/home/david/sdk/packages/signature-create/src/index.ts","statementMap":{"0":{"start":{"line":1,"column":0},"end":{"line":1,"column":43}}},"fnMap":{},"branchMap":{},"s":{"0":1},"f":{},"b":{}}
,"/home/david/sdk/packages/signature-create/src/signature-issuer-service.ts": {"path":"/home/david/sdk/packages/signature-create/src/signature-issuer-service.ts","statementMap":{"0":{"start":{"line":1,"column":0},"end":{"line":1,"column":null}},"1":{"start":{"line":12,"column":0},"end":{"line":12,"column":null}},"2":{"start":{"line":12,"column":44},"end":{"line":12,"column":57}},"3":{"start":{"line":18,"column":4},"end":{"line":18,"column":null}},"4":{"start":{"line":15,"column":9},"end":{"line":15,"column":25}},"5":{"start":{"line":19,"column":4},"end":{"line":19,"column":65}},"6":{"start":{"line":27,"column":8},"end":{"line":30,"column":null}},"7":{"start":{"line":28,"column":17},"end":{"line":28,"column":null}},"8":{"start":{"line":28,"column":10},"end":{"line":28,"column":null}},"9":{"start":{"line":29,"column":4},"end":{"line":29,"column":29}},"10":{"start":{"line":36,"column":8},"end":{"line":39,"column":null}},"11":{"start":{"line":37,"column":17},"end":{"line":37,"column":null}},"12":{"start":{"line":37,"column":10},"end":{"line":37,"column":null}},"13":{"start":{"line":38,"column":4},"end":{"line":38,"column":29}},"14":{"start":{"line":46,"column":15},"end":{"line":69,"column":null}},"15":{"start":{"line":48,"column":4},"end":{"line":48,"column":null}},"16":{"start":{"line":50,"column":24},"end":{"line":54,"column":null}},"17":{"start":{"line":50,"column":10},"end":{"line":54,"column":null}},"18":{"start":{"line":55,"column":4},"end":{"line":68,"column":8}},"19":{"start":{"line":60,"column":15},"end":{"line":60,"column":null}},"20":{"start":{"line":62,"column":10},"end":{"line":66,"column":null}},"21":{"start":{"line":63,"column":12},"end":{"line":63,"column":53}},"22":{"start":{"line":65,"column":12},"end":{"line":65,"column":39}},"23":{"start":{"line":76,"column":8},"end":{"line":82,"column":null}},"24":{"start":{"line":78,"column":4},"end":{"line":78,"column":null}},"25":{"start":{"line":80,"column":17},"end":{"line":80,"column":null}},"26":{"start":{"line":80,"column":10},"end":{"line":80,"column":null}},"27":{"start":{"line":81,"column":4},"end":{"line":81,"column":35}},"28":{"start":{"line":88,"column":8},"end":{"line":94,"column":null}},"29":{"start":{"line":90,"column":4},"end":{"line":90,"column":null}},"30":{"start":{"line":92,"column":17},"end":{"line":92,"column":null}},"31":{"start":{"line":92,"column":10},"end":{"line":92,"column":null}},"32":{"start":{"line":93,"column":4},"end":{"line":93,"column":35}},"33":{"start":{"line":101,"column":16},"end":{"line":121,"column":null}},"34":{"start":{"line":102,"column":24},"end":{"line":106,"column":null}},"35":{"start":{"line":102,"column":10},"end":{"line":106,"column":null}},"36":{"start":{"line":107,"column":4},"end":{"line":120,"column":8}},"37":{"start":{"line":112,"column":15},"end":{"line":112,"column":null}},"38":{"start":{"line":114,"column":10},"end":{"line":118,"column":null}},"39":{"start":{"line":115,"column":12},"end":{"line":115,"column":53}},"40":{"start":{"line":117,"column":12},"end":{"line":117,"column":39}},"41":{"start":{"line":129,"column":16},"end":{"line":165,"column":null}},"42":{"start":{"line":134,"column":10},"end":{"line":152,"column":6}},"43":{"start":{"line":153,"column":10},"end":{"line":157,"column":6}},"44":{"start":{"line":158,"column":4},"end":{"line":158,"column":null}},"45":{"start":{"line":159,"column":17},"end":{"line":161,"column":null}},"46":{"start":{"line":158,"column":4},"end":{"line":163,"column":7}},"47":{"start":{"line":164,"column":4},"end":{"line":164,"column":23}},"48":{"start":{"line":166,"column":0},"end":{"line":166,"column":null}},"49":{"start":{"line":12,"column":13},"end":{"line":12,"column":35}}},"fnMap":{"0":{"name":"(anonymous_0)","decl":{"start":{"line":12,"column":0},"end":{"line":12,"column":13}},"loc":{"start":{"line":12,"column":0},"end":{"line":166,"column":null}}},"1":{"name":"SignatureIssuerService","decl":{"start":{"line":17,"column":2},"end":{"line":17,"column":14}},"loc":{"start":{"line":17,"column":62},"end":{"line":20,"column":3}}},"2":{"name":"(anonymous_2)","decl":{"start":{"line":27,"column":2},"end":{"line":27,"column":8}},"loc":{"start":{"line":27,"column":33},"end":{"line":30,"column":null}}},"3":{"name":"(anonymous_5)","decl":{"start":{"line":36,"column":2},"end":{"line":36,"column":8}},"loc":{"start":{"line":36,"column":32},"end":{"line":39,"column":null}}},"4":{"name":"(anonymous_8)","decl":{"start":{"line":46,"column":2},"end":{"line":46,"column":15}},"loc":{"start":{"line":48,"column":35},"end":{"line":69,"column":null}}},"5":{"name":"(anonymous_11)","decl":{"start":{"line":60,"column":8},"end":{"line":60,"column":11}},"loc":{"start":{"line":60,"column":11},"end":{"line":60,"column":18}}},"6":{"name":"(anonymous_12)","decl":{"start":{"line":61,"column":8},"end":{"line":61,"column":9}},"loc":{"start":{"line":61,"column":24},"end":{"line":67,"column":9}}},"7":{"name":"(anonymous_13)","decl":{"start":{"line":76,"column":2},"end":{"line":76,"column":8}},"loc":{"start":{"line":78,"column":35},"end":{"line":82,"column":null}}},"8":{"name":"(anonymous_16)","decl":{"start":{"line":88,"column":2},"end":{"line":88,"column":8}},"loc":{"start":{"line":90,"column":35},"end":{"line":94,"column":null}}},"9":{"name":"(anonymous_19)","decl":{"start":{"line":101,"column":2},"end":{"line":101,"column":16}},"loc":{"start":{"line":101,"column":49},"end":{"line":121,"column":null}}},"10":{"name":"(anonymous_22)","decl":{"start":{"line":112,"column":8},"end":{"line":112,"column":11}},"loc":{"start":{"line":112,"column":11},"end":{"line":112,"column":18}}},"11":{"name":"(anonymous_23)","decl":{"start":{"line":113,"column":8},"end":{"line":113,"column":9}},"loc":{"start":{"line":113,"column":24},"end":{"line":119,"column":9}}},"12":{"name":"(anonymous_24)","decl":{"start":{"line":129,"column":2},"end":{"line":129,"column":16}},"loc":{"start":{"line":132,"column":16},"end":{"line":165,"column":null}}}},"branchMap":{"0":{"loc":{"start":{"line":18,"column":4},"end":{"line":18,"column":34}},"type":"binary-expr","locations":[{"start":{"line":18,"column":4},"end":{"line":18,"column":34}},{"start":{"line":18,"column":34},"end":{"line":18,"column":null}}]},"1":{"loc":{"start":{"line":28,"column":17},"end":{"line":28,"column":null}},"type":"switch","locations":[{"start":{"line":28,"column":17},"end":{"line":28,"column":null}}]},"2":{"loc":{"start":{"line":37,"column":17},"end":{"line":37,"column":null}},"type":"switch","locations":[{"start":{"line":37,"column":17},"end":{"line":37,"column":null}}]},"3":{"loc":{"start":{"line":48,"column":4},"end":{"line":48,"column":null}},"type":"if","locations":[{"start":{"line":48,"column":4},"end":{"line":48,"column":null}},{"start":{"line":48,"column":4},"end":{"line":48,"column":null}}]},"4":{"loc":{"start":{"line":50,"column":24},"end":{"line":54,"column":null}},"type":"switch","locations":[{"start":{"line":50,"column":24},"end":{"line":54,"column":null}}]},"5":{"loc":{"start":{"line":62,"column":10},"end":{"line":66,"column":null}},"type":"if","locations":[{"start":{"line":62,"column":10},"end":{"line":66,"column":null}},{"start":{"line":62,"column":10},"end":{"line":66,"column":null}}]},"6":{"loc":{"start":{"line":78,"column":4},"end":{"line":78,"column":null}},"type":"if","locations":[{"start":{"line":78,"column":4},"end":{"line":78,"column":null}},{"start":{"line":78,"column":4},"end":{"line":78,"column":null}}]},"7":{"loc":{"start":{"line":80,"column":17},"end":{"line":80,"column":null}},"type":"switch","locations":[{"start":{"line":80,"column":17},"end":{"line":80,"column":null}}]},"8":{"loc":{"start":{"line":90,"column":4},"end":{"line":90,"column":null}},"type":"if","locations":[{"start":{"line":90,"column":4},"end":{"line":90,"column":null}},{"start":{"line":90,"column":4},"end":{"line":90,"column":null}}]},"9":{"loc":{"start":{"line":92,"column":17},"end":{"line":92,"column":null}},"type":"switch","locations":[{"start":{"line":92,"column":17},"end":{"line":92,"column":null}}]},"10":{"loc":{"start":{"line":102,"column":24},"end":{"line":106,"column":null}},"type":"switch","locations":[{"start":{"line":102,"column":24},"end":{"line":106,"column":null}}]},"11":{"loc":{"start":{"line":114,"column":10},"end":{"line":118,"column":null}},"type":"if","locations":[{"start":{"line":114,"column":10},"end":{"line":118,"column":null}},{"start":{"line":114,"column":10},"end":{"line":118,"column":null}}]}},"s":{"0":1,"1":1,"2":1,"3":2,"4":2,"5":2,"6":1,"7":1,"8":1,"9":1,"10":1,"11":1,"12":1,"13":1,"14":1,"15":4,"16":2,"17":2,"18":2,"19":2,"20":0,"21":0,"22":0,"23":1,"24":0,"25":0,"26":0,"27":0,"28":1,"29":0,"30":0,"31":0,"32":0,"33":1,"34":0,"35":0,"36":0,"37":0,"38":0,"39":0,"40":0,"41":1,"42":2,"43":2,"44":2,"45":2,"46":2,"47":2,"48":1,"49":1},"f":{"0":1,"1":2,"2":1,"3":1,"4":2,"5":2,"6":0,"7":0,"8":0,"9":0,"10":0,"11":0,"12":2},"b":{"0":[2,2],"1":[1],"2":[1],"3":[2,0],"4":[2],"5":[0,0],"6":[0,0],"7":[0],"8":[0,0],"9":[0],"10":[0],"11":[0,0]}}
}
