{"/root/ssi/packages/signature-create/src/did-signature-register.ts": {"path":"/root/ssi/packages/signature-create/src/did-signature-register.ts","statementMap":{"0":{"start":{"line":1,"column":0},"end":{"line":1,"column":null}},"1":{"start":{"line":9,"column":0},"end":{"line":9,"column":null}},"2":{"start":{"line":19,"column":0},"end":{"line":19,"column":13}},"3":{"start":{"line":20,"column":10},"end":{"line":20,"column":60}},"4":{"start":{"line":25,"column":9},"end":{"line":32,"column":null}},"5":{"start":{"line":27,"column":15},"end":{"line":27,"column":56}},"6":{"start":{"line":28,"column":16},"end":{"line":28,"column":36}},"7":{"start":{"line":29,"column":4},"end":{"line":29,"column":77}},"8":{"start":{"line":29,"column":46},"end":{"line":29,"column":76}},"9":{"start":{"line":30,"column":4},"end":{"line":30,"column":37}},"10":{"start":{"line":31,"column":4},"end":{"line":31,"column":15}},"11":{"start":{"line":34,"column":9},"end":{"line":42,"column":null}},"12":{"start":{"line":38,"column":18},"end":{"line":38,"column":34}},"13":{"start":{"line":39,"column":4},"end":{"line":39,"column":18}},"14":{"start":{"line":40,"column":4},"end":{"line":40,"column":23}},"15":{"start":{"line":41,"column":4},"end":{"line":41,"column":39}},"16":{"start":{"line":49,"column":8},"end":{"line":59,"column":null}},"17":{"start":{"line":53,"column":17},"end":{"line":53,"column":null}},"18":{"start":{"line":53,"column":10},"end":{"line":53,"column":null}},"19":{"start":{"line":54,"column":4},"end":{"line":58,"column":7}},"20":{"start":{"line":65,"column":8},"end":{"line":75,"column":null}},"21":{"start":{"line":69,"column":17},"end":{"line":69,"column":null}},"22":{"start":{"line":69,"column":10},"end":{"line":69,"column":null}},"23":{"start":{"line":70,"column":4},"end":{"line":74,"column":7}},"24":{"start":{"line":82,"column":8},"end":{"line":88,"column":null}},"25":{"start":{"line":84,"column":4},"end":{"line":84,"column":null}},"26":{"start":{"line":86,"column":17},"end":{"line":86,"column":null}},"27":{"start":{"line":86,"column":10},"end":{"line":86,"column":null}},"28":{"start":{"line":87,"column":4},"end":{"line":87,"column":35}},"29":{"start":{"line":94,"column":8},"end":{"line":100,"column":null}},"30":{"start":{"line":96,"column":4},"end":{"line":96,"column":null}},"31":{"start":{"line":98,"column":17},"end":{"line":98,"column":null}},"32":{"start":{"line":98,"column":10},"end":{"line":98,"column":null}},"33":{"start":{"line":99,"column":4},"end":{"line":99,"column":35}},"34":{"start":{"line":107,"column":16},"end":{"line":114,"column":null}},"35":{"start":{"line":108,"column":16},"end":{"line":110,"column":null}},"36":{"start":{"line":108,"column":10},"end":{"line":110,"column":null}},"37":{"start":{"line":111,"column":4},"end":{"line":111,"column":23}},"38":{"start":{"line":112,"column":4},"end":{"line":112,"column":21}},"39":{"start":{"line":113,"column":4},"end":{"line":113,"column":15}},"40":{"start":{"line":115,"column":0},"end":{"line":115,"column":null}},"41":{"start":{"line":19,"column":13},"end":{"line":19,"column":33}}},"fnMap":{"0":{"name":"(anonymous_0)","decl":{"start":{"line":19,"column":0},"end":{"line":19,"column":13}},"loc":{"start":{"line":19,"column":0},"end":{"line":115,"column":null}}},"1":{"name":"(anonymous_2)","decl":{"start":{"line":25,"column":2},"end":{"line":25,"column":9}},"loc":{"start":{"line":25,"column":39},"end":{"line":32,"column":3}}},"2":{"name":"(anonymous_3)","decl":{"start":{"line":29,"column":32},"end":{"line":29,"column":42}},"loc":{"start":{"line":29,"column":42},"end":{"line":29,"column":49}}},"3":{"name":"(anonymous_4)","decl":{"start":{"line":34,"column":2},"end":{"line":34,"column":9}},"loc":{"start":{"line":36,"column":34},"end":{"line":42,"column":3}}},"4":{"name":"(anonymous_5)","decl":{"start":{"line":49,"column":2},"end":{"line":49,"column":8}},"loc":{"start":{"line":51,"column":25},"end":{"line":59,"column":null}}},"5":{"name":"(anonymous_8)","decl":{"start":{"line":65,"column":2},"end":{"line":65,"column":8}},"loc":{"start":{"line":67,"column":25},"end":{"line":75,"column":null}}},"6":{"name":"(anonymous_11)","decl":{"start":{"line":82,"column":2},"end":{"line":82,"column":8}},"loc":{"start":{"line":84,"column":35},"end":{"line":88,"column":null}}},"7":{"name":"(anonymous_14)","decl":{"start":{"line":94,"column":2},"end":{"line":94,"column":8}},"loc":{"start":{"line":96,"column":35},"end":{"line":100,"column":null}}},"8":{"name":"(anonymous_17)","decl":{"start":{"line":107,"column":2},"end":{"line":107,"column":16}},"loc":{"start":{"line":107,"column":49},"end":{"line":114,"column":null}}}},"branchMap":{"0":{"loc":{"start":{"line":27,"column":25},"end":{"line":27,"column":29}},"type":"cond-expr","locations":[{"start":{"line":27,"column":25},"end":{"line":27,"column":29}},{"start":{"line":27,"column":29},"end":{"line":27,"column":56}}]},"1":{"loc":{"start":{"line":27,"column":15},"end":{"line":27,"column":29}},"type":"binary-expr","locations":[{"start":{"line":27,"column":15},"end":{"line":27,"column":29}},{"start":{"line":27,"column":25},"end":{"line":27,"column":29}}]},"2":{"loc":{"start":{"line":27,"column":21},"end":{"line":27,"column":23}},"type":"cond-expr","locations":[{"start":{"line":27,"column":21},"end":{"line":27,"column":23}},{"start":{"line":27,"column":15},"end":{"line":27,"column":25}}]},"3":{"loc":{"start":{"line":27,"column":15},"end":{"line":27,"column":23}},"type":"binary-expr","locations":[{"start":{"line":27,"column":15},"end":{"line":27,"column":23}},{"start":{"line":27,"column":15},"end":{"line":27,"column":23}}]},"4":{"loc":{"start":{"line":29,"column":22},"end":{"line":29,"column":24}},"type":"cond-expr","locations":[{"start":{"line":29,"column":22},"end":{"line":29,"column":24}},{"start":{"line":29,"column":22},"end":{"line":29,"column":76}}]},"5":{"loc":{"start":{"line":29,"column":4},"end":{"line":29,"column":24}},"type":"binary-expr","locations":[{"start":{"line":29,"column":4},"end":{"line":29,"column":24}},{"start":{"line":29,"column":22},"end":{"line":29,"column":24}}]},"6":{"loc":{"start":{"line":53,"column":17},"end":{"line":53,"column":null}},"type":"switch","locations":[{"start":{"line":53,"column":17},"end":{"line":53,"column":null}}]},"7":{"loc":{"start":{"line":69,"column":17},"end":{"line":69,"column":null}},"type":"switch","locations":[{"start":{"line":69,"column":17},"end":{"line":69,"column":null}}]},"8":{"loc":{"start":{"line":84,"column":4},"end":{"line":84,"column":null}},"type":"if","locations":[{"start":{"line":84,"column":4},"end":{"line":84,"column":null}},{"start":{"line":84,"column":4},"end":{"line":84,"column":null}}]},"9":{"loc":{"start":{"line":86,"column":17},"end":{"line":86,"column":null}},"type":"switch","locations":[{"start":{"line":86,"column":17},"end":{"line":86,"column":null}}]},"10":{"loc":{"start":{"line":96,"column":4},"end":{"line":96,"column":null}},"type":"if","locations":[{"start":{"line":96,"column":4},"end":{"line":96,"column":null}},{"start":{"line":96,"column":4},"end":{"line":96,"column":null}}]},"11":{"loc":{"start":{"line":98,"column":17},"end":{"line":98,"column":null}},"type":"switch","locations":[{"start":{"line":98,"column":17},"end":{"line":98,"column":null}}]},"12":{"loc":{"start":{"line":108,"column":16},"end":{"line":110,"column":null}},"type":"switch","locations":[{"start":{"line":108,"column":16},"end":{"line":110,"column":null}}]}},"s":{"0":1,"1":1,"2":1,"3":3,"4":1,"5":3,"6":3,"7":3,"8":3,"9":3,"10":3,"11":1,"12":4,"13":4,"14":4,"15":4,"16":1,"17":1,"18":1,"19":1,"20":1,"21":2,"22":2,"23":2,"24":1,"25":0,"26":0,"27":0,"28":0,"29":1,"30":0,"31":0,"32":0,"33":0,"34":1,"35":0,"36":0,"37":0,"38":0,"39":0,"40":1,"41":1},"f":{"0":4,"1":3,"2":3,"3":4,"4":1,"5":2,"6":0,"7":0,"8":0},"b":{"0":[3,0],"1":[3,3],"2":[0,3],"3":[3,3],"4":[0,3],"5":[3,3],"6":[1],"7":[2],"8":[0,0],"9":[0],"10":[0,0],"11":[0],"12":[0]}}
,"/root/ssi/packages/signature-create/src/index.ts": {"path":"/root/ssi/packages/signature-create/src/index.ts","statementMap":{"0":{"start":{"line":1,"column":0},"end":{"line":1,"column":43}},"1":{"start":{"line":2,"column":0},"end":{"line":2,"column":41}}},"fnMap":{},"branchMap":{},"s":{"0":1,"1":1},"f":{},"b":{}}
,"/root/ssi/packages/signature-create/src/signature-issuer-service.ts": {"path":"/root/ssi/packages/signature-create/src/signature-issuer-service.ts","statementMap":{"0":{"start":{"line":1,"column":0},"end":{"line":1,"column":null}},"1":{"start":{"line":7,"column":0},"end":{"line":7,"column":null}},"2":{"start":{"line":17,"column":0},"end":{"line":17,"column":null}},"3":{"start":{"line":17,"column":44},"end":{"line":17,"column":57}},"4":{"start":{"line":23,"column":4},"end":{"line":23,"column":null}},"5":{"start":{"line":20,"column":9},"end":{"line":20,"column":25}},"6":{"start":{"line":24,"column":4},"end":{"line":24,"column":57}},"7":{"start":{"line":27,"column":8},"end":{"line":67,"column":null}},"8":{"start":{"line":29,"column":10},"end":{"line":44,"column":6}},"9":{"start":{"line":45,"column":10},"end":{"line":49,"column":6}},"10":{"start":{"line":50,"column":4},"end":{"line":50,"column":null}},"11":{"start":{"line":51,"column":17},"end":{"line":53,"column":null}},"12":{"start":{"line":50,"column":4},"end":{"line":55,"column":7}},"13":{"start":{"line":57,"column":11},"end":{"line":66,"column":6}},"14":{"start":{"line":58,"column":13},"end":{"line":58,"column":null}},"15":{"start":{"line":60,"column":8},"end":{"line":64,"column":null}},"16":{"start":{"line":61,"column":10},"end":{"line":61,"column":51}},"17":{"start":{"line":63,"column":10},"end":{"line":63,"column":37}},"18":{"start":{"line":57,"column":4},"end":{"line":66,"column":6}},"19":{"start":{"line":68,"column":0},"end":{"line":68,"column":null}},"20":{"start":{"line":17,"column":13},"end":{"line":17,"column":35}}},"fnMap":{"0":{"name":"(anonymous_0)","decl":{"start":{"line":17,"column":0},"end":{"line":17,"column":13}},"loc":{"start":{"line":17,"column":0},"end":{"line":68,"column":null}}},"1":{"name":"SignatureIssuerService","decl":{"start":{"line":22,"column":2},"end":{"line":22,"column":14}},"loc":{"start":{"line":22,"column":62},"end":{"line":25,"column":3}}},"2":{"name":"(anonymous_2)","decl":{"start":{"line":27,"column":2},"end":{"line":27,"column":8}},"loc":{"start":{"line":27,"column":45},"end":{"line":67,"column":null}}},"3":{"name":"(anonymous_5)","decl":{"start":{"line":58,"column":6},"end":{"line":58,"column":9}},"loc":{"start":{"line":58,"column":9},"end":{"line":58,"column":16}}},"4":{"name":"(anonymous_6)","decl":{"start":{"line":59,"column":6},"end":{"line":59,"column":7}},"loc":{"start":{"line":59,"column":22},"end":{"line":65,"column":7}}}},"branchMap":{"0":{"loc":{"start":{"line":23,"column":4},"end":{"line":23,"column":34}},"type":"binary-expr","locations":[{"start":{"line":23,"column":4},"end":{"line":23,"column":34}},{"start":{"line":23,"column":34},"end":{"line":23,"column":null}}]},"1":{"loc":{"start":{"line":57,"column":4},"end":{"line":66,"column":6}},"type":"switch","locations":[{"start":{"line":57,"column":4},"end":{"line":66,"column":6}}]},"2":{"loc":{"start":{"line":60,"column":8},"end":{"line":64,"column":null}},"type":"if","locations":[{"start":{"line":60,"column":8},"end":{"line":64,"column":null}},{"start":{"line":60,"column":8},"end":{"line":64,"column":null}}]}},"s":{"0":1,"1":1,"2":1,"3":1,"4":3,"5":3,"6":3,"7":1,"8":4,"9":4,"10":4,"11":4,"12":4,"13":4,"14":3,"15":1,"16":1,"17":0,"18":4,"19":1,"20":1},"f":{"0":1,"1":3,"2":4,"3":3,"4":1},"b":{"0":[3,3],"1":[4],"2":[1,0]}}
}
