TN:
SF:src/index.ts
FNF:0
FNH:0
DA:1,1
LF:1
LH:1
BRF:0
BRH:0
end_of_record
TN:
SF:src/signature-issuer-service.ts
FN:19,(anonymous_0)
FN:24,SignatureIssuerService
FN:34,(anonymous_2)
FN:43,(anonymous_5)
FN:53,(anonymous_8)
FN:67,(anonymous_11)
FN:68,(anonymous_12)
FN:83,(anonymous_13)
FN:95,(anonymous_16)
FN:108,(anonymous_19)
FN:119,(anonymous_22)
FN:120,(anonymous_23)
FN:136,(anonymous_24)
FNF:13
FNH:8
FNDA:1,(anonymous_0)
FNDA:3,SignatureIssuerService
FNDA:1,(anonymous_2)
FNDA:3,(anonymous_5)
FNDA:4,(anonymous_8)
FNDA:3,(anonymous_11)
FNDA:1,(anonymous_12)
FNDA:0,(anonymous_13)
FNDA:0,(anonymous_16)
FNDA:0,(anonymous_19)
FNDA:0,(anonymous_22)
FNDA:0,(anonymous_23)
FNDA:4,(anonymous_24)
DA:1,1
DA:10,1
DA:19,1
DA:22,3
DA:25,3
DA:26,3
DA:34,1
DA:35,1
DA:36,1
DA:43,1
DA:44,3
DA:45,3
DA:53,1
DA:55,8
DA:57,4
DA:62,4
DA:67,3
DA:69,1
DA:70,1
DA:72,0
DA:83,1
DA:85,0
DA:87,0
DA:88,0
DA:95,1
DA:97,0
DA:99,0
DA:100,0
DA:108,1
DA:109,0
DA:114,0
DA:119,0
DA:121,0
DA:122,0
DA:124,0
DA:136,1
DA:141,4
DA:160,4
DA:165,4
DA:166,4
DA:171,4
DA:173,1
LF:42
LH:29
BRDA:25,0,0,3
BRDA:25,0,1,3
BRDA:35,1,0,1
BRDA:44,2,0,3
BRDA:55,3,0,4
BRDA:55,3,1,0
BRDA:57,4,0,4
BRDA:69,5,0,1
BRDA:69,5,1,0
BRDA:85,6,0,0
BRDA:85,6,1,0
BRDA:87,7,0,0
BRDA:97,8,0,0
BRDA:97,8,1,0
BRDA:99,9,0,0
BRDA:109,10,0,0
BRDA:121,11,0,0
BRDA:121,11,1,0
BRF:18
BRH:7
end_of_record
