TN:
SF:src/did-signature-register.ts
FN:19,(anonymous_0)
FN:25,(anonymous_2)
FN:29,(anonymous_3)
FN:34,(anonymous_4)
FN:49,(anonymous_5)
FN:65,(anonymous_8)
FN:82,(anonymous_11)
FN:94,(anonymous_14)
FN:107,(anonymous_17)
FNF:9
FNH:6
FNDA:4,(anonymous_0)
FNDA:3,(anonymous_2)
FNDA:3,(anonymous_3)
FNDA:4,(anonymous_4)
FNDA:1,(anonymous_5)
FNDA:2,(anonymous_8)
FNDA:0,(anonymous_11)
FNDA:0,(anonymous_14)
FNDA:0,(anonymous_17)
DA:1,1
DA:9,1
DA:19,1
DA:20,3
DA:25,1
DA:27,3
DA:28,3
DA:29,3
DA:30,3
DA:31,3
DA:34,1
DA:38,4
DA:39,4
DA:40,4
DA:41,4
DA:49,1
DA:53,1
DA:54,1
DA:65,1
DA:69,2
DA:70,2
DA:82,1
DA:84,0
DA:86,0
DA:87,0
DA:94,1
DA:96,0
DA:98,0
DA:99,0
DA:107,1
DA:108,0
DA:111,0
DA:112,0
DA:113,0
DA:115,1
LF:35
LH:25
BRDA:27,0,0,3
BRDA:27,0,1,0
BRDA:27,1,0,3
BRDA:27,1,1,3
BRDA:27,2,0,0
BRDA:27,2,1,3
BRDA:27,3,0,3
BRDA:27,3,1,3
BRDA:29,4,0,0
BRDA:29,4,1,3
BRDA:29,5,0,3
BRDA:29,5,1,3
BRDA:53,6,0,1
BRDA:69,7,0,2
BRDA:84,8,0,0
BRDA:84,8,1,0
BRDA:86,9,0,0
BRDA:96,10,0,0
BRDA:96,10,1,0
BRDA:98,11,0,0
BRDA:108,12,0,0
BRF:21
BRH:11
end_of_record
TN:
SF:src/index.ts
FNF:0
FNH:0
DA:1,1
DA:2,1
LF:2
LH:2
BRF:0
BRH:0
end_of_record
TN:
SF:src/signature-issuer-service.ts
FN:17,(anonymous_0)
FN:22,SignatureIssuerService
FN:27,(anonymous_2)
FN:58,(anonymous_5)
FN:59,(anonymous_6)
FNF:5
FNH:5
FNDA:1,(anonymous_0)
FNDA:3,SignatureIssuerService
FNDA:4,(anonymous_2)
FNDA:3,(anonymous_5)
FNDA:1,(anonymous_6)
DA:1,1
DA:7,1
DA:17,1
DA:20,3
DA:23,3
DA:24,3
DA:27,1
DA:29,4
DA:45,4
DA:50,4
DA:51,4
DA:57,4
DA:58,3
DA:60,1
DA:61,1
DA:63,0
DA:68,1
LF:17
LH:16
BRDA:23,0,0,3
BRDA:23,0,1,3
BRDA:57,1,0,4
BRDA:60,2,0,1
BRDA:60,2,1,0
BRF:5
BRH:4
end_of_record
