{"/home/david/ssi/ssi2/packages/vc-revocation/src/index.ts": {"path":"/home/david/ssi/ssi2/packages/vc-revocation/src/index.ts","statementMap":{"0":{"start":{"line":1,"column":0},"end":{"line":1,"column":37}},"1":{"start":{"line":2,"column":0},"end":{"line":2,"column":39}}},"fnMap":{},"branchMap":{},"s":{"0":0,"1":0},"f":{},"b":{}}
,"/home/david/ssi/ssi2/packages/vc-revocation/src/revocation-service.ts": {"path":"/home/david/ssi/ssi2/packages/vc-revocation/src/revocation-service.ts","statementMap":{"0":{"start":{"line":1,"column":0},"end":{"line":1,"column":47}},"1":{"start":{"line":2,"column":0},"end":{"line":2,"column":null}},"2":{"start":{"line":13,"column":0},"end":{"line":13,"column":13}},"3":{"start":{"line":15,"column":10},"end":{"line":15,"column":67}},"4":{"start":{"line":18,"column":10},"end":{"line":18,"column":75}},"5":{"start":{"line":24,"column":10},"end":{"line":29,"column":4}},"6":{"start":{"line":43,"column":15},"end":{"line":65,"column":null}},"7":{"start":{"line":44,"column":4},"end":{"line":44,"column":28}},"8":{"start":{"line":67,"column":16},"end":{"line":95,"column":null}},"9":{"start":{"line":74,"column":17},"end":{"line":76,"column":null}},"10":{"start":{"line":74,"column":10},"end":{"line":76,"column":null}},"11":{"start":{"line":77,"column":25},"end":{"line":80,"column":null}},"12":{"start":{"line":77,"column":10},"end":{"line":80,"column":null}},"13":{"start":{"line":82,"column":4},"end":{"line":82,"column":24}},"14":{"start":{"line":97,"column":16},"end":{"line":102,"column":null}},"15":{"start":{"line":98,"column":4},"end":{"line":98,"column":51}},"16":{"start":{"line":99,"column":4},"end":{"line":99,"column":9}},"17":{"start":{"line":99,"column":36},"end":{"line":99,"column":83}},"18":{"start":{"line":99,"column":4},"end":{"line":99,"column":83}},"19":{"start":{"line":101,"column":4},"end":{"line":101,"column":22}},"20":{"start":{"line":104,"column":16},"end":{"line":116,"column":null}},"21":{"start":{"line":106,"column":6},"end":{"line":108,"column":33}},"22":{"start":{"line":110,"column":6},"end":{"line":112,"column":37}},"23":{"start":{"line":114,"column":6},"end":{"line":114,"column":30}},"24":{"start":{"line":118,"column":10},"end":{"line":128,"column":null}},"25":{"start":{"line":119,"column":4},"end":{"line":122,"column":6}},"26":{"start":{"line":124,"column":4},"end":{"line":127,"column":6}},"27":{"start":{"line":130,"column":15},"end":{"line":147,"column":null}},"28":{"start":{"line":131,"column":4},"end":{"line":131,"column":30}},"29":{"start":{"line":132,"column":10},"end":{"line":132,"column":54}},"30":{"start":{"line":133,"column":4},"end":{"line":133,"column":45}},"31":{"start":{"line":134,"column":4},"end":{"line":139,"column":null}},"32":{"start":{"line":138,"column":6},"end":{"line":138,"column":48}},"33":{"start":{"line":140,"column":4},"end":{"line":140,"column":22}},"34":{"start":{"line":141,"column":4},"end":{"line":146,"column":6}},"35":{"start":{"line":149,"column":15},"end":{"line":170,"column":null}},"36":{"start":{"line":152,"column":4},"end":{"line":152,"column":30}},"37":{"start":{"line":153,"column":4},"end":{"line":160,"column":null}},"38":{"start":{"line":157,"column":6},"end":{"line":159,"column":8}},"39":{"start":{"line":161,"column":10},"end":{"line":161,"column":63}},"40":{"start":{"line":162,"column":4},"end":{"line":164,"column":null}},"41":{"start":{"line":163,"column":6},"end":{"line":163,"column":43}},"42":{"start":{"line":166,"column":17},"end":{"line":168,"column":null}},"43":{"start":{"line":166,"column":10},"end":{"line":168,"column":null}},"44":{"start":{"line":169,"column":4},"end":{"line":169,"column":44}},"45":{"start":{"line":172,"column":15},"end":{"line":201,"column":null}},"46":{"start":{"line":176,"column":4},"end":{"line":176,"column":30}},"47":{"start":{"line":177,"column":4},"end":{"line":184,"column":null}},"48":{"start":{"line":181,"column":6},"end":{"line":183,"column":8}},"49":{"start":{"line":185,"column":10},"end":{"line":185,"column":63}},"50":{"start":{"line":187,"column":4},"end":{"line":189,"column":null}},"51":{"start":{"line":188,"column":6},"end":{"line":188,"column":43}},"52":{"start":{"line":191,"column":17},"end":{"line":193,"column":null}},"53":{"start":{"line":191,"column":10},"end":{"line":193,"column":null}},"54":{"start":{"line":194,"column":4},"end":{"line":194,"column":36}},"55":{"start":{"line":196,"column":4},"end":{"line":196,"column":9}},"56":{"start":{"line":196,"column":36},"end":{"line":199,"column":7}},"57":{"start":{"line":196,"column":4},"end":{"line":199,"column":7}},"58":{"start":{"line":200,"column":4},"end":{"line":200,"column":22}},"59":{"start":{"line":203,"column":16},"end":{"line":209,"column":null}},"60":{"start":{"line":208,"column":4},"end":{"line":208,"column":28}},"61":{"start":{"line":210,"column":0},"end":{"line":210,"column":null}},"62":{"start":{"line":13,"column":13},"end":{"line":13,"column":30}}},"fnMap":{"0":{"name":"(anonymous_0)","decl":{"start":{"line":13,"column":0},"end":{"line":13,"column":13}},"loc":{"start":{"line":13,"column":0},"end":{"line":210,"column":null}}},"1":{"name":"RevocationService","decl":{"start":{"line":36,"column":2},"end":{"line":36,"column":null}},"loc":{"start":{"line":36,"column":2},"end":{"line":41,"column":3}}},"2":{"name":"(anonymous_2)","decl":{"start":{"line":43,"column":2},"end":{"line":43,"column":15}},"loc":{"start":{"line":43,"column":2},"end":{"line":65,"column":null}}},"3":{"name":"(anonymous_5)","decl":{"start":{"line":67,"column":2},"end":{"line":67,"column":16}},"loc":{"start":{"line":67,"column":2},"end":{"line":95,"column":null}}},"4":{"name":"(anonymous_8)","decl":{"start":{"line":97,"column":2},"end":{"line":97,"column":16}},"loc":{"start":{"line":97,"column":2},"end":{"line":102,"column":null}}},"5":{"name":"(anonymous_11)","decl":{"start":{"line":104,"column":2},"end":{"line":104,"column":16}},"loc":{"start":{"line":104,"column":2},"end":{"line":116,"column":null}}},"6":{"name":"(anonymous_14)","decl":{"start":{"line":118,"column":2},"end":{"line":118,"column":10}},"loc":{"start":{"line":118,"column":2},"end":{"line":128,"column":3}}},"7":{"name":"(anonymous_15)","decl":{"start":{"line":130,"column":2},"end":{"line":130,"column":15}},"loc":{"start":{"line":130,"column":2},"end":{"line":147,"column":null}}},"8":{"name":"(anonymous_18)","decl":{"start":{"line":149,"column":2},"end":{"line":149,"column":15}},"loc":{"start":{"line":150,"column":39},"end":{"line":170,"column":null}}},"9":{"name":"(anonymous_21)","decl":{"start":{"line":172,"column":2},"end":{"line":172,"column":15}},"loc":{"start":{"line":174,"column":20},"end":{"line":201,"column":null}}},"10":{"name":"(anonymous_24)","decl":{"start":{"line":203,"column":2},"end":{"line":203,"column":16}},"loc":{"start":{"line":203,"column":2},"end":{"line":209,"column":null}}}},"branchMap":{"0":{"loc":{"start":{"line":44,"column":4},"end":{"line":44,"column":28}},"type":"switch","locations":[{"start":{"line":44,"column":4},"end":{"line":44,"column":28}}]},"1":{"loc":{"start":{"line":74,"column":17},"end":{"line":76,"column":null}},"type":"switch","locations":[{"start":{"line":74,"column":17},"end":{"line":76,"column":null}}]},"2":{"loc":{"start":{"line":131,"column":4},"end":{"line":131,"column":30}},"type":"switch","locations":[{"start":{"line":131,"column":4},"end":{"line":131,"column":30}}]},"3":{"loc":{"start":{"line":134,"column":4},"end":{"line":139,"column":null}},"type":"if","locations":[{"start":{"line":134,"column":4},"end":{"line":139,"column":null}}]},"4":{"loc":{"start":{"line":152,"column":4},"end":{"line":152,"column":30}},"type":"switch","locations":[{"start":{"line":152,"column":4},"end":{"line":152,"column":30}}]},"5":{"loc":{"start":{"line":153,"column":4},"end":{"line":160,"column":null}},"type":"if","locations":[{"start":{"line":153,"column":4},"end":{"line":160,"column":null}}]},"6":{"loc":{"start":{"line":162,"column":4},"end":{"line":164,"column":null}},"type":"if","locations":[{"start":{"line":162,"column":4},"end":{"line":164,"column":null}}]},"7":{"loc":{"start":{"line":176,"column":4},"end":{"line":176,"column":30}},"type":"switch","locations":[{"start":{"line":176,"column":4},"end":{"line":176,"column":30}}]},"8":{"loc":{"start":{"line":177,"column":4},"end":{"line":184,"column":null}},"type":"if","locations":[{"start":{"line":177,"column":4},"end":{"line":184,"column":null}}]},"9":{"loc":{"start":{"line":187,"column":4},"end":{"line":189,"column":null}},"type":"if","locations":[{"start":{"line":187,"column":4},"end":{"line":189,"column":null}}]}},"s":{"0":0,"1":0,"2":0,"3":0,"4":0,"5":0,"6":0,"7":0,"8":0,"9":0,"10":0,"11":0,"12":0,"13":0,"14":0,"15":0,"16":0,"17":0,"18":0,"19":0,"20":0,"21":0,"22":0,"23":0,"24":0,"25":0,"26":0,"27":0,"28":0,"29":0,"30":0,"31":0,"32":0,"33":0,"34":0,"35":0,"36":0,"37":0,"38":0,"39":0,"40":0,"41":0,"42":0,"43":0,"44":0,"45":0,"46":0,"47":0,"48":0,"49":0,"50":0,"51":0,"52":0,"53":0,"54":0,"55":0,"56":0,"57":0,"58":0,"59":0,"60":0,"61":0,"62":0},"f":{"0":0,"1":0,"2":0,"3":0,"4":0,"5":0,"6":0,"7":0,"8":0,"9":0,"10":0},"b":{"0":[0],"1":[0],"2":[0],"3":[0],"4":[0],"5":[0],"6":[0],"7":[0],"8":[0],"9":[0]}}
}
