TN:
SF:src/index.ts
FNF:0
FNH:0
DA:1,0
DA:2,0
LF:2
LH:0
BRF:0
BRH:0
end_of_record
TN:
SF:src/revocation-service.ts
FN:13,(anonymous_0)
FN:36,RevocationService
FN:43,(anonymous_2)
FN:67,(anonymous_5)
FN:97,(anonymous_8)
FN:104,(anonymous_11)
FN:118,(anonymous_14)
FN:130,(anonymous_15)
FN:149,(anonymous_18)
FN:172,(anonymous_21)
FN:203,(anonymous_24)
FNF:11
FNH:0
FNDA:0,(anonymous_0)
FNDA:0,RevocationService
FNDA:0,(anonymous_2)
FNDA:0,(anonymous_5)
FNDA:0,(anonymous_8)
FNDA:0,(anonymous_11)
FNDA:0,(anonymous_14)
FNDA:0,(anonymous_15)
FNDA:0,(anonymous_18)
FNDA:0,(anonymous_21)
FNDA:0,(anonymous_24)
DA:1,0
DA:2,0
DA:13,0
DA:15,0
DA:18,0
DA:24,0
DA:43,0
DA:44,0
DA:67,0
DA:74,0
DA:77,0
DA:82,0
DA:97,0
DA:98,0
DA:99,0
DA:101,0
DA:104,0
DA:106,0
DA:110,0
DA:114,0
DA:118,0
DA:119,0
DA:124,0
DA:130,0
DA:131,0
DA:132,0
DA:133,0
DA:134,0
DA:138,0
DA:140,0
DA:141,0
DA:149,0
DA:152,0
DA:153,0
DA:157,0
DA:161,0
DA:162,0
DA:163,0
DA:166,0
DA:169,0
DA:172,0
DA:176,0
DA:177,0
DA:181,0
DA:185,0
DA:187,0
DA:188,0
DA:191,0
DA:194,0
DA:196,0
DA:200,0
DA:203,0
DA:208,0
DA:210,0
LF:54
LH:0
BRDA:44,0,0,0
BRDA:74,1,0,0
BRDA:131,2,0,0
BRDA:134,3,0,0
BRDA:152,4,0,0
BRDA:153,5,0,0
BRDA:162,6,0,0
BRDA:176,7,0,0
BRDA:177,8,0,0
BRDA:187,9,0,0
BRF:10
BRH:0
end_of_record
